{"C:\\Users\\matia\\Documents\\proyectos vs\\Practica-I---Alpha\\Testing\\backend\\src\\server.ts": {"path":"C:\\Users\\matia\\Documents\\proyectos vs\\Practica-I---Alpha\\Testing\\backend\\src\\server.ts","statementMap":{"0":{"start":{"line":30,"column":0},"end":{"line":43,"column":null}},"1":{"start":{"line":46,"column":21},"end":{"line":46,"column":33}},"2":{"start":{"line":47,"column":0},"end":{"line":47,"column":null}},"3":{"start":{"line":69,"column":15},"end":{"line":108,"column":null}},"4":{"start":{"line":71,"column":2},"end":{"line":105,"column":null}},"5":{"start":{"line":72,"column":4},"end":{"line":72,"column":null}},"6":{"start":{"line":74,"column":4},"end":{"line":78,"column":null}},"7":{"start":{"line":75,"column":6},"end":{"line":78,"column":null}},"8":{"start":{"line":81,"column":4},"end":{"line":81,"column":null}},"9":{"start":{"line":82,"column":4},"end":{"line":82,"column":null}},"10":{"start":{"line":83,"column":4},"end":{"line":83,"column":null}},"11":{"start":{"line":84,"column":4},"end":{"line":84,"column":null}},"12":{"start":{"line":85,"column":4},"end":{"line":85,"column":null}},"13":{"start":{"line":87,"column":4},"end":{"line":90,"column":null}},"14":{"start":{"line":88,"column":6},"end":{"line":88,"column":null}},"15":{"start":{"line":89,"column":6},"end":{"line":89,"column":null}},"16":{"start":{"line":90,"column":6},"end":{"line":90,"column":null}},"17":{"start":{"line":93,"column":24},"end":{"line":93,"column":59}},"18":{"start":{"line":94,"column":4},"end":{"line":94,"column":null}},"19":{"start":{"line":94,"column":21},"end":{"line":94,"column":null}},"20":{"start":{"line":96,"column":20},"end":{"line":96,"column":53}},"21":{"start":{"line":97,"column":4},"end":{"line":97,"column":null}},"22":{"start":{"line":97,"column":17},"end":{"line":97,"column":null}},"23":{"start":{"line":99,"column":4},"end":{"line":99,"column":null}},"24":{"start":{"line":102,"column":4},"end":{"line":102,"column":null}},"25":{"start":{"line":104,"column":4},"end":{"line":105,"column":null}},"26":{"start":{"line":105,"column":6},"end":{"line":105,"column":null}},"27":{"start":{"line":126,"column":2},"end":{"line":137,"column":null}},"28":{"start":{"line":127,"column":4},"end":{"line":127,"column":null}},"29":{"start":{"line":129,"column":4},"end":{"line":132,"column":null}},"30":{"start":{"line":130,"column":6},"end":{"line":130,"column":null}},"31":{"start":{"line":131,"column":6},"end":{"line":131,"column":null}},"32":{"start":{"line":134,"column":4},"end":{"line":134,"column":null}},"33":{"start":{"line":136,"column":4},"end":{"line":136,"column":null}},"34":{"start":{"line":137,"column":4},"end":{"line":137,"column":null}},"35":{"start":{"line":141,"column":0},"end":{"line":141,"column":null}}},"fnMap":{"0":{"name":"(anonymous_0)","decl":{"start":{"line":69,"column":33},"end":{"line":69,"column":40}},"loc":{"start":{"line":69,"column":53},"end":{"line":108,"column":null}},"line":69},"1":{"name":"bootstrap","decl":{"start":{"line":125,"column":15},"end":{"line":125,"column":42}},"loc":{"start":{"line":125,"column":42},"end":{"line":137,"column":null}},"line":125},"2":{"name":"(anonymous_2)","decl":{"start":{"line":129,"column":22},"end":{"line":129,"column":34}},"loc":{"start":{"line":129,"column":34},"end":{"line":132,"column":null}},"line":129}},"branchMap":{"0":{"loc":{"start":{"line":74,"column":4},"end":{"line":78,"column":null}},"type":"if","locations":[{"start":{"line":74,"column":4},"end":{"line":78,"column":null}},{"start":{},"end":{}}],"line":74},"1":{"loc":{"start":{"line":74,"column":8},"end":{"line":74,"column":50}},"type":"binary-expr","locations":[{"start":{"line":74,"column":8},"end":{"line":74,"column":19}},{"start":{"line":74,"column":19},"end":{"line":74,"column":50}}],"line":74},"2":{"loc":{"start":{"line":87,"column":4},"end":{"line":90,"column":null}},"type":"if","locations":[{"start":{"line":87,"column":4},"end":{"line":90,"column":null}},{"start":{},"end":{}}],"line":87},"3":{"loc":{"start":{"line":94,"column":4},"end":{"line":94,"column":null}},"type":"if","locations":[{"start":{"line":94,"column":4},"end":{"line":94,"column":null}},{"start":{},"end":{}}],"line":94},"4":{"loc":{"start":{"line":97,"column":4},"end":{"line":97,"column":null}},"type":"if","locations":[{"start":{"line":97,"column":4},"end":{"line":97,"column":null}},{"start":{},"end":{}}],"line":97},"5":{"loc":{"start":{"line":104,"column":4},"end":{"line":105,"column":null}},"type":"if","locations":[{"start":{"line":104,"column":4},"end":{"line":105,"column":null}},{"start":{},"end":{}}],"line":104}},"s":{"0":9,"1":9,"2":9,"3":9,"4":7,"5":7,"6":7,"7":1,"8":7,"9":7,"10":7,"11":7,"12":7,"13":7,"14":1,"15":1,"16":1,"17":6,"18":5,"19":1,"20":4,"21":4,"22":1,"23":3,"24":1,"25":1,"26":1,"27":9,"28":9,"29":8,"30":8,"31":8,"32":8,"33":1,"34":1,"35":9},"f":{"0":7,"1":9,"2":8},"b":{"0":[1,6],"1":[7,7],"2":[1,6],"3":[1,4],"4":[1,3],"5":[1,0]},"meta":{"lastBranch":6,"lastFunction":3,"lastStatement":36,"seen":{"s:30:0:43:Infinity":0,"s:46:21:46:33":1,"s:47:0:47:Infinity":2,"s:69:15:108:Infinity":3,"f:69:33:69:40":0,"s:71:2:105:Infinity":4,"s:72:4:72:Infinity":5,"b:74:4:78:Infinity:undefined:undefined:undefined:undefined":0,"s:74:4:78:Infinity":6,"b:74:8:74:19:74:19:74:50":1,"s:75:6:78:Infinity":7,"s:81:4:81:Infinity":8,"s:82:4:82:Infinity":9,"s:83:4:83:Infinity":10,"s:84:4:84:Infinity":11,"s:85:4:85:Infinity":12,"b:87:4:90:Infinity:undefined:undefined:undefined:undefined":2,"s:87:4:90:Infinity":13,"s:88:6:88:Infinity":14,"s:89:6:89:Infinity":15,"s:90:6:90:Infinity":16,"s:93:24:93:59":17,"b:94:4:94:Infinity:undefined:undefined:undefined:undefined":3,"s:94:4:94:Infinity":18,"s:94:21:94:Infinity":19,"s:96:20:96:53":20,"b:97:4:97:Infinity:undefined:undefined:undefined:undefined":4,"s:97:4:97:Infinity":21,"s:97:17:97:Infinity":22,"s:99:4:99:Infinity":23,"s:102:4:102:Infinity":24,"b:104:4:105:Infinity:undefined:undefined:undefined:undefined":5,"s:104:4:105:Infinity":25,"s:105:6:105:Infinity":26,"f:125:15:125:42":1,"s:126:2:137:Infinity":27,"s:127:4:127:Infinity":28,"s:129:4:132:Infinity":29,"f:129:22:129:34":2,"s:130:6:130:Infinity":30,"s:131:6:131:Infinity":31,"s:134:4:134:Infinity":32,"s:136:4:136:Infinity":33,"s:137:4:137:Infinity":34,"s:141:0:141:Infinity":35}}}
,"C:\\Users\\matia\\Documents\\proyectos vs\\Practica-I---Alpha\\Testing\\backend\\src\\config\\db.ts": {"path":"C:\\Users\\matia\\Documents\\proyectos vs\\Practica-I---Alpha\\Testing\\backend\\src\\config\\db.ts","statementMap":{"0":{"start":{"line":28,"column":20},"end":{"line":34,"column":2}},"1":{"start":{"line":44,"column":17},"end":{"line":44,"column":37}},"2":{"start":{"line":46,"column":2},"end":{"line":50,"column":null}},"3":{"start":{"line":47,"column":4},"end":{"line":47,"column":null}},"4":{"start":{"line":48,"column":4},"end":{"line":48,"column":null}},"5":{"start":{"line":50,"column":4},"end":{"line":50,"column":null}}},"fnMap":{"0":{"name":"testDbConnection","decl":{"start":{"line":43,"column":22},"end":{"line":43,"column":56}},"loc":{"start":{"line":43,"column":56},"end":{"line":50,"column":null}},"line":43}},"branchMap":{},"s":{"0":25,"1":2,"2":2,"3":2,"4":1,"5":2},"f":{"0":2},"b":{},"meta":{"lastBranch":0,"lastFunction":1,"lastStatement":6,"seen":{"s:28:20:34:2":0,"f:43:22:43:56":0,"s:44:17:44:37":1,"s:46:2:50:Infinity":2,"s:47:4:47:Infinity":3,"s:48:4:48:Infinity":4,"s:50:4:50:Infinity":5}}}
,"C:\\Users\\matia\\Documents\\proyectos vs\\Practica-I---Alpha\\Testing\\backend\\src\\config\\env.ts": {"path":"C:\\Users\\matia\\Documents\\proyectos vs\\Practica-I---Alpha\\Testing\\backend\\src\\config\\env.ts","statementMap":{"0":{"start":{"line":23,"column":0},"end":{"line":23,"column":null}},"1":{"start":{"line":37,"column":16},"end":{"line":37,"column":null}},"2":{"start":{"line":39,"column":2},"end":{"line":40,"column":null}},"3":{"start":{"line":40,"column":4},"end":{"line":40,"column":null}},"4":{"start":{"line":43,"column":2},"end":{"line":44,"column":null}},"5":{"start":{"line":44,"column":4},"end":{"line":44,"column":null}},"6":{"start":{"line":47,"column":2},"end":{"line":47,"column":null}},"7":{"start":{"line":62,"column":14},"end":{"line":62,"column":null}},"8":{"start":{"line":64,"column":2},"end":{"line":65,"column":null}},"9":{"start":{"line":65,"column":4},"end":{"line":65,"column":null}},"10":{"start":{"line":68,"column":2},"end":{"line":69,"column":null}},"11":{"start":{"line":69,"column":4},"end":{"line":69,"column":null}},"12":{"start":{"line":72,"column":17},"end":{"line":72,"column":28}},"13":{"start":{"line":74,"column":2},"end":{"line":75,"column":null}},"14":{"start":{"line":75,"column":4},"end":{"line":75,"column":null}},"15":{"start":{"line":78,"column":2},"end":{"line":79,"column":null}},"16":{"start":{"line":79,"column":4},"end":{"line":79,"column":null}},"17":{"start":{"line":82,"column":2},"end":{"line":82,"column":null}},"18":{"start":{"line":85,"column":24},"end":{"line":85,"column":64}},"19":{"start":{"line":86,"column":25},"end":{"line":86,"column":65}},"20":{"start":{"line":95,"column":19},"end":{"line":128,"column":null}}},"fnMap":{"0":{"name":"getEnv","decl":{"start":{"line":36,"column":9},"end":{"line":36,"column":16}},"loc":{"start":{"line":36,"column":61},"end":{"line":47,"column":null}},"line":36},"1":{"name":"getNumberEnv","decl":{"start":{"line":61,"column":9},"end":{"line":61,"column":22}},"loc":{"start":{"line":61,"column":67},"end":{"line":82,"column":null}},"line":61}},"branchMap":{"0":{"loc":{"start":{"line":37,"column":16},"end":{"line":37,"column":null}},"type":"binary-expr","locations":[{"start":{"line":37,"column":16},"end":{"line":37,"column":37}},{"start":{"line":37,"column":37},"end":{"line":37,"column":null}}],"line":37},"1":{"loc":{"start":{"line":39,"column":2},"end":{"line":40,"column":null}},"type":"if","locations":[{"start":{"line":39,"column":2},"end":{"line":40,"column":null}},{"start":{},"end":{}}],"line":39},"2":{"loc":{"start":{"line":39,"column":2},"end":{"line":39,"column":62}},"type":"binary-expr","locations":[{"start":{"line":39,"column":2},"end":{"line":39,"column":41}},{"start":{"line":39,"column":41},"end":{"line":39,"column":62}}],"line":39},"3":{"loc":{"start":{"line":43,"column":2},"end":{"line":44,"column":null}},"type":"if","locations":[{"start":{"line":43,"column":2},"end":{"line":44,"column":null}},{"start":{},"end":{}}],"line":43},"4":{"loc":{"start":{"line":62,"column":14},"end":{"line":62,"column":null}},"type":"binary-expr","locations":[{"start":{"line":62,"column":14},"end":{"line":62,"column":36}},{"start":{"line":62,"column":36},"end":{"line":62,"column":null}}],"line":62},"5":{"loc":{"start":{"line":62,"column":36},"end":{"line":62,"column":null}},"type":"cond-expr","locations":[{"start":{"line":62,"column":65},"end":{"line":62,"column":85}},{"start":{"line":62,"column":88},"end":{"line":62,"column":null}}],"line":62},"6":{"loc":{"start":{"line":64,"column":2},"end":{"line":65,"column":null}},"type":"if","locations":[{"start":{"line":64,"column":2},"end":{"line":65,"column":null}},{"start":{},"end":{}}],"line":64},"7":{"loc":{"start":{"line":64,"column":2},"end":{"line":64,"column":60}},"type":"binary-expr","locations":[{"start":{"line":64,"column":2},"end":{"line":64,"column":41}},{"start":{"line":64,"column":41},"end":{"line":64,"column":60}}],"line":64},"8":{"loc":{"start":{"line":68,"column":2},"end":{"line":69,"column":null}},"type":"if","locations":[{"start":{"line":68,"column":2},"end":{"line":69,"column":null}},{"start":{},"end":{}}],"line":68},"9":{"loc":{"start":{"line":74,"column":2},"end":{"line":75,"column":null}},"type":"if","locations":[{"start":{"line":74,"column":2},"end":{"line":75,"column":null}},{"start":{},"end":{}}],"line":74},"10":{"loc":{"start":{"line":74,"column":2},"end":{"line":74,"column":61}},"type":"binary-expr","locations":[{"start":{"line":74,"column":2},"end":{"line":74,"column":41}},{"start":{"line":74,"column":41},"end":{"line":74,"column":61}}],"line":74},"11":{"loc":{"start":{"line":78,"column":2},"end":{"line":79,"column":null}},"type":"if","locations":[{"start":{"line":78,"column":2},"end":{"line":79,"column":null}},{"start":{},"end":{}}],"line":78},"12":{"loc":{"start":{"line":119,"column":2},"end":{"line":119,"column":null}},"type":"binary-expr","locations":[{"start":{"line":119,"column":2},"end":{"line":119,"column":67}},{"start":{"line":119,"column":71},"end":{"line":119,"column":null}}],"line":119},"13":{"loc":{"start":{"line":120,"column":2},"end":{"line":120,"column":null}},"type":"binary-expr","locations":[{"start":{"line":120,"column":2},"end":{"line":120,"column":69}},{"start":{"line":120,"column":73},"end":{"line":120,"column":null}}],"line":120}},"s":{"0":22,"1":418,"2":418,"3":0,"4":418,"5":0,"6":418,"7":66,"8":66,"9":0,"10":66,"11":0,"12":66,"13":66,"14":0,"15":66,"16":0,"17":66,"18":22,"19":22,"20":22},"f":{"0":418,"1":66},"b":{"0":[418,0],"1":[0,418],"2":[418,418],"3":[0,418],"4":[66,0],"5":[0,0],"6":[0,66],"7":[66,66],"8":[0,66],"9":[0,66],"10":[66,66],"11":[0,66],"12":[22,0],"13":[22,0]},"meta":{"lastBranch":14,"lastFunction":2,"lastStatement":21,"seen":{"s:23:0:23:Infinity":0,"f:36:9:36:16":0,"s:37:16:37:Infinity":1,"b:37:16:37:37:37:37:37:Infinity":0,"b:39:2:40:Infinity:undefined:undefined:undefined:undefined":1,"s:39:2:40:Infinity":2,"b:39:2:39:41:39:41:39:62":2,"s:40:4:40:Infinity":3,"b:43:2:44:Infinity:undefined:undefined:undefined:undefined":3,"s:43:2:44:Infinity":4,"s:44:4:44:Infinity":5,"s:47:2:47:Infinity":6,"f:61:9:61:22":1,"s:62:14:62:Infinity":7,"b:62:14:62:36:62:36:62:Infinity":4,"b:62:65:62:85:62:88:62:Infinity":5,"b:64:2:65:Infinity:undefined:undefined:undefined:undefined":6,"s:64:2:65:Infinity":8,"b:64:2:64:41:64:41:64:60":7,"s:65:4:65:Infinity":9,"b:68:2:69:Infinity:undefined:undefined:undefined:undefined":8,"s:68:2:69:Infinity":10,"s:69:4:69:Infinity":11,"s:72:17:72:28":12,"b:74:2:75:Infinity:undefined:undefined:undefined:undefined":9,"s:74:2:75:Infinity":13,"b:74:2:74:41:74:41:74:61":10,"s:75:4:75:Infinity":14,"b:78:2:79:Infinity:undefined:undefined:undefined:undefined":11,"s:78:2:79:Infinity":15,"s:79:4:79:Infinity":16,"s:82:2:82:Infinity":17,"s:85:24:85:64":18,"s:86:25:86:65":19,"s:95:19:128:Infinity":20,"b:119:2:119:67:119:71:119:Infinity":12,"b:120:2:120:69:120:73:120:Infinity":13}}}
,"C:\\Users\\matia\\Documents\\proyectos vs\\Practica-I---Alpha\\Testing\\backend\\src\\config\\s3.ts": {"path":"C:\\Users\\matia\\Documents\\proyectos vs\\Practica-I---Alpha\\Testing\\backend\\src\\config\\s3.ts","statementMap":{"0":{"start":{"line":32,"column":24},"end":{"line":40,"column":2}}},"fnMap":{},"branchMap":{},"s":{"0":16},"f":{},"b":{},"meta":{"lastBranch":0,"lastFunction":0,"lastStatement":1,"seen":{"s:32:24:40:2":0}}}
,"C:\\Users\\matia\\Documents\\proyectos vs\\Practica-I---Alpha\\Testing\\backend\\src\\middlewares\\auth.middleware.ts": {"path":"C:\\Users\\matia\\Documents\\proyectos vs\\Practica-I---Alpha\\Testing\\backend\\src\\middlewares\\auth.middleware.ts","statementMap":{"0":{"start":{"line":33,"column":2},"end":{"line":44,"column":null}},"1":{"start":{"line":34,"column":20},"end":{"line":34,"column":42}},"2":{"start":{"line":36,"column":4},"end":{"line":36,"column":null}},"3":{"start":{"line":38,"column":4},"end":{"line":38,"column":null}},"4":{"start":{"line":40,"column":19},"end":{"line":40,"column":null}},"5":{"start":{"line":41,"column":20},"end":{"line":41,"column":null}},"6":{"start":{"line":43,"column":4},"end":{"line":43,"column":null}},"7":{"start":{"line":44,"column":4},"end":{"line":44,"column":null}},"8":{"start":{"line":56,"column":2},"end":{"line":72,"column":null}},"9":{"start":{"line":58,"column":27},"end":{"line":58,"column":57}},"10":{"start":{"line":60,"column":4},"end":{"line":60,"column":null}},"11":{"start":{"line":60,"column":24},"end":{"line":60,"column":null}},"12":{"start":{"line":62,"column":38},"end":{"line":62,"column":65}},"13":{"start":{"line":64,"column":4},"end":{"line":69,"column":null}},"14":{"start":{"line":65,"column":6},"end":{"line":68,"column":null}},"15":{"start":{"line":69,"column":6},"end":{"line":69,"column":null}},"16":{"start":{"line":72,"column":4},"end":{"line":72,"column":null}},"17":{"start":{"line":85,"column":25},"end":{"line":85,"column":55}},"18":{"start":{"line":87,"column":2},"end":{"line":87,"column":null}},"19":{"start":{"line":87,"column":22},"end":{"line":87,"column":null}},"20":{"start":{"line":89,"column":2},"end":{"line":89,"column":null}}},"fnMap":{"0":{"name":"authMiddleware","decl":{"start":{"line":32,"column":22},"end":{"line":32,"column":37}},"loc":{"start":{"line":32,"column":99},"end":{"line":44,"column":null}},"line":32},"1":{"name":"requirePermission","decl":{"start":{"line":55,"column":16},"end":{"line":55,"column":34}},"loc":{"start":{"line":55,"column":62},"end":{"line":72,"column":null}},"line":55},"2":{"name":"(anonymous_2)","decl":{"start":{"line":56,"column":9},"end":{"line":56,"column":16}},"loc":{"start":{"line":56,"column":81},"end":{"line":72,"column":null}},"line":56},"3":{"name":"requireLogin","decl":{"start":{"line":84,"column":22},"end":{"line":84,"column":35}},"loc":{"start":{"line":84,"column":97},"end":{"line":89,"column":null}},"line":84}},"branchMap":{"0":{"loc":{"start":{"line":40,"column":19},"end":{"line":40,"column":null}},"type":"cond-expr","locations":[{"start":{"line":40,"column":47},"end":{"line":40,"column":66}},{"start":{"line":40,"column":66},"end":{"line":40,"column":null}}],"line":40},"1":{"loc":{"start":{"line":41,"column":20},"end":{"line":41,"column":null}},"type":"cond-expr","locations":[{"start":{"line":41,"column":48},"end":{"line":41,"column":64}},{"start":{"line":41,"column":64},"end":{"line":41,"column":null}}],"line":41},"2":{"loc":{"start":{"line":60,"column":4},"end":{"line":60,"column":null}},"type":"if","locations":[{"start":{"line":60,"column":4},"end":{"line":60,"column":null}},{"start":{},"end":{}}],"line":60},"3":{"loc":{"start":{"line":62,"column":38},"end":{"line":62,"column":65}},"type":"binary-expr","locations":[{"start":{"line":62,"column":38},"end":{"line":62,"column":63}},{"start":{"line":62,"column":63},"end":{"line":62,"column":65}}],"line":62},"4":{"loc":{"start":{"line":64,"column":4},"end":{"line":69,"column":null}},"type":"if","locations":[{"start":{"line":64,"column":4},"end":{"line":69,"column":null}},{"start":{},"end":{}}],"line":64},"5":{"loc":{"start":{"line":87,"column":2},"end":{"line":87,"column":null}},"type":"if","locations":[{"start":{"line":87,"column":2},"end":{"line":87,"column":null}},{"start":{},"end":{}}],"line":87}},"s":{"0":8,"1":8,"2":4,"3":4,"4":4,"5":4,"6":4,"7":4,"8":348,"9":3,"10":3,"11":1,"12":2,"13":3,"14":1,"15":1,"16":1,"17":2,"18":2,"19":1,"20":1},"f":{"0":8,"1":348,"2":3,"3":2},"b":{"0":[2,2],"1":[2,2],"2":[1,2],"3":[2,0],"4":[1,2],"5":[1,1]},"meta":{"lastBranch":6,"lastFunction":4,"lastStatement":21,"seen":{"f:32:22:32:37":0,"s:33:2:44:Infinity":0,"s:34:20:34:42":1,"s:36:4:36:Infinity":2,"s:38:4:38:Infinity":3,"s:40:19:40:Infinity":4,"b:40:47:40:66:40:66:40:Infinity":0,"s:41:20:41:Infinity":5,"b:41:48:41:64:41:64:41:Infinity":1,"s:43:4:43:Infinity":6,"s:44:4:44:Infinity":7,"f:55:16:55:34":1,"s:56:2:72:Infinity":8,"f:56:9:56:16":2,"s:58:27:58:57":9,"b:60:4:60:Infinity:undefined:undefined:undefined:undefined":2,"s:60:4:60:Infinity":10,"s:60:24:60:Infinity":11,"s:62:38:62:65":12,"b:62:38:62:63:62:63:62:65":3,"b:64:4:69:Infinity:undefined:undefined:undefined:undefined":4,"s:64:4:69:Infinity":13,"s:65:6:68:Infinity":14,"s:69:6:69:Infinity":15,"s:72:4:72:Infinity":16,"f:84:22:84:35":3,"s:85:25:85:55":17,"b:87:2:87:Infinity:undefined:undefined:undefined:undefined":5,"s:87:2:87:Infinity":18,"s:87:22:87:Infinity":19,"s:89:2:89:Infinity":20}}}
,"C:\\Users\\matia\\Documents\\proyectos vs\\Practica-I---Alpha\\Testing\\backend\\src\\repositories\\auth.repository.ts": {"path":"C:\\Users\\matia\\Documents\\proyectos vs\\Practica-I---Alpha\\Testing\\backend\\src\\repositories\\auth.repository.ts","statementMap":{"0":{"start":{"line":40,"column":16},"end":{"line":40,"column":null}},"1":{"start":{"line":47,"column":19},"end":{"line":47,"column":71}},"2":{"start":{"line":48,"column":2},"end":{"line":48,"column":null}},"3":{"start":{"line":59,"column":16},"end":{"line":59,"column":null}},"4":{"start":{"line":74,"column":19},"end":{"line":74,"column":60}},"5":{"start":{"line":75,"column":2},"end":{"line":75,"column":null}},"6":{"start":{"line":85,"column":16},"end":{"line":85,"column":null}},"7":{"start":{"line":100,"column":19},"end":{"line":100,"column":63}},"8":{"start":{"line":101,"column":2},"end":{"line":101,"column":null}},"9":{"start":{"line":112,"column":16},"end":{"line":112,"column":null}},"10":{"start":{"line":138,"column":17},"end":{"line":145,"column":null}},"11":{"start":{"line":147,"column":19},"end":{"line":147,"column":64}},"12":{"start":{"line":148,"column":2},"end":{"line":148,"column":null}},"13":{"start":{"line":161,"column":16},"end":{"line":161,"column":null}},"14":{"start":{"line":193,"column":17},"end":{"line":199,"column":null}},"15":{"start":{"line":201,"column":19},"end":{"line":203,"column":null}},"16":{"start":{"line":206,"column":2},"end":{"line":206,"column":null}},"17":{"start":{"line":217,"column":16},"end":{"line":217,"column":null}},"18":{"start":{"line":245,"column":19},"end":{"line":245,"column":65}},"19":{"start":{"line":246,"column":2},"end":{"line":246,"column":null}},"20":{"start":{"line":257,"column":16},"end":{"line":257,"column":null}},"21":{"start":{"line":270,"column":19},"end":{"line":270,"column":65}},"22":{"start":{"line":271,"column":2},"end":{"line":271,"column":null}},"23":{"start":{"line":286,"column":16},"end":{"line":286,"column":null}},"24":{"start":{"line":312,"column":19},"end":{"line":312,"column":89}},"25":{"start":{"line":313,"column":2},"end":{"line":313,"column":null}},"26":{"start":{"line":324,"column":16},"end":{"line":324,"column":null}},"27":{"start":{"line":332,"column":2},"end":{"line":332,"column":null}},"28":{"start":{"line":342,"column":16},"end":{"line":342,"column":null}},"29":{"start":{"line":351,"column":2},"end":{"line":351,"column":null}},"30":{"start":{"line":362,"column":16},"end":{"line":362,"column":null}},"31":{"start":{"line":370,"column":2},"end":{"line":370,"column":null}},"32":{"start":{"line":381,"column":16},"end":{"line":381,"column":null}},"33":{"start":{"line":389,"column":2},"end":{"line":389,"column":null}},"34":{"start":{"line":399,"column":16},"end":{"line":399,"column":null}},"35":{"start":{"line":407,"column":2},"end":{"line":407,"column":null}},"36":{"start":{"line":417,"column":16},"end":{"line":417,"column":null}},"37":{"start":{"line":423,"column":2},"end":{"line":423,"column":null}},"38":{"start":{"line":434,"column":16},"end":{"line":434,"column":null}},"39":{"start":{"line":440,"column":2},"end":{"line":440,"column":null}},"40":{"start":{"line":450,"column":16},"end":{"line":450,"column":null}},"41":{"start":{"line":460,"column":2},"end":{"line":460,"column":null}},"42":{"start":{"line":471,"column":16},"end":{"line":471,"column":null}},"43":{"start":{"line":505,"column":17},"end":{"line":515,"column":null}},"44":{"start":{"line":517,"column":19},"end":{"line":517,"column":63}},"45":{"start":{"line":518,"column":2},"end":{"line":518,"column":null}},"46":{"start":{"line":528,"column":16},"end":{"line":528,"column":null}},"47":{"start":{"line":547,"column":19},"end":{"line":547,"column":68}},"48":{"start":{"line":548,"column":2},"end":{"line":548,"column":null}},"49":{"start":{"line":563,"column":16},"end":{"line":563,"column":null}},"50":{"start":{"line":573,"column":2},"end":{"line":573,"column":null}},"51":{"start":{"line":583,"column":16},"end":{"line":583,"column":null}},"52":{"start":{"line":591,"column":2},"end":{"line":591,"column":null}},"53":{"start":{"line":602,"column":16},"end":{"line":602,"column":null}},"54":{"start":{"line":630,"column":19},"end":{"line":630,"column":69}},"55":{"start":{"line":631,"column":2},"end":{"line":631,"column":null}},"56":{"start":{"line":649,"column":16},"end":{"line":649,"column":null}},"57":{"start":{"line":669,"column":19},"end":{"line":674,"column":4}},"58":{"start":{"line":676,"column":2},"end":{"line":676,"column":null}},"59":{"start":{"line":691,"column":16},"end":{"line":691,"column":null}},"60":{"start":{"line":702,"column":2},"end":{"line":702,"column":null}},"61":{"start":{"line":719,"column":16},"end":{"line":719,"column":null}},"62":{"start":{"line":729,"column":2},"end":{"line":729,"column":null}},"63":{"start":{"line":745,"column":16},"end":{"line":745,"column":null}},"64":{"start":{"line":754,"column":2},"end":{"line":754,"column":null}},"65":{"start":{"line":768,"column":16},"end":{"line":768,"column":null}},"66":{"start":{"line":773,"column":2},"end":{"line":773,"column":null}},"67":{"start":{"line":790,"column":16},"end":{"line":790,"column":null}},"68":{"start":{"line":797,"column":2},"end":{"line":797,"column":null}},"69":{"start":{"line":811,"column":16},"end":{"line":811,"column":null}},"70":{"start":{"line":820,"column":19},"end":{"line":820,"column":88}},"71":{"start":{"line":821,"column":2},"end":{"line":821,"column":null}},"72":{"start":{"line":835,"column":16},"end":{"line":835,"column":null}},"73":{"start":{"line":843,"column":2},"end":{"line":843,"column":null}},"74":{"start":{"line":861,"column":16},"end":{"line":861,"column":null}},"75":{"start":{"line":878,"column":2},"end":{"line":878,"column":null}},"76":{"start":{"line":890,"column":16},"end":{"line":890,"column":null}},"77":{"start":{"line":898,"column":19},"end":{"line":898,"column":112}},"78":{"start":{"line":899,"column":2},"end":{"line":899,"column":null}},"79":{"start":{"line":911,"column":16},"end":{"line":911,"column":null}},"80":{"start":{"line":916,"column":2},"end":{"line":916,"column":null}},"81":{"start":{"line":927,"column":16},"end":{"line":927,"column":null}},"82":{"start":{"line":938,"column":19},"end":{"line":938,"column":42}},"83":{"start":{"line":939,"column":2},"end":{"line":939,"column":null}},"84":{"start":{"line":951,"column":16},"end":{"line":951,"column":null}},"85":{"start":{"line":957,"column":23},"end":{"line":957,"column":67}},"86":{"start":{"line":958,"column":2},"end":{"line":958,"column":null}},"87":{"start":{"line":968,"column":16},"end":{"line":968,"column":null}},"88":{"start":{"line":974,"column":19},"end":{"line":974,"column":52}},"89":{"start":{"line":975,"column":2},"end":{"line":975,"column":null}},"90":{"start":{"line":986,"column":16},"end":{"line":986,"column":null}},"91":{"start":{"line":987,"column":23},"end":{"line":987,"column":56}},"92":{"start":{"line":988,"column":2},"end":{"line":988,"column":null}},"93":{"start":{"line":1003,"column":2},"end":{"line":1010,"column":null}},"94":{"start":{"line":1004,"column":18},"end":{"line":1004,"column":null}},"95":{"start":{"line":1005,"column":25},"end":{"line":1005,"column":93}},"96":{"start":{"line":1006,"column":4},"end":{"line":1006,"column":null}},"97":{"start":{"line":1008,"column":18},"end":{"line":1008,"column":null}},"98":{"start":{"line":1009,"column":25},"end":{"line":1009,"column":79}},"99":{"start":{"line":1010,"column":4},"end":{"line":1010,"column":null}},"100":{"start":{"line":1021,"column":16},"end":{"line":1021,"column":null}},"101":{"start":{"line":1027,"column":19},"end":{"line":1027,"column":42}},"102":{"start":{"line":1028,"column":2},"end":{"line":1028,"column":null}}},"fnMap":{"0":{"name":"findRoleIdByCode","decl":{"start":{"line":39,"column":22},"end":{"line":39,"column":39}},"loc":{"start":{"line":39,"column":77},"end":{"line":48,"column":null}},"line":39},"1":{"name":"findAccountByEmail","decl":{"start":{"line":58,"column":22},"end":{"line":58,"column":41}},"loc":{"start":{"line":58,"column":81},"end":{"line":75,"column":null}},"line":58},"2":{"name":"findAccountByUsername","decl":{"start":{"line":84,"column":22},"end":{"line":84,"column":44}},"loc":{"start":{"line":84,"column":87},"end":{"line":101,"column":null}},"line":84},"3":{"name":"createAccount","decl":{"start":{"line":111,"column":22},"end":{"line":111,"column":36}},"loc":{"start":{"line":111,"column":86},"end":{"line":148,"column":null}},"line":111},"4":{"name":"createVerificationCode","decl":{"start":{"line":158,"column":22},"end":{"line":158,"column":null}},"loc":{"start":{"line":160,"column":72},"end":{"line":206,"column":null}},"line":160},"5":{"name":"findAccountLoginByEmail","decl":{"start":{"line":216,"column":22},"end":{"line":216,"column":46}},"loc":{"start":{"line":216,"column":91},"end":{"line":246,"column":null}},"line":216},"6":{"name":"findAccountBasicByEmail","decl":{"start":{"line":256,"column":22},"end":{"line":256,"column":46}},"loc":{"start":{"line":256,"column":91},"end":{"line":271,"column":null}},"line":256},"7":{"name":"findLatestVerificationCodeByAccountId","decl":{"start":{"line":282,"column":22},"end":{"line":282,"column":null}},"loc":{"start":{"line":285,"column":42},"end":{"line":313,"column":null}},"line":285},"8":{"name":"incrementFailedLoginAttempts","decl":{"start":{"line":323,"column":22},"end":{"line":323,"column":51}},"loc":{"start":{"line":323,"column":85},"end":{"line":332,"column":null}},"line":323},"9":{"name":"resetFailedLoginAttempts","decl":{"start":{"line":341,"column":22},"end":{"line":341,"column":47}},"loc":{"start":{"line":341,"column":81},"end":{"line":351,"column":null}},"line":341},"10":{"name":"lockAccountUntil","decl":{"start":{"line":361,"column":22},"end":{"line":361,"column":39}},"loc":{"start":{"line":361,"column":92},"end":{"line":370,"column":null}},"line":361},"11":{"name":"updateAccountStatus","decl":{"start":{"line":380,"column":22},"end":{"line":380,"column":42}},"loc":{"start":{"line":380,"column":92},"end":{"line":389,"column":null}},"line":380},"12":{"name":"updateLastLoginAt","decl":{"start":{"line":398,"column":22},"end":{"line":398,"column":40}},"loc":{"start":{"line":398,"column":74},"end":{"line":407,"column":null}},"line":398},"13":{"name":"incrementVerificationAttempts","decl":{"start":{"line":416,"column":22},"end":{"line":416,"column":52}},"loc":{"start":{"line":416,"column":95},"end":{"line":423,"column":null}},"line":416},"14":{"name":"consumeVerificationCode","decl":{"start":{"line":433,"column":22},"end":{"line":433,"column":46}},"loc":{"start":{"line":433,"column":89},"end":{"line":440,"column":null}},"line":433},"15":{"name":"activateAccount","decl":{"start":{"line":449,"column":22},"end":{"line":449,"column":38}},"loc":{"start":{"line":449,"column":72},"end":{"line":460,"column":null}},"line":449},"16":{"name":"createAuthSession","decl":{"start":{"line":470,"column":22},"end":{"line":470,"column":40}},"loc":{"start":{"line":470,"column":93},"end":{"line":518,"column":null}},"line":470},"17":{"name":"findAuthSessionById","decl":{"start":{"line":527,"column":22},"end":{"line":527,"column":42}},"loc":{"start":{"line":527,"column":99},"end":{"line":548,"column":null}},"line":527},"18":{"name":"revokeAuthSession","decl":{"start":{"line":559,"column":22},"end":{"line":559,"column":null}},"loc":{"start":{"line":562,"column":17},"end":{"line":573,"column":null}},"line":562},"19":{"name":"updateAuthSessionLastUsed","decl":{"start":{"line":582,"column":22},"end":{"line":582,"column":48}},"loc":{"start":{"line":582,"column":82},"end":{"line":591,"column":null}},"line":582},"20":{"name":"findAccountByIdForSession","decl":{"start":{"line":601,"column":22},"end":{"line":601,"column":48}},"loc":{"start":{"line":601,"column":106},"end":{"line":631,"column":null}},"line":601},"21":{"name":"rotateAuthSessionRefreshToken","decl":{"start":{"line":643,"column":22},"end":{"line":643,"column":null}},"loc":{"start":{"line":648,"column":31},"end":{"line":676,"column":null}},"line":648},"22":{"name":"revokeAllActiveSessionsByAccountId","decl":{"start":{"line":687,"column":22},"end":{"line":687,"column":null}},"loc":{"start":{"line":690,"column":17},"end":{"line":702,"column":null}},"line":690},"23":{"name":"invalidateActiveVerificationCodes","decl":{"start":{"line":714,"column":22},"end":{"line":714,"column":null}},"loc":{"start":{"line":718,"column":17},"end":{"line":729,"column":null}},"line":718},"24":{"name":"markVerificationCodeResent","decl":{"start":{"line":740,"column":22},"end":{"line":740,"column":null}},"loc":{"start":{"line":744,"column":17},"end":{"line":754,"column":null}},"line":744},"25":{"name":"blockVerificationCodeUntil","decl":{"start":{"line":764,"column":22},"end":{"line":764,"column":null}},"loc":{"start":{"line":767,"column":17},"end":{"line":773,"column":null}},"line":767},"26":{"name":"createPasswordResetToken","decl":{"start":{"line":785,"column":22},"end":{"line":785,"column":null}},"loc":{"start":{"line":789,"column":17},"end":{"line":797,"column":null}},"line":789},"27":{"name":"findValidVerificationCodeByHash","decl":{"start":{"line":807,"column":22},"end":{"line":807,"column":null}},"loc":{"start":{"line":810,"column":42},"end":{"line":821,"column":null}},"line":810},"28":{"name":"updateAccountPassword","decl":{"start":{"line":831,"column":22},"end":{"line":831,"column":null}},"loc":{"start":{"line":834,"column":17},"end":{"line":843,"column":null}},"line":834},"29":{"name":"createRevalidationCode","decl":{"start":{"line":855,"column":22},"end":{"line":855,"column":null}},"loc":{"start":{"line":860,"column":17},"end":{"line":878,"column":null}},"line":860},"30":{"name":"findValidPasswordResetToken","decl":{"start":{"line":887,"column":22},"end":{"line":887,"column":null}},"loc":{"start":{"line":889,"column":75},"end":{"line":899,"column":null}},"line":889},"31":{"name":"consumePasswordResetToken","decl":{"start":{"line":908,"column":22},"end":{"line":908,"column":null}},"loc":{"start":{"line":910,"column":17},"end":{"line":916,"column":null}},"line":910},"32":{"name":"fetchAllUsersFromDb","decl":{"start":{"line":926,"column":22},"end":{"line":926,"column":44}},"loc":{"start":{"line":926,"column":44},"end":{"line":939,"column":null}},"line":926},"33":{"name":"updateUserStatusInDb","decl":{"start":{"line":950,"column":22},"end":{"line":950,"column":43}},"loc":{"start":{"line":950,"column":87},"end":{"line":958,"column":null}},"line":950},"34":{"name":"getUserRoleCodeById","decl":{"start":{"line":967,"column":22},"end":{"line":967,"column":42}},"loc":{"start":{"line":967,"column":67},"end":{"line":975,"column":null}},"line":967},"35":{"name":"deleteUserFromDb","decl":{"start":{"line":985,"column":22},"end":{"line":985,"column":39}},"loc":{"start":{"line":985,"column":64},"end":{"line":988,"column":null}},"line":985},"36":{"name":"updateUserAdminInDb","decl":{"start":{"line":1002,"column":22},"end":{"line":1002,"column":42}},"loc":{"start":{"line":1002,"column":135},"end":{"line":1010,"column":null}},"line":1002},"37":{"name":"fetchActiveRolesFromDb","decl":{"start":{"line":1020,"column":22},"end":{"line":1020,"column":47}},"loc":{"start":{"line":1020,"column":47},"end":{"line":1028,"column":null}},"line":1020}},"branchMap":{"0":{"loc":{"start":{"line":48,"column":9},"end":{"line":48,"column":null}},"type":"binary-expr","locations":[{"start":{"line":48,"column":9},"end":{"line":48,"column":29}},{"start":{"line":48,"column":29},"end":{"line":48,"column":null}}],"line":48},"1":{"loc":{"start":{"line":75,"column":9},"end":{"line":75,"column":null}},"type":"binary-expr","locations":[{"start":{"line":75,"column":9},"end":{"line":75,"column":20}},{"start":{"line":75,"column":20},"end":{"line":75,"column":null}}],"line":75},"2":{"loc":{"start":{"line":101,"column":9},"end":{"line":101,"column":null}},"type":"binary-expr","locations":[{"start":{"line":101,"column":9},"end":{"line":101,"column":20}},{"start":{"line":101,"column":20},"end":{"line":101,"column":null}}],"line":101},"3":{"loc":{"start":{"line":246,"column":9},"end":{"line":246,"column":null}},"type":"binary-expr","locations":[{"start":{"line":246,"column":9},"end":{"line":246,"column":20}},{"start":{"line":246,"column":20},"end":{"line":246,"column":null}}],"line":246},"4":{"loc":{"start":{"line":271,"column":9},"end":{"line":271,"column":null}},"type":"binary-expr","locations":[{"start":{"line":271,"column":9},"end":{"line":271,"column":20}},{"start":{"line":271,"column":20},"end":{"line":271,"column":null}}],"line":271},"5":{"loc":{"start":{"line":313,"column":9},"end":{"line":313,"column":null}},"type":"binary-expr","locations":[{"start":{"line":313,"column":9},"end":{"line":313,"column":20}},{"start":{"line":313,"column":20},"end":{"line":313,"column":null}}],"line":313},"6":{"loc":{"start":{"line":509,"column":4},"end":{"line":509,"column":null}},"type":"binary-expr","locations":[{"start":{"line":509,"column":4},"end":{"line":509,"column":23}},{"start":{"line":509,"column":23},"end":{"line":509,"column":null}}],"line":509},"7":{"loc":{"start":{"line":510,"column":4},"end":{"line":510,"column":null}},"type":"binary-expr","locations":[{"start":{"line":510,"column":4},"end":{"line":510,"column":23}},{"start":{"line":510,"column":23},"end":{"line":510,"column":null}}],"line":510},"8":{"loc":{"start":{"line":511,"column":4},"end":{"line":511,"column":null}},"type":"binary-expr","locations":[{"start":{"line":511,"column":4},"end":{"line":511,"column":22}},{"start":{"line":511,"column":22},"end":{"line":511,"column":null}}],"line":511},"9":{"loc":{"start":{"line":512,"column":4},"end":{"line":512,"column":null}},"type":"binary-expr","locations":[{"start":{"line":512,"column":4},"end":{"line":512,"column":24}},{"start":{"line":512,"column":24},"end":{"line":512,"column":null}}],"line":512},"10":{"loc":{"start":{"line":513,"column":4},"end":{"line":513,"column":null}},"type":"binary-expr","locations":[{"start":{"line":513,"column":4},"end":{"line":513,"column":25}},{"start":{"line":513,"column":25},"end":{"line":513,"column":null}}],"line":513},"11":{"loc":{"start":{"line":548,"column":9},"end":{"line":548,"column":null}},"type":"binary-expr","locations":[{"start":{"line":548,"column":9},"end":{"line":548,"column":20}},{"start":{"line":548,"column":20},"end":{"line":548,"column":null}}],"line":548},"12":{"loc":{"start":{"line":561,"column":2},"end":{"line":561,"column":null}},"type":"default-arg","locations":[{"start":{"line":561,"column":11},"end":{"line":561,"column":null}}],"line":561},"13":{"loc":{"start":{"line":631,"column":9},"end":{"line":631,"column":null}},"type":"binary-expr","locations":[{"start":{"line":631,"column":9},"end":{"line":631,"column":20}},{"start":{"line":631,"column":20},"end":{"line":631,"column":null}}],"line":631},"14":{"loc":{"start":{"line":676,"column":9},"end":{"line":676,"column":null}},"type":"binary-expr","locations":[{"start":{"line":676,"column":9},"end":{"line":676,"column":20}},{"start":{"line":676,"column":20},"end":{"line":676,"column":null}}],"line":676},"15":{"loc":{"start":{"line":689,"column":2},"end":{"line":689,"column":null}},"type":"default-arg","locations":[{"start":{"line":689,"column":11},"end":{"line":689,"column":null}}],"line":689},"16":{"loc":{"start":{"line":821,"column":9},"end":{"line":821,"column":null}},"type":"binary-expr","locations":[{"start":{"line":821,"column":9},"end":{"line":821,"column":20}},{"start":{"line":821,"column":20},"end":{"line":821,"column":null}}],"line":821},"17":{"loc":{"start":{"line":899,"column":9},"end":{"line":899,"column":null}},"type":"binary-expr","locations":[{"start":{"line":899,"column":9},"end":{"line":899,"column":20}},{"start":{"line":899,"column":20},"end":{"line":899,"column":null}}],"line":899},"18":{"loc":{"start":{"line":958,"column":9},"end":{"line":958,"column":null}},"type":"binary-expr","locations":[{"start":{"line":958,"column":9},"end":{"line":958,"column":21}},{"start":{"line":958,"column":21},"end":{"line":958,"column":null}}],"line":958},"19":{"loc":{"start":{"line":975,"column":9},"end":{"line":975,"column":null}},"type":"cond-expr","locations":[{"start":{"line":975,"column":27},"end":{"line":975,"column":42}},{"start":{"line":975,"column":42},"end":{"line":975,"column":null}}],"line":975},"20":{"loc":{"start":{"line":988,"column":9},"end":{"line":988,"column":null}},"type":"binary-expr","locations":[{"start":{"line":988,"column":9},"end":{"line":988,"column":21}},{"start":{"line":988,"column":21},"end":{"line":988,"column":null}}],"line":988},"21":{"loc":{"start":{"line":1003,"column":2},"end":{"line":1010,"column":null}},"type":"if","locations":[{"start":{"line":1003,"column":2},"end":{"line":1010,"column":null}},{"start":{"line":1007,"column":9},"end":{"line":1010,"column":null}}],"line":1003},"22":{"loc":{"start":{"line":1006,"column":11},"end":{"line":1006,"column":null}},"type":"binary-expr","locations":[{"start":{"line":1006,"column":11},"end":{"line":1006,"column":23}},{"start":{"line":1006,"column":23},"end":{"line":1006,"column":null}}],"line":1006},"23":{"loc":{"start":{"line":1010,"column":11},"end":{"line":1010,"column":null}},"type":"binary-expr","locations":[{"start":{"line":1010,"column":11},"end":{"line":1010,"column":23}},{"start":{"line":1010,"column":23},"end":{"line":1010,"column":null}}],"line":1010}},"s":{"0":2,"1":2,"2":2,"3":2,"4":2,"5":2,"6":2,"7":2,"8":2,"9":1,"10":1,"11":1,"12":1,"13":1,"14":1,"15":1,"16":1,"17":2,"18":2,"19":2,"20":2,"21":2,"22":2,"23":2,"24":2,"25":2,"26":1,"27":1,"28":1,"29":1,"30":1,"31":1,"32":1,"33":1,"34":1,"35":1,"36":1,"37":1,"38":1,"39":1,"40":1,"41":1,"42":1,"43":1,"44":1,"45":1,"46":2,"47":2,"48":2,"49":1,"50":1,"51":1,"52":1,"53":2,"54":2,"55":2,"56":2,"57":2,"58":2,"59":1,"60":1,"61":1,"62":1,"63":1,"64":1,"65":1,"66":1,"67":1,"68":1,"69":2,"70":2,"71":2,"72":1,"73":1,"74":1,"75":1,"76":2,"77":2,"78":2,"79":1,"80":1,"81":1,"82":1,"83":1,"84":2,"85":2,"86":2,"87":2,"88":2,"89":2,"90":2,"91":2,"92":2,"93":4,"94":2,"95":2,"96":2,"97":2,"98":2,"99":2,"100":1,"101":1,"102":1},"f":{"0":2,"1":2,"2":2,"3":1,"4":1,"5":2,"6":2,"7":2,"8":1,"9":1,"10":1,"11":1,"12":1,"13":1,"14":1,"15":1,"16":1,"17":2,"18":1,"19":1,"20":2,"21":2,"22":1,"23":1,"24":1,"25":1,"26":1,"27":2,"28":1,"29":1,"30":2,"31":1,"32":1,"33":2,"34":2,"35":2,"36":4,"37":1},"b":{"0":[2,1],"1":[2,1],"2":[2,1],"3":[2,1],"4":[2,1],"5":[2,1],"6":[1,1],"7":[1,1],"8":[1,1],"9":[1,1],"10":[1,1],"11":[2,1],"12":[1],"13":[2,1],"14":[2,1],"15":[1],"16":[2,1],"17":[2,1],"18":[2,1],"19":[1,1],"20":[2,1],"21":[2,2],"22":[2,1],"23":[2,1]},"meta":{"lastBranch":24,"lastFunction":38,"lastStatement":103,"seen":{"f:39:22:39:39":0,"s:40:16:40:Infinity":0,"s:47:19:47:71":1,"s:48:2:48:Infinity":2,"b:48:9:48:29:48:29:48:Infinity":0,"f:58:22:58:41":1,"s:59:16:59:Infinity":3,"s:74:19:74:60":4,"s:75:2:75:Infinity":5,"b:75:9:75:20:75:20:75:Infinity":1,"f:84:22:84:44":2,"s:85:16:85:Infinity":6,"s:100:19:100:63":7,"s:101:2:101:Infinity":8,"b:101:9:101:20:101:20:101:Infinity":2,"f:111:22:111:36":3,"s:112:16:112:Infinity":9,"s:138:17:145:Infinity":10,"s:147:19:147:64":11,"s:148:2:148:Infinity":12,"f:158:22:158:Infinity":4,"s:161:16:161:Infinity":13,"s:193:17:199:Infinity":14,"s:201:19:203:Infinity":15,"s:206:2:206:Infinity":16,"f:216:22:216:46":5,"s:217:16:217:Infinity":17,"s:245:19:245:65":18,"s:246:2:246:Infinity":19,"b:246:9:246:20:246:20:246:Infinity":3,"f:256:22:256:46":6,"s:257:16:257:Infinity":20,"s:270:19:270:65":21,"s:271:2:271:Infinity":22,"b:271:9:271:20:271:20:271:Infinity":4,"f:282:22:282:Infinity":7,"s:286:16:286:Infinity":23,"s:312:19:312:89":24,"s:313:2:313:Infinity":25,"b:313:9:313:20:313:20:313:Infinity":5,"f:323:22:323:51":8,"s:324:16:324:Infinity":26,"s:332:2:332:Infinity":27,"f:341:22:341:47":9,"s:342:16:342:Infinity":28,"s:351:2:351:Infinity":29,"f:361:22:361:39":10,"s:362:16:362:Infinity":30,"s:370:2:370:Infinity":31,"f:380:22:380:42":11,"s:381:16:381:Infinity":32,"s:389:2:389:Infinity":33,"f:398:22:398:40":12,"s:399:16:399:Infinity":34,"s:407:2:407:Infinity":35,"f:416:22:416:52":13,"s:417:16:417:Infinity":36,"s:423:2:423:Infinity":37,"f:433:22:433:46":14,"s:434:16:434:Infinity":38,"s:440:2:440:Infinity":39,"f:449:22:449:38":15,"s:450:16:450:Infinity":40,"s:460:2:460:Infinity":41,"f:470:22:470:40":16,"s:471:16:471:Infinity":42,"s:505:17:515:Infinity":43,"b:509:4:509:23:509:23:509:Infinity":6,"b:510:4:510:23:510:23:510:Infinity":7,"b:511:4:511:22:511:22:511:Infinity":8,"b:512:4:512:24:512:24:512:Infinity":9,"b:513:4:513:25:513:25:513:Infinity":10,"s:517:19:517:63":44,"s:518:2:518:Infinity":45,"f:527:22:527:42":17,"s:528:16:528:Infinity":46,"s:547:19:547:68":47,"s:548:2:548:Infinity":48,"b:548:9:548:20:548:20:548:Infinity":11,"f:559:22:559:Infinity":18,"b:561:11:561:Infinity":12,"s:563:16:563:Infinity":49,"s:573:2:573:Infinity":50,"f:582:22:582:48":19,"s:583:16:583:Infinity":51,"s:591:2:591:Infinity":52,"f:601:22:601:48":20,"s:602:16:602:Infinity":53,"s:630:19:630:69":54,"s:631:2:631:Infinity":55,"b:631:9:631:20:631:20:631:Infinity":13,"f:643:22:643:Infinity":21,"s:649:16:649:Infinity":56,"s:669:19:674:4":57,"s:676:2:676:Infinity":58,"b:676:9:676:20:676:20:676:Infinity":14,"f:687:22:687:Infinity":22,"b:689:11:689:Infinity":15,"s:691:16:691:Infinity":59,"s:702:2:702:Infinity":60,"f:714:22:714:Infinity":23,"s:719:16:719:Infinity":61,"s:729:2:729:Infinity":62,"f:740:22:740:Infinity":24,"s:745:16:745:Infinity":63,"s:754:2:754:Infinity":64,"f:764:22:764:Infinity":25,"s:768:16:768:Infinity":65,"s:773:2:773:Infinity":66,"f:785:22:785:Infinity":26,"s:790:16:790:Infinity":67,"s:797:2:797:Infinity":68,"f:807:22:807:Infinity":27,"s:811:16:811:Infinity":69,"s:820:19:820:88":70,"s:821:2:821:Infinity":71,"b:821:9:821:20:821:20:821:Infinity":16,"f:831:22:831:Infinity":28,"s:835:16:835:Infinity":72,"s:843:2:843:Infinity":73,"f:855:22:855:Infinity":29,"s:861:16:861:Infinity":74,"s:878:2:878:Infinity":75,"f:887:22:887:Infinity":30,"s:890:16:890:Infinity":76,"s:898:19:898:112":77,"s:899:2:899:Infinity":78,"b:899:9:899:20:899:20:899:Infinity":17,"f:908:22:908:Infinity":31,"s:911:16:911:Infinity":79,"s:916:2:916:Infinity":80,"f:926:22:926:44":32,"s:927:16:927:Infinity":81,"s:938:19:938:42":82,"s:939:2:939:Infinity":83,"f:950:22:950:43":33,"s:951:16:951:Infinity":84,"s:957:23:957:67":85,"s:958:2:958:Infinity":86,"b:958:9:958:21:958:21:958:Infinity":18,"f:967:22:967:42":34,"s:968:16:968:Infinity":87,"s:974:19:974:52":88,"s:975:2:975:Infinity":89,"b:975:27:975:42:975:42:975:Infinity":19,"f:985:22:985:39":35,"s:986:16:986:Infinity":90,"s:987:23:987:56":91,"s:988:2:988:Infinity":92,"b:988:9:988:21:988:21:988:Infinity":20,"f:1002:22:1002:42":36,"b:1003:2:1010:Infinity:1007:9:1010:Infinity":21,"s:1003:2:1010:Infinity":93,"s:1004:18:1004:Infinity":94,"s:1005:25:1005:93":95,"s:1006:4:1006:Infinity":96,"b:1006:11:1006:23:1006:23:1006:Infinity":22,"s:1008:18:1008:Infinity":97,"s:1009:25:1009:79":98,"s:1010:4:1010:Infinity":99,"b:1010:11:1010:23:1010:23:1010:Infinity":23,"f:1020:22:1020:47":37,"s:1021:16:1021:Infinity":100,"s:1027:19:1027:42":101,"s:1028:2:1028:Infinity":102}}}
,"C:\\Users\\matia\\Documents\\proyectos vs\\Practica-I---Alpha\\Testing\\backend\\src\\repositories\\categories.repository.ts": {"path":"C:\\Users\\matia\\Documents\\proyectos vs\\Practica-I---Alpha\\Testing\\backend\\src\\repositories\\categories.repository.ts","statementMap":{"0":{"start":{"line":24,"column":19},"end":{"line":29,"column":null}},"1":{"start":{"line":30,"column":2},"end":{"line":30,"column":null}}},"fnMap":{"0":{"name":"fetchAllCategoriesFromDb","decl":{"start":{"line":23,"column":22},"end":{"line":23,"column":49}},"loc":{"start":{"line":23,"column":49},"end":{"line":30,"column":null}},"line":23}},"branchMap":{},"s":{"0":3,"1":2},"f":{"0":3},"b":{},"meta":{"lastBranch":0,"lastFunction":1,"lastStatement":2,"seen":{"f:23:22:23:49":0,"s:24:19:29:Infinity":0,"s:30:2:30:Infinity":1}}}
,"C:\\Users\\matia\\Documents\\proyectos vs\\Practica-I---Alpha\\Testing\\backend\\src\\repositories\\datasets.repository.ts": {"path":"C:\\Users\\matia\\Documents\\proyectos vs\\Practica-I---Alpha\\Testing\\backend\\src\\repositories\\datasets.repository.ts","statementMap":{"0":{"start":{"line":33,"column":17},"end":{"line":33,"column":37}},"1":{"start":{"line":34,"column":2},"end":{"line":102,"column":null}},"2":{"start":{"line":35,"column":4},"end":{"line":35,"column":null}},"3":{"start":{"line":37,"column":25},"end":{"line":37,"column":null}},"4":{"start":{"line":47,"column":23},"end":{"line":52,"column":6}},"5":{"start":{"line":54,"column":23},"end":{"line":54,"column":null}},"6":{"start":{"line":56,"column":4},"end":{"line":93,"column":null}},"7":{"start":{"line":58,"column":25},"end":{"line":58,"column":null}},"8":{"start":{"line":59,"column":6},"end":{"line":59,"column":null}},"9":{"start":{"line":59,"column":59},"end":{"line":59,"column":null}},"10":{"start":{"line":60,"column":6},"end":{"line":60,"column":null}},"11":{"start":{"line":60,"column":55},"end":{"line":60,"column":null}},"12":{"start":{"line":63,"column":18},"end":{"line":63,"column":67}},"13":{"start":{"line":64,"column":29},"end":{"line":64,"column":null}},"14":{"start":{"line":65,"column":26},"end":{"line":65,"column":null}},"15":{"start":{"line":68,"column":22},"end":{"line":81,"column":108}},"16":{"start":{"line":83,"column":26},"end":{"line":83,"column":null}},"17":{"start":{"line":86,"column":6},"end":{"line":93,"column":null}},"18":{"start":{"line":96,"column":4},"end":{"line":96,"column":null}},"19":{"start":{"line":97,"column":4},"end":{"line":97,"column":null}},"20":{"start":{"line":99,"column":4},"end":{"line":99,"column":null}},"21":{"start":{"line":100,"column":4},"end":{"line":100,"column":null}},"22":{"start":{"line":102,"column":4},"end":{"line":102,"column":null}},"23":{"start":{"line":114,"column":16},"end":{"line":114,"column":null}},"24":{"start":{"line":119,"column":2},"end":{"line":125,"column":null}},"25":{"start":{"line":140,"column":18},"end":{"line":140,"column":null}},"26":{"start":{"line":148,"column":29},"end":{"line":148,"column":31}},"27":{"start":{"line":151,"column":2},"end":{"line":153,"column":null}},"28":{"start":{"line":152,"column":4},"end":{"line":152,"column":null}},"29":{"start":{"line":153,"column":4},"end":{"line":153,"column":null}},"30":{"start":{"line":159,"column":2},"end":{"line":161,"column":null}},"31":{"start":{"line":160,"column":4},"end":{"line":160,"column":null}},"32":{"start":{"line":161,"column":4},"end":{"line":161,"column":null}},"33":{"start":{"line":165,"column":2},"end":{"line":167,"column":null}},"34":{"start":{"line":166,"column":4},"end":{"line":166,"column":null}},"35":{"start":{"line":167,"column":4},"end":{"line":167,"column":null}},"36":{"start":{"line":171,"column":2},"end":{"line":176,"column":null}},"37":{"start":{"line":172,"column":4},"end":{"line":172,"column":null}},"38":{"start":{"line":173,"column":4},"end":{"line":176,"column":null}},"39":{"start":{"line":181,"column":21},"end":{"line":181,"column":null}},"40":{"start":{"line":182,"column":19},"end":{"line":182,"column":60}},"41":{"start":{"line":183,"column":16},"end":{"line":183,"column":52}},"42":{"start":{"line":185,"column":2},"end":{"line":185,"column":null}},"43":{"start":{"line":187,"column":20},"end":{"line":197,"column":null}},"44":{"start":{"line":200,"column":19},"end":{"line":200,"column":59}},"45":{"start":{"line":202,"column":2},"end":{"line":202,"column":null}},"46":{"start":{"line":214,"column":16},"end":{"line":220,"column":10}},"47":{"start":{"line":221,"column":2},"end":{"line":221,"column":null}},"48":{"start":{"line":221,"column":28},"end":{"line":221,"column":null}},"49":{"start":{"line":222,"column":18},"end":{"line":222,"column":null}},"50":{"start":{"line":225,"column":19},"end":{"line":230,"column":10}},"51":{"start":{"line":231,"column":2},"end":{"line":231,"column":null}},"52":{"start":{"line":234,"column":20},"end":{"line":241,"column":10}},"53":{"start":{"line":242,"column":2},"end":{"line":242,"column":null}},"54":{"start":{"line":244,"column":2},"end":{"line":244,"column":null}},"55":{"start":{"line":260,"column":17},"end":{"line":260,"column":37}},"56":{"start":{"line":261,"column":2},"end":{"line":312,"column":null}},"57":{"start":{"line":262,"column":4},"end":{"line":262,"column":null}},"58":{"start":{"line":265,"column":23},"end":{"line":265,"column":null}},"59":{"start":{"line":271,"column":21},"end":{"line":271,"column":64}},"60":{"start":{"line":272,"column":26},"end":{"line":272,"column":null}},"61":{"start":{"line":275,"column":24},"end":{"line":275,"column":null}},"62":{"start":{"line":281,"column":16},"end":{"line":281,"column":60}},"63":{"start":{"line":283,"column":4},"end":{"line":283,"column":null}},"64":{"start":{"line":283,"column":28},"end":{"line":283,"column":null}},"65":{"start":{"line":286,"column":4},"end":{"line":289,"column":null}},"66":{"start":{"line":292,"column":4},"end":{"line":298,"column":null}},"67":{"start":{"line":293,"column":24},"end":{"line":293,"column":71}},"68":{"start":{"line":293,"column":47},"end":{"line":293,"column":71}},"69":{"start":{"line":294,"column":8},"end":{"line":298,"column":null}},"70":{"start":{"line":301,"column":4},"end":{"line":301,"column":null}},"71":{"start":{"line":304,"column":4},"end":{"line":307,"column":null}},"72":{"start":{"line":309,"column":4},"end":{"line":309,"column":null}},"73":{"start":{"line":310,"column":4},"end":{"line":310,"column":null}},"74":{"start":{"line":312,"column":4},"end":{"line":312,"column":null}},"75":{"start":{"line":329,"column":17},"end":{"line":329,"column":37}},"76":{"start":{"line":330,"column":2},"end":{"line":413,"column":null}},"77":{"start":{"line":331,"column":4},"end":{"line":331,"column":null}},"78":{"start":{"line":334,"column":24},"end":{"line":334,"column":null}},"79":{"start":{"line":344,"column":16},"end":{"line":350,"column":6}},"80":{"start":{"line":352,"column":4},"end":{"line":352,"column":null}},"81":{"start":{"line":352,"column":28},"end":{"line":352,"column":null}},"82":{"start":{"line":355,"column":4},"end":{"line":381,"column":null}},"83":{"start":{"line":356,"column":6},"end":{"line":381,"column":null}},"84":{"start":{"line":357,"column":27},"end":{"line":357,"column":null}},"85":{"start":{"line":358,"column":8},"end":{"line":358,"column":null}},"86":{"start":{"line":358,"column":61},"end":{"line":358,"column":null}},"87":{"start":{"line":359,"column":8},"end":{"line":359,"column":null}},"88":{"start":{"line":359,"column":57},"end":{"line":359,"column":null}},"89":{"start":{"line":361,"column":20},"end":{"line":361,"column":69}},"90":{"start":{"line":362,"column":31},"end":{"line":362,"column":null}},"91":{"start":{"line":363,"column":28},"end":{"line":363,"column":null}},"92":{"start":{"line":365,"column":24},"end":{"line":373,"column":92}},"93":{"start":{"line":375,"column":28},"end":{"line":375,"column":null}},"94":{"start":{"line":377,"column":8},"end":{"line":381,"column":null}},"95":{"start":{"line":386,"column":25},"end":{"line":386,"column":27}},"96":{"start":{"line":387,"column":4},"end":{"line":396,"column":null}},"97":{"start":{"line":389,"column":22},"end":{"line":391,"column":33}},"98":{"start":{"line":392,"column":6},"end":{"line":392,"column":null}},"99":{"start":{"line":392,"column":45},"end":{"line":392,"column":59}},"100":{"start":{"line":395,"column":6},"end":{"line":395,"column":null}},"101":{"start":{"line":396,"column":6},"end":{"line":396,"column":null}},"102":{"start":{"line":400,"column":4},"end":{"line":403,"column":null}},"103":{"start":{"line":405,"column":4},"end":{"line":405,"column":null}},"104":{"start":{"line":408,"column":4},"end":{"line":408,"column":null}},"105":{"start":{"line":410,"column":4},"end":{"line":410,"column":null}},"106":{"start":{"line":411,"column":4},"end":{"line":411,"column":null}},"107":{"start":{"line":413,"column":4},"end":{"line":413,"column":null}},"108":{"start":{"line":423,"column":17},"end":{"line":423,"column":37}},"109":{"start":{"line":424,"column":2},"end":{"line":503,"column":null}},"110":{"start":{"line":425,"column":4},"end":{"line":425,"column":null}},"111":{"start":{"line":428,"column":23},"end":{"line":441,"column":6}},"112":{"start":{"line":442,"column":23},"end":{"line":442,"column":null}},"113":{"start":{"line":445,"column":4},"end":{"line":474,"column":null}},"114":{"start":{"line":446,"column":25},"end":{"line":446,"column":null}},"115":{"start":{"line":447,"column":6},"end":{"line":447,"column":null}},"116":{"start":{"line":447,"column":59},"end":{"line":447,"column":null}},"117":{"start":{"line":448,"column":6},"end":{"line":448,"column":null}},"118":{"start":{"line":448,"column":55},"end":{"line":448,"column":null}},"119":{"start":{"line":450,"column":18},"end":{"line":450,"column":67}},"120":{"start":{"line":451,"column":29},"end":{"line":451,"column":null}},"121":{"start":{"line":452,"column":26},"end":{"line":452,"column":null}},"122":{"start":{"line":454,"column":22},"end":{"line":466,"column":108}},"123":{"start":{"line":468,"column":26},"end":{"line":468,"column":null}},"124":{"start":{"line":470,"column":6},"end":{"line":474,"column":null}},"125":{"start":{"line":478,"column":4},"end":{"line":494,"column":null}},"126":{"start":{"line":480,"column":6},"end":{"line":483,"column":null}},"127":{"start":{"line":485,"column":6},"end":{"line":488,"column":null}},"128":{"start":{"line":491,"column":6},"end":{"line":494,"column":null}},"129":{"start":{"line":497,"column":4},"end":{"line":497,"column":null}},"130":{"start":{"line":498,"column":4},"end":{"line":498,"column":null}},"131":{"start":{"line":500,"column":4},"end":{"line":500,"column":null}},"132":{"start":{"line":501,"column":4},"end":{"line":501,"column":null}},"133":{"start":{"line":503,"column":4},"end":{"line":503,"column":null}},"134":{"start":{"line":512,"column":17},"end":{"line":512,"column":37}},"135":{"start":{"line":513,"column":2},"end":{"line":551,"column":null}},"136":{"start":{"line":514,"column":4},"end":{"line":514,"column":null}},"137":{"start":{"line":516,"column":29},"end":{"line":516,"column":null}},"138":{"start":{"line":517,"column":29},"end":{"line":517,"column":null}},"139":{"start":{"line":518,"column":22},"end":{"line":518,"column":null}},"140":{"start":{"line":521,"column":31},"end":{"line":524,"column":null}},"141":{"start":{"line":528,"column":18},"end":{"line":528,"column":87}},"142":{"start":{"line":529,"column":4},"end":{"line":529,"column":null}},"143":{"start":{"line":529,"column":30},"end":{"line":529,"column":null}},"144":{"start":{"line":532,"column":4},"end":{"line":536,"column":null}},"145":{"start":{"line":539,"column":25},"end":{"line":539,"column":null}},"146":{"start":{"line":540,"column":4},"end":{"line":543,"column":null}},"147":{"start":{"line":545,"column":4},"end":{"line":545,"column":null}},"148":{"start":{"line":546,"column":4},"end":{"line":546,"column":null}},"149":{"start":{"line":548,"column":4},"end":{"line":548,"column":null}},"150":{"start":{"line":549,"column":4},"end":{"line":549,"column":null}},"151":{"start":{"line":551,"column":4},"end":{"line":551,"column":null}}},"fnMap":{"0":{"name":"createFullDatasetInDb","decl":{"start":{"line":32,"column":22},"end":{"line":32,"column":44}},"loc":{"start":{"line":32,"column":92},"end":{"line":102,"column":null}},"line":32},"1":{"name":"recordDatasetEvent","decl":{"start":{"line":113,"column":22},"end":{"line":113,"column":41}},"loc":{"start":{"line":113,"column":57},"end":{"line":125,"column":null}},"line":113},"2":{"name":"fetchDatasetsPaginated","decl":{"start":{"line":139,"column":22},"end":{"line":139,"column":45}},"loc":{"start":{"line":139,"column":147},"end":{"line":202,"column":null}},"line":139},"3":{"name":"fetchDatasetDetailsFromDb","decl":{"start":{"line":212,"column":22},"end":{"line":212,"column":48}},"loc":{"start":{"line":212,"column":60},"end":{"line":244,"column":null}},"line":212},"4":{"name":"softDeleteDatasetInDb","decl":{"start":{"line":259,"column":22},"end":{"line":259,"column":44}},"loc":{"start":{"line":259,"column":82},"end":{"line":312,"column":null}},"line":259},"5":{"name":"(anonymous_5)","decl":{"start":{"line":293,"column":38},"end":{"line":293,"column":42}},"loc":{"start":{"line":293,"column":47},"end":{"line":293,"column":71}},"line":293},"6":{"name":"updateDatasetInDb","decl":{"start":{"line":328,"column":22},"end":{"line":328,"column":40}},"loc":{"start":{"line":328,"column":89},"end":{"line":413,"column":null}},"line":328},"7":{"name":"(anonymous_7)","decl":{"start":{"line":392,"column":36},"end":{"line":392,"column":40}},"loc":{"start":{"line":392,"column":45},"end":{"line":392,"column":59}},"line":392},"8":{"name":"createDatasetRequestInDb","decl":{"start":{"line":422,"column":22},"end":{"line":422,"column":47}},"loc":{"start":{"line":422,"column":77},"end":{"line":503,"column":null}},"line":422},"9":{"name":"resolveDatasetRequestInDb","decl":{"start":{"line":511,"column":22},"end":{"line":511,"column":48}},"loc":{"start":{"line":511,"column":144},"end":{"line":551,"column":null}},"line":511}},"branchMap":{"0":{"loc":{"start":{"line":48,"column":17},"end":{"line":48,"column":46}},"type":"binary-expr","locations":[{"start":{"line":48,"column":17},"end":{"line":48,"column":40}},{"start":{"line":48,"column":40},"end":{"line":48,"column":46}}],"line":48},"1":{"loc":{"start":{"line":50,"column":26},"end":{"line":50,"column":60}},"type":"binary-expr","locations":[{"start":{"line":50,"column":26},"end":{"line":50,"column":54}},{"start":{"line":50,"column":54},"end":{"line":50,"column":60}}],"line":50},"2":{"loc":{"start":{"line":50,"column":60},"end":{"line":50,"column":null}},"type":"binary-expr","locations":[{"start":{"line":50,"column":60},"end":{"line":50,"column":85}},{"start":{"line":50,"column":85},"end":{"line":50,"column":null}}],"line":50},"3":{"loc":{"start":{"line":51,"column":6},"end":{"line":51,"column":31}},"type":"binary-expr","locations":[{"start":{"line":51,"column":6},"end":{"line":51,"column":25}},{"start":{"line":51,"column":25},"end":{"line":51,"column":31}}],"line":51},"4":{"loc":{"start":{"line":51,"column":31},"end":{"line":51,"column":69}},"type":"binary-expr","locations":[{"start":{"line":51,"column":31},"end":{"line":51,"column":63}},{"start":{"line":51,"column":63},"end":{"line":51,"column":69}}],"line":51},"5":{"loc":{"start":{"line":51,"column":69},"end":{"line":51,"column":null}},"type":"binary-expr","locations":[{"start":{"line":51,"column":69},"end":{"line":51,"column":99}},{"start":{"line":51,"column":99},"end":{"line":51,"column":null}}],"line":51},"6":{"loc":{"start":{"line":59,"column":6},"end":{"line":59,"column":null}},"type":"if","locations":[{"start":{"line":59,"column":6},"end":{"line":59,"column":null}},{"start":{},"end":{}}],"line":59},"7":{"loc":{"start":{"line":60,"column":6},"end":{"line":60,"column":null}},"type":"if","locations":[{"start":{"line":60,"column":6},"end":{"line":60,"column":null}},{"start":{},"end":{}}],"line":60},"8":{"loc":{"start":{"line":65,"column":26},"end":{"line":65,"column":null}},"type":"cond-expr","locations":[{"start":{"line":65,"column":57},"end":{"line":65,"column":63}},{"start":{"line":65,"column":63},"end":{"line":65,"column":null}}],"line":65},"9":{"loc":{"start":{"line":91,"column":33},"end":{"line":91,"column":61}},"type":"binary-expr","locations":[{"start":{"line":91,"column":33},"end":{"line":91,"column":51}},{"start":{"line":91,"column":51},"end":{"line":91,"column":61}}],"line":91},"10":{"loc":{"start":{"line":139,"column":129},"end":{"line":139,"column":146}},"type":"default-arg","locations":[{"start":{"line":139,"column":144},"end":{"line":139,"column":146}}],"line":139},"11":{"loc":{"start":{"line":151,"column":2},"end":{"line":153,"column":null}},"type":"if","locations":[{"start":{"line":151,"column":2},"end":{"line":153,"column":null}},{"start":{},"end":{}}],"line":151},"12":{"loc":{"start":{"line":159,"column":2},"end":{"line":161,"column":null}},"type":"if","locations":[{"start":{"line":159,"column":2},"end":{"line":161,"column":null}},{"start":{},"end":{}}],"line":159},"13":{"loc":{"start":{"line":165,"column":2},"end":{"line":167,"column":null}},"type":"if","locations":[{"start":{"line":165,"column":2},"end":{"line":167,"column":null}},{"start":{},"end":{}}],"line":165},"14":{"loc":{"start":{"line":171,"column":2},"end":{"line":176,"column":null}},"type":"if","locations":[{"start":{"line":171,"column":2},"end":{"line":176,"column":null}},{"start":{},"end":{}}],"line":171},"15":{"loc":{"start":{"line":221,"column":2},"end":{"line":221,"column":null}},"type":"if","locations":[{"start":{"line":221,"column":2},"end":{"line":221,"column":null}},{"start":{},"end":{}}],"line":221},"16":{"loc":{"start":{"line":283,"column":4},"end":{"line":283,"column":null}},"type":"if","locations":[{"start":{"line":283,"column":4},"end":{"line":283,"column":null}},{"start":{},"end":{}}],"line":283},"17":{"loc":{"start":{"line":292,"column":4},"end":{"line":298,"column":null}},"type":"if","locations":[{"start":{"line":292,"column":4},"end":{"line":298,"column":null}},{"start":{},"end":{}}],"line":292},"18":{"loc":{"start":{"line":345,"column":53},"end":{"line":345,"column":null}},"type":"binary-expr","locations":[{"start":{"line":345,"column":53},"end":{"line":345,"column":76}},{"start":{"line":345,"column":76},"end":{"line":345,"column":null}}],"line":345},"19":{"loc":{"start":{"line":346,"column":57},"end":{"line":346,"column":null}},"type":"binary-expr","locations":[{"start":{"line":346,"column":57},"end":{"line":346,"column":80}},{"start":{"line":346,"column":80},"end":{"line":346,"column":null}}],"line":346},"20":{"loc":{"start":{"line":347,"column":26},"end":{"line":347,"column":60}},"type":"binary-expr","locations":[{"start":{"line":347,"column":26},"end":{"line":347,"column":54}},{"start":{"line":347,"column":54},"end":{"line":347,"column":60}}],"line":347},"21":{"loc":{"start":{"line":347,"column":60},"end":{"line":347,"column":null}},"type":"binary-expr","locations":[{"start":{"line":347,"column":60},"end":{"line":347,"column":85}},{"start":{"line":347,"column":85},"end":{"line":347,"column":null}}],"line":347},"22":{"loc":{"start":{"line":348,"column":6},"end":{"line":348,"column":31}},"type":"binary-expr","locations":[{"start":{"line":348,"column":6},"end":{"line":348,"column":25}},{"start":{"line":348,"column":25},"end":{"line":348,"column":31}}],"line":348},"23":{"loc":{"start":{"line":348,"column":31},"end":{"line":348,"column":69}},"type":"binary-expr","locations":[{"start":{"line":348,"column":31},"end":{"line":348,"column":63}},{"start":{"line":348,"column":63},"end":{"line":348,"column":69}}],"line":348},"24":{"loc":{"start":{"line":348,"column":69},"end":{"line":348,"column":null}},"type":"binary-expr","locations":[{"start":{"line":348,"column":69},"end":{"line":348,"column":99}},{"start":{"line":348,"column":99},"end":{"line":348,"column":null}}],"line":348},"25":{"loc":{"start":{"line":352,"column":4},"end":{"line":352,"column":null}},"type":"if","locations":[{"start":{"line":352,"column":4},"end":{"line":352,"column":null}},{"start":{},"end":{}}],"line":352},"26":{"loc":{"start":{"line":355,"column":4},"end":{"line":381,"column":null}},"type":"if","locations":[{"start":{"line":355,"column":4},"end":{"line":381,"column":null}},{"start":{},"end":{}}],"line":355},"27":{"loc":{"start":{"line":355,"column":8},"end":{"line":355,"column":53}},"type":"binary-expr","locations":[{"start":{"line":355,"column":8},"end":{"line":355,"column":26}},{"start":{"line":355,"column":26},"end":{"line":355,"column":53}}],"line":355},"28":{"loc":{"start":{"line":358,"column":8},"end":{"line":358,"column":null}},"type":"if","locations":[{"start":{"line":358,"column":8},"end":{"line":358,"column":null}},{"start":{},"end":{}}],"line":358},"29":{"loc":{"start":{"line":359,"column":8},"end":{"line":359,"column":null}},"type":"if","locations":[{"start":{"line":359,"column":8},"end":{"line":359,"column":null}},{"start":{},"end":{}}],"line":359},"30":{"loc":{"start":{"line":363,"column":28},"end":{"line":363,"column":null}},"type":"cond-expr","locations":[{"start":{"line":363,"column":59},"end":{"line":363,"column":65}},{"start":{"line":363,"column":65},"end":{"line":363,"column":null}}],"line":363},"31":{"loc":{"start":{"line":387,"column":4},"end":{"line":396,"column":null}},"type":"if","locations":[{"start":{"line":387,"column":4},"end":{"line":396,"column":null}},{"start":{},"end":{}}],"line":387},"32":{"loc":{"start":{"line":387,"column":8},"end":{"line":387,"column":67}},"type":"binary-expr","locations":[{"start":{"line":387,"column":8},"end":{"line":387,"column":33}},{"start":{"line":387,"column":33},"end":{"line":387,"column":67}}],"line":387},"33":{"loc":{"start":{"line":437,"column":17},"end":{"line":437,"column":46}},"type":"binary-expr","locations":[{"start":{"line":437,"column":17},"end":{"line":437,"column":40}},{"start":{"line":437,"column":40},"end":{"line":437,"column":46}}],"line":437},"34":{"loc":{"start":{"line":439,"column":26},"end":{"line":439,"column":60}},"type":"binary-expr","locations":[{"start":{"line":439,"column":26},"end":{"line":439,"column":54}},{"start":{"line":439,"column":54},"end":{"line":439,"column":60}}],"line":439},"35":{"loc":{"start":{"line":439,"column":60},"end":{"line":439,"column":null}},"type":"binary-expr","locations":[{"start":{"line":439,"column":60},"end":{"line":439,"column":85}},{"start":{"line":439,"column":85},"end":{"line":439,"column":null}}],"line":439},"36":{"loc":{"start":{"line":440,"column":6},"end":{"line":440,"column":31}},"type":"binary-expr","locations":[{"start":{"line":440,"column":6},"end":{"line":440,"column":25}},{"start":{"line":440,"column":25},"end":{"line":440,"column":31}}],"line":440},"37":{"loc":{"start":{"line":440,"column":31},"end":{"line":440,"column":69}},"type":"binary-expr","locations":[{"start":{"line":440,"column":31},"end":{"line":440,"column":63}},{"start":{"line":440,"column":63},"end":{"line":440,"column":69}}],"line":440},"38":{"loc":{"start":{"line":440,"column":69},"end":{"line":440,"column":null}},"type":"binary-expr","locations":[{"start":{"line":440,"column":69},"end":{"line":440,"column":99}},{"start":{"line":440,"column":99},"end":{"line":440,"column":null}}],"line":440},"39":{"loc":{"start":{"line":447,"column":6},"end":{"line":447,"column":null}},"type":"if","locations":[{"start":{"line":447,"column":6},"end":{"line":447,"column":null}},{"start":{},"end":{}}],"line":447},"40":{"loc":{"start":{"line":448,"column":6},"end":{"line":448,"column":null}},"type":"if","locations":[{"start":{"line":448,"column":6},"end":{"line":448,"column":null}},{"start":{},"end":{}}],"line":448},"41":{"loc":{"start":{"line":452,"column":26},"end":{"line":452,"column":null}},"type":"cond-expr","locations":[{"start":{"line":452,"column":57},"end":{"line":452,"column":63}},{"start":{"line":452,"column":63},"end":{"line":452,"column":null}}],"line":452},"42":{"loc":{"start":{"line":474,"column":35},"end":{"line":474,"column":63}},"type":"binary-expr","locations":[{"start":{"line":474,"column":35},"end":{"line":474,"column":53}},{"start":{"line":474,"column":53},"end":{"line":474,"column":63}}],"line":474},"43":{"loc":{"start":{"line":478,"column":4},"end":{"line":494,"column":null}},"type":"if","locations":[{"start":{"line":478,"column":4},"end":{"line":494,"column":null}},{"start":{"line":489,"column":11},"end":{"line":494,"column":null}}],"line":478},"44":{"loc":{"start":{"line":516,"column":29},"end":{"line":516,"column":null}},"type":"cond-expr","locations":[{"start":{"line":516,"column":52},"end":{"line":516,"column":66}},{"start":{"line":516,"column":66},"end":{"line":516,"column":null}}],"line":516},"45":{"loc":{"start":{"line":517,"column":29},"end":{"line":517,"column":null}},"type":"cond-expr","locations":[{"start":{"line":517,"column":52},"end":{"line":517,"column":65}},{"start":{"line":517,"column":65},"end":{"line":517,"column":null}}],"line":517},"46":{"loc":{"start":{"line":518,"column":22},"end":{"line":518,"column":null}},"type":"cond-expr","locations":[{"start":{"line":518,"column":45},"end":{"line":518,"column":59}},{"start":{"line":518,"column":59},"end":{"line":518,"column":null}}],"line":518},"47":{"loc":{"start":{"line":524,"column":8},"end":{"line":524,"column":null}},"type":"cond-expr","locations":[{"start":{"line":524,"column":31},"end":{"line":524,"column":58}},{"start":{"line":524,"column":58},"end":{"line":524,"column":null}}],"line":524},"48":{"loc":{"start":{"line":529,"column":4},"end":{"line":529,"column":null}},"type":"if","locations":[{"start":{"line":529,"column":4},"end":{"line":529,"column":null}},{"start":{},"end":{}}],"line":529},"49":{"loc":{"start":{"line":539,"column":48},"end":{"line":539,"column":97}},"type":"cond-expr","locations":[{"start":{"line":539,"column":71},"end":{"line":539,"column":85}},{"start":{"line":539,"column":85},"end":{"line":539,"column":97}}],"line":539}},"s":{"0":2,"1":2,"2":2,"3":1,"4":1,"5":1,"6":1,"7":3,"8":3,"9":1,"10":3,"11":1,"12":3,"13":3,"14":3,"15":3,"16":3,"17":3,"18":1,"19":1,"20":1,"21":1,"22":2,"23":1,"24":1,"25":1,"26":1,"27":1,"28":1,"29":1,"30":1,"31":1,"32":1,"33":1,"34":1,"35":1,"36":1,"37":1,"38":1,"39":1,"40":1,"41":1,"42":1,"43":1,"44":1,"45":1,"46":2,"47":2,"48":1,"49":1,"50":1,"51":1,"52":1,"53":1,"54":1,"55":3,"56":3,"57":3,"58":3,"59":3,"60":3,"61":3,"62":3,"63":3,"64":1,"65":2,"66":2,"67":1,"68":1,"69":1,"70":2,"71":2,"72":1,"73":1,"74":3,"75":2,"76":2,"77":2,"78":2,"79":2,"80":2,"81":1,"82":1,"83":1,"84":2,"85":2,"86":1,"87":2,"88":0,"89":2,"90":2,"91":2,"92":2,"93":2,"94":2,"95":1,"96":1,"97":1,"98":1,"99":1,"100":1,"101":1,"102":1,"103":1,"104":1,"105":1,"106":1,"107":2,"108":3,"109":3,"110":3,"111":2,"112":2,"113":2,"114":1,"115":1,"116":0,"117":1,"118":0,"119":1,"120":1,"121":1,"122":1,"123":1,"124":1,"125":2,"126":1,"127":1,"128":1,"129":2,"130":2,"131":1,"132":0,"133":3,"134":3,"135":3,"136":3,"137":3,"138":3,"139":3,"140":3,"141":3,"142":3,"143":1,"144":2,"145":2,"146":3,"147":2,"148":2,"149":1,"150":1,"151":3},"f":{"0":2,"1":1,"2":1,"3":2,"4":3,"5":1,"6":2,"7":1,"8":3,"9":3},"b":{"0":[1,1],"1":[2,1],"2":[2,1],"3":[2,1],"4":[2,1],"5":[2,1],"6":[1,2],"7":[1,2],"8":[2,1],"9":[3,3],"10":[1],"11":[1,0],"12":[1,0],"13":[1,0],"14":[1,0],"15":[1,1],"16":[1,2],"17":[1,1],"18":[2,2],"19":[2,2],"20":[2,2],"21":[2,2],"22":[2,2],"23":[2,2],"24":[2,2],"25":[1,1],"26":[1,0],"27":[1,1],"28":[1,1],"29":[0,2],"30":[1,1],"31":[1,0],"32":[1,1],"33":[2,2],"34":[3,2],"35":[3,2],"36":[3,2],"37":[3,2],"38":[3,2],"39":[0,1],"40":[0,1],"41":[1,0],"42":[1,1],"43":[1,1],"44":[2,1],"45":[2,1],"46":[2,1],"47":[2,1],"48":[1,2],"49":[1,1]},"meta":{"lastBranch":50,"lastFunction":10,"lastStatement":152,"seen":{"f:32:22:32:44":0,"s:33:17:33:37":0,"s:34:2:102:Infinity":1,"s:35:4:35:Infinity":2,"s:37:25:37:Infinity":3,"s:47:23:52:6":4,"b:48:17:48:40:48:40:48:46":0,"b:50:26:50:54:50:54:50:60":1,"b:50:60:50:85:50:85:50:Infinity":2,"b:51:6:51:25:51:25:51:31":3,"b:51:31:51:63:51:63:51:69":4,"b:51:69:51:99:51:99:51:Infinity":5,"s:54:23:54:Infinity":5,"s:56:4:93:Infinity":6,"s:58:25:58:Infinity":7,"b:59:6:59:Infinity:undefined:undefined:undefined:undefined":6,"s:59:6:59:Infinity":8,"s:59:59:59:Infinity":9,"b:60:6:60:Infinity:undefined:undefined:undefined:undefined":7,"s:60:6:60:Infinity":10,"s:60:55:60:Infinity":11,"s:63:18:63:67":12,"s:64:29:64:Infinity":13,"s:65:26:65:Infinity":14,"b:65:57:65:63:65:63:65:Infinity":8,"s:68:22:81:108":15,"s:83:26:83:Infinity":16,"s:86:6:93:Infinity":17,"b:91:33:91:51:91:51:91:61":9,"s:96:4:96:Infinity":18,"s:97:4:97:Infinity":19,"s:99:4:99:Infinity":20,"s:100:4:100:Infinity":21,"s:102:4:102:Infinity":22,"f:113:22:113:41":1,"s:114:16:114:Infinity":23,"s:119:2:125:Infinity":24,"f:139:22:139:45":2,"b:139:144:139:146":10,"s:140:18:140:Infinity":25,"s:148:29:148:31":26,"b:151:2:153:Infinity:undefined:undefined:undefined:undefined":11,"s:151:2:153:Infinity":27,"s:152:4:152:Infinity":28,"s:153:4:153:Infinity":29,"b:159:2:161:Infinity:undefined:undefined:undefined:undefined":12,"s:159:2:161:Infinity":30,"s:160:4:160:Infinity":31,"s:161:4:161:Infinity":32,"b:165:2:167:Infinity:undefined:undefined:undefined:undefined":13,"s:165:2:167:Infinity":33,"s:166:4:166:Infinity":34,"s:167:4:167:Infinity":35,"b:171:2:176:Infinity:undefined:undefined:undefined:undefined":14,"s:171:2:176:Infinity":36,"s:172:4:172:Infinity":37,"s:173:4:176:Infinity":38,"s:181:21:181:Infinity":39,"s:182:19:182:60":40,"s:183:16:183:52":41,"s:185:2:185:Infinity":42,"s:187:20:197:Infinity":43,"s:200:19:200:59":44,"s:202:2:202:Infinity":45,"f:212:22:212:48":3,"s:214:16:220:10":46,"b:221:2:221:Infinity:undefined:undefined:undefined:undefined":15,"s:221:2:221:Infinity":47,"s:221:28:221:Infinity":48,"s:222:18:222:Infinity":49,"s:225:19:230:10":50,"s:231:2:231:Infinity":51,"s:234:20:241:10":52,"s:242:2:242:Infinity":53,"s:244:2:244:Infinity":54,"f:259:22:259:44":4,"s:260:17:260:37":55,"s:261:2:312:Infinity":56,"s:262:4:262:Infinity":57,"s:265:23:265:Infinity":58,"s:271:21:271:64":59,"s:272:26:272:Infinity":60,"s:275:24:275:Infinity":61,"s:281:16:281:60":62,"b:283:4:283:Infinity:undefined:undefined:undefined:undefined":16,"s:283:4:283:Infinity":63,"s:283:28:283:Infinity":64,"s:286:4:289:Infinity":65,"b:292:4:298:Infinity:undefined:undefined:undefined:undefined":17,"s:292:4:298:Infinity":66,"s:293:24:293:71":67,"f:293:38:293:42":5,"s:293:47:293:71":68,"s:294:8:298:Infinity":69,"s:301:4:301:Infinity":70,"s:304:4:307:Infinity":71,"s:309:4:309:Infinity":72,"s:310:4:310:Infinity":73,"s:312:4:312:Infinity":74,"f:328:22:328:40":6,"s:329:17:329:37":75,"s:330:2:413:Infinity":76,"s:331:4:331:Infinity":77,"s:334:24:334:Infinity":78,"s:344:16:350:6":79,"b:345:53:345:76:345:76:345:Infinity":18,"b:346:57:346:80:346:80:346:Infinity":19,"b:347:26:347:54:347:54:347:60":20,"b:347:60:347:85:347:85:347:Infinity":21,"b:348:6:348:25:348:25:348:31":22,"b:348:31:348:63:348:63:348:69":23,"b:348:69:348:99:348:99:348:Infinity":24,"b:352:4:352:Infinity:undefined:undefined:undefined:undefined":25,"s:352:4:352:Infinity":80,"s:352:28:352:Infinity":81,"b:355:4:381:Infinity:undefined:undefined:undefined:undefined":26,"s:355:4:381:Infinity":82,"b:355:8:355:26:355:26:355:53":27,"s:356:6:381:Infinity":83,"s:357:27:357:Infinity":84,"b:358:8:358:Infinity:undefined:undefined:undefined:undefined":28,"s:358:8:358:Infinity":85,"s:358:61:358:Infinity":86,"b:359:8:359:Infinity:undefined:undefined:undefined:undefined":29,"s:359:8:359:Infinity":87,"s:359:57:359:Infinity":88,"s:361:20:361:69":89,"s:362:31:362:Infinity":90,"s:363:28:363:Infinity":91,"b:363:59:363:65:363:65:363:Infinity":30,"s:365:24:373:92":92,"s:375:28:375:Infinity":93,"s:377:8:381:Infinity":94,"s:386:25:386:27":95,"b:387:4:396:Infinity:undefined:undefined:undefined:undefined":31,"s:387:4:396:Infinity":96,"b:387:8:387:33:387:33:387:67":32,"s:389:22:391:33":97,"s:392:6:392:Infinity":98,"f:392:36:392:40":7,"s:392:45:392:59":99,"s:395:6:395:Infinity":100,"s:396:6:396:Infinity":101,"s:400:4:403:Infinity":102,"s:405:4:405:Infinity":103,"s:408:4:408:Infinity":104,"s:410:4:410:Infinity":105,"s:411:4:411:Infinity":106,"s:413:4:413:Infinity":107,"f:422:22:422:47":8,"s:423:17:423:37":108,"s:424:2:503:Infinity":109,"s:425:4:425:Infinity":110,"s:428:23:441:6":111,"b:437:17:437:40:437:40:437:46":33,"b:439:26:439:54:439:54:439:60":34,"b:439:60:439:85:439:85:439:Infinity":35,"b:440:6:440:25:440:25:440:31":36,"b:440:31:440:63:440:63:440:69":37,"b:440:69:440:99:440:99:440:Infinity":38,"s:442:23:442:Infinity":112,"s:445:4:474:Infinity":113,"s:446:25:446:Infinity":114,"b:447:6:447:Infinity:undefined:undefined:undefined:undefined":39,"s:447:6:447:Infinity":115,"s:447:59:447:Infinity":116,"b:448:6:448:Infinity:undefined:undefined:undefined:undefined":40,"s:448:6:448:Infinity":117,"s:448:55:448:Infinity":118,"s:450:18:450:67":119,"s:451:29:451:Infinity":120,"s:452:26:452:Infinity":121,"b:452:57:452:63:452:63:452:Infinity":41,"s:454:22:466:108":122,"s:468:26:468:Infinity":123,"s:470:6:474:Infinity":124,"b:474:35:474:53:474:53:474:63":42,"b:478:4:494:Infinity:489:11:494:Infinity":43,"s:478:4:494:Infinity":125,"s:480:6:483:Infinity":126,"s:485:6:488:Infinity":127,"s:491:6:494:Infinity":128,"s:497:4:497:Infinity":129,"s:498:4:498:Infinity":130,"s:500:4:500:Infinity":131,"s:501:4:501:Infinity"
[...]
,"C:\\Users\\matia\\Documents\\proyectos vs\\Practica-I---Alpha\\Testing\\backend\\src\\utils\\mailer.ts": {"path":"C:\\Users\\matia\\Documents\\proyectos vs\\Practica-I---Alpha\\Testing\\backend\\src\\utils\\mailer.ts","statementMap":{"0":{"start":{"line":21,"column":20},"end":{"line":29,"column":2}},"1":{"start":{"line":31,"column":18},"end":{"line":31,"column":null}},"2":{"start":{"line":32,"column":37},"end":{"line":32,"column":null}},"3":{"start":{"line":47,"column":2},"end":{"line":56,"column":null}},"4":{"start":{"line":48,"column":4},"end":{"line":48,"column":null}},"5":{"start":{"line":49,"column":4},"end":{"line":49,"column":null}},"6":{"start":{"line":50,"column":4},"end":{"line":50,"column":null}},"7":{"start":{"line":51,"column":4},"end":{"line":51,"column":null}},"8":{"start":{"line":53,"column":4},"end":{"line":53,"column":null}},"9":{"start":{"line":54,"column":4},"end":{"line":55,"column":null}},"10":{"start":{"line":56,"column":4},"end":{"line":56,"column":null}},"11":{"start":{"line":68,"column":2},"end":{"line":71,"column":null}},"12":{"start":{"line":84,"column":2},"end":{"line":85,"column":null}},"13":{"start":{"line":85,"column":4},"end":{"line":85,"column":null}},"14":{"start":{"line":88,"column":2},"end":{"line":88,"column":null}},"15":{"start":{"line":90,"column":2},"end":{"line":91,"column":null}},"16":{"start":{"line":91,"column":4},"end":{"line":91,"column":null}},"17":{"start":{"line":109,"column":2},"end":{"line":109,"column":null}},"18":{"start":{"line":111,"column":2},"end":{"line":117,"column":null}},"19":{"start":{"line":139,"column":2},"end":{"line":139,"column":null}},"20":{"start":{"line":141,"column":2},"end":{"line":158,"column":null}}},"fnMap":{"0":{"name":"warmupMailer","decl":{"start":{"line":46,"column":22},"end":{"line":46,"column":52}},"loc":{"start":{"line":46,"column":52},"end":{"line":56,"column":null}},"line":46},"1":{"name":"getMailerHealth","decl":{"start":{"line":67,"column":16},"end":{"line":67,"column":34}},"loc":{"start":{"line":67,"column":34},"end":{"line":71,"column":null}},"line":67},"2":{"name":"ensureMailerReady","decl":{"start":{"line":83,"column":15},"end":{"line":83,"column":50}},"loc":{"start":{"line":83,"column":50},"end":{"line":91,"column":null}},"line":83},"3":{"name":"sendVerificationEmail","decl":{"start":{"line":105,"column":22},"end":{"line":105,"column":null}},"loc":{"start":{"line":108,"column":17},"end":{"line":117,"column":null}},"line":108},"4":{"name":"sendPasswordResetEmail","decl":{"start":{"line":135,"column":22},"end":{"line":135,"column":null}},"loc":{"start":{"line":138,"column":17},"end":{"line":158,"column":null}},"line":138}},"branchMap":{"0":{"loc":{"start":{"line":55,"column":6},"end":{"line":55,"column":null}},"type":"cond-expr","locations":[{"start":{"line":55,"column":31},"end":{"line":55,"column":47}},{"start":{"line":55,"column":47},"end":{"line":55,"column":null}}],"line":55},"1":{"loc":{"start":{"line":84,"column":2},"end":{"line":85,"column":null}},"type":"if","locations":[{"start":{"line":84,"column":2},"end":{"line":85,"column":null}},{"start":{},"end":{}}],"line":84},"2":{"loc":{"start":{"line":90,"column":2},"end":{"line":91,"column":null}},"type":"if","locations":[{"start":{"line":90,"column":2},"end":{"line":91,"column":null}},{"start":{},"end":{}}],"line":90},"3":{"loc":{"start":{"line":91,"column":20},"end":{"line":91,"column":74}},"type":"binary-expr","locations":[{"start":{"line":91,"column":20},"end":{"line":91,"column":39}},{"start":{"line":91,"column":39},"end":{"line":91,"column":74}}],"line":91}},"s":{"0":17,"1":17,"2":17,"3":8,"4":8,"5":3,"6":3,"7":3,"8":5,"9":5,"10":5,"11":4,"12":3,"13":1,"14":2,"15":2,"16":1,"17":2,"18":1,"19":1,"20":1},"f":{"0":8,"1":4,"2":3,"3":2,"4":1},"b":{"0":[4,1],"1":[1,2],"2":[1,1],"3":[1,0]},"meta":{"lastBranch":4,"lastFunction":5,"lastStatement":21,"seen":{"s:21:20:29:2":0,"s:31:18:31:Infinity":1,"s:32:37:32:Infinity":2,"f:46:22:46:52":0,"s:47:2:56:Infinity":3,"s:48:4:48:Infinity":4,"s:49:4:49:Infinity":5,"s:50:4:50:Infinity":6,"s:51:4:51:Infinity":7,"s:53:4:53:Infinity":8,"s:54:4:55:Infinity":9,"b:55:31:55:47:55:47:55:Infinity":0,"s:56:4:56:Infinity":10,"f:67:16:67:34":1,"s:68:2:71:Infinity":11,"f:83:15:83:50":2,"b:84:2:85:Infinity:undefined:undefined:undefined:undefined":1,"s:84:2:85:Infinity":12,"s:85:4:85:Infinity":13,"s:88:2:88:Infinity":14,"b:90:2:91:Infinity:undefined:undefined:undefined:undefined":2,"s:90:2:91:Infinity":15,"s:91:4:91:Infinity":16,"b:91:20:91:39:91:39:91:74":3,"f:105:22:105:Infinity":3,"s:109:2:109:Infinity":17,"s:111:2:117:Infinity":18,"f:135:22:135:Infinity":4,"s:139:2:139:Infinity":19,"s:141:2:158:Infinity":20}}}
,"C:\\Users\\matia\\Documents\\proyectos vs\\Practica-I---Alpha\\Testing\\backend\\src\\utils\\otp.ts": {"path":"C:\\Users\\matia\\Documents\\proyectos vs\\Practica-I---Alpha\\Testing\\backend\\src\\utils\\otp.ts","statementMap":{"0":{"start":{"line":27,"column":13},"end":{"line":27,"column":null}},"1":{"start":{"line":29,"column":2},"end":{"line":30,"column":null}},"2":{"start":{"line":29,"column":15},"end":{"line":29,"column":18}},"3":{"start":{"line":30,"column":4},"end":{"line":30,"column":null}},"4":{"start":{"line":33,"column":2},"end":{"line":33,"column":null}},"5":{"start":{"line":44,"column":2},"end":{"line":44,"column":null}}},"fnMap":{"0":{"name":"generateOtpCode","decl":{"start":{"line":26,"column":16},"end":{"line":26,"column":32}},"loc":{"start":{"line":26,"column":52},"end":{"line":33,"column":null}},"line":26},"1":{"name":"hashOtpCode","decl":{"start":{"line":43,"column":16},"end":{"line":43,"column":28}},"loc":{"start":{"line":43,"column":50},"end":{"line":44,"column":null}},"line":43}},"branchMap":{"0":{"loc":{"start":{"line":26,"column":32},"end":{"line":26,"column":52}},"type":"default-arg","locations":[{"start":{"line":26,"column":41},"end":{"line":26,"column":52}}],"line":26}},"s":{"0":4,"1":4,"2":4,"3":22,"4":4,"5":4},"f":{"0":4,"1":4},"b":{"0":[4]},"meta":{"lastBranch":1,"lastFunction":2,"lastStatement":6,"seen":{"f:26:16:26:32":0,"b:26:41:26:52":0,"s:27:13:27:Infinity":0,"s:29:2:30:Infinity":1,"s:29:15:29:18":2,"s:30:4:30:Infinity":3,"s:33:2:33:Infinity":4,"f:43:16:43:28":1,"s:44:2:44:Infinity":5}}}
,"C:\\Users\\matia\\Documents\\proyectos vs\\Practica-I---Alpha\\Testing\\backend\\src\\utils\\password.ts": {"path":"C:\\Users\\matia\\Documents\\proyectos vs\\Practica-I---Alpha\\Testing\\backend\\src\\utils\\password.ts","statementMap":{"0":{"start":{"line":20,"column":20},"end":{"line":20,"column":null}},"1":{"start":{"line":34,"column":2},"end":{"line":34,"column":null}},"2":{"start":{"line":49,"column":2},"end":{"line":49,"column":null}}},"fnMap":{"0":{"name":"hashPassword","decl":{"start":{"line":33,"column":22},"end":{"line":33,"column":35}},"loc":{"start":{"line":33,"column":70},"end":{"line":34,"column":null}},"line":33},"1":{"name":"comparePassword","decl":{"start":{"line":45,"column":22},"end":{"line":45,"column":null}},"loc":{"start":{"line":48,"column":20},"end":{"line":49,"column":null}},"line":48}},"branchMap":{},"s":{"0":17,"1":1,"2":1},"f":{"0":1,"1":1},"b":{},"meta":{"lastBranch":0,"lastFunction":2,"lastStatement":3,"seen":{"s:20:20:20:Infinity":0,"f:33:22:33:35":0,"s:34:2:34:Infinity":1,"f:45:22:45:Infinity":1,"s:49:2:49:Infinity":2}}}
,"C:\\Users\\matia\\Documents\\proyectos vs\\Practica-I---Alpha\\Testing\\backend\\src\\utils\\request-cookies.ts": {"path":"C:\\Users\\matia\\Documents\\proyectos vs\\Practica-I---Alpha\\Testing\\backend\\src\\utils\\request-cookies.ts","statementMap":{"0":{"start":{"line":41,"column":23},"end":{"line":41,"column":null}},"1":{"start":{"line":43,"column":2},"end":{"line":44,"column":null}},"2":{"start":{"line":44,"column":4},"end":{"line":44,"column":null}},"3":{"start":{"line":47,"column":2},"end":{"line":56,"column":null}},"4":{"start":{"line":48,"column":34},"end":{"line":48,"column":56}},"5":{"start":{"line":50,"column":4},"end":{"line":51,"column":null}},"6":{"start":{"line":51,"column":6},"end":{"line":51,"column":null}},"7":{"start":{"line":54,"column":4},"end":{"line":54,"column":null}},"8":{"start":{"line":55,"column":4},"end":{"line":55,"column":null}}},"fnMap":{"0":{"name":"parseCookies","decl":{"start":{"line":40,"column":16},"end":{"line":40,"column":29}},"loc":{"start":{"line":40,"column":71},"end":{"line":56,"column":null}},"line":40},"1":{"name":"(anonymous_1)","decl":{"start":{"line":47,"column":33},"end":{"line":47,"column":65}},"loc":{"start":{"line":47,"column":79},"end":{"line":56,"column":7}},"line":47}},"branchMap":{"0":{"loc":{"start":{"line":43,"column":2},"end":{"line":44,"column":null}},"type":"if","locations":[{"start":{"line":43,"column":2},"end":{"line":44,"column":null}},{"start":{},"end":{}}],"line":43},"1":{"loc":{"start":{"line":50,"column":4},"end":{"line":51,"column":null}},"type":"if","locations":[{"start":{"line":50,"column":4},"end":{"line":51,"column":null}},{"start":{},"end":{}}],"line":50}},"s":{"0":3,"1":3,"2":1,"3":2,"4":5,"5":5,"6":0,"7":5,"8":5},"f":{"0":3,"1":5},"b":{"0":[1,2],"1":[0,5]},"meta":{"lastBranch":2,"lastFunction":2,"lastStatement":9,"seen":{"f:40:16:40:29":0,"s:41:23:41:Infinity":0,"b:43:2:44:Infinity:undefined:undefined:undefined:undefined":0,"s:43:2:44:Infinity":1,"s:44:4:44:Infinity":2,"s:47:2:56:Infinity":3,"f:47:33:47:65":1,"s:48:34:48:56":4,"b:50:4:51:Infinity:undefined:undefined:undefined:undefined":1,"s:50:4:51:Infinity":5,"s:51:6:51:Infinity":6,"s:54:4:54:Infinity":7,"s:55:4:55:Infinity":8}}}
,"C:\\Users\\matia\\Documents\\proyectos vs\\Practica-I---Alpha\\Testing\\backend\\src\\utils\\router.ts": {"path":"C:\\Users\\matia\\Documents\\proyectos vs\\Practica-I---Alpha\\Testing\\backend\\src\\utils\\router.ts","statementMap":{"0":{"start":{"line":31,"column":28},"end":{"line":31,"column":null}},"1":{"start":{"line":42,"column":33},"end":{"line":42,"column":35}},"2":{"start":{"line":45,"column":22},"end":{"line":48,"column":null}},"3":{"start":{"line":46,"column":6},"end":{"line":46,"column":null}},"4":{"start":{"line":47,"column":6},"end":{"line":47,"column":null}},"5":{"start":{"line":50,"column":18},"end":{"line":50,"column":46}},"6":{"start":{"line":52,"column":4},"end":{"line":52,"column":null}},"7":{"start":{"line":64,"column":16},"end":{"line":64,"column":null}},"8":{"start":{"line":66,"column":4},"end":{"line":86,"column":null}},"9":{"start":{"line":67,"column":6},"end":{"line":86,"column":null}},"10":{"start":{"line":69,"column":22},"end":{"line":69,"column":44}},"11":{"start":{"line":71,"column":8},"end":{"line":86,"column":null}},"12":{"start":{"line":73,"column":49},"end":{"line":73,"column":51}},"13":{"start":{"line":74,"column":10},"end":{"line":76,"column":null}},"14":{"start":{"line":75,"column":12},"end":{"line":75,"column":null}},"15":{"start":{"line":78,"column":11},"end":{"line":78,"column":null}},"16":{"start":{"line":80,"column":10},"end":{"line":82,"column":null}},"17":{"start":{"line":81,"column":30},"end":{"line":81,"column":48}},"18":{"start":{"line":82,"column":12},"end":{"line":82,"column":null}},"19":{"start":{"line":82,"column":27},"end":{"line":82,"column":null}},"20":{"start":{"line":85,"column":10},"end":{"line":85,"column":null}},"21":{"start":{"line":86,"column":10},"end":{"line":86,"column":null}},"22":{"start":{"line":91,"column":4},"end":{"line":91,"column":null}},"23":{"start":{"line":100,"column":4},"end":{"line":103,"column":null}},"24":{"start":{"line":101,"column":7},"end":{"line":101,"column":null}},"25":{"start":{"line":102,"column":7},"end":{"line":102,"column":null}},"26":{"start":{"line":105,"column":4},"end":{"line":136,"column":null}},"27":{"start":{"line":106,"column":19},"end":{"line":106,"column":null}},"28":{"start":{"line":134,"column":7},"end":{"line":134,"column":null}},"29":{"start":{"line":135,"column":7},"end":{"line":135,"column":null}}},"fnMap":{"0":{"name":"(anonymous_0)","decl":{"start":{"line":41,"column":2},"end":{"line":41,"column":9}},"loc":{"start":{"line":41,"column":91},"end":{"line":52,"column":null}},"line":41},"1":{"name":"(anonymous_1)","decl":{"start":{"line":45,"column":35},"end":{"line":45,"column":49}},"loc":{"start":{"line":45,"column":66},"end":{"line":48,"column":null}},"line":45},"2":{"name":"(anonymous_2)","decl":{"start":{"line":63,"column":15},"end":{"line":63,"column":22}},"loc":{"start":{"line":63,"column":77},"end":{"line":91,"column":null}},"line":63},"3":{"name":"(anonymous_3)","decl":{"start":{"line":74,"column":27},"end":{"line":74,"column":36}},"loc":{"start":{"line":74,"column":52},"end":{"line":76,"column":null}},"line":74},"4":{"name":"(anonymous_4)","decl":{"start":{"line":99,"column":2},"end":{"line":99,"column":9}},"loc":{"start":{"line":99,"column":40},"end":{"line":136,"column":null}},"line":99},"5":{"name":"(anonymous_5)","decl":{"start":{"line":100,"column":41},"end":{"line":100,"column":48}},"loc":{"start":{"line":100,"column":88},"end":{"line":103,"column":null}},"line":100},"6":{"name":"(anonymous_6)","decl":{"start":{"line":105,"column":37},"end":{"line":105,"column":44}},"loc":{"start":{"line":105,"column":84},"end":{"line":136,"column":null}},"line":105}},"branchMap":{"0":{"loc":{"start":{"line":64,"column":16},"end":{"line":64,"column":null}},"type":"binary-expr","locations":[{"start":{"line":64,"column":16},"end":{"line":64,"column":42}},{"start":{"line":64,"column":42},"end":{"line":64,"column":null}}],"line":64},"1":{"loc":{"start":{"line":67,"column":6},"end":{"line":86,"column":null}},"type":"if","locations":[{"start":{"line":67,"column":6},"end":{"line":86,"column":null}},{"start":{},"end":{}}],"line":67},"2":{"loc":{"start":{"line":71,"column":8},"end":{"line":86,"column":null}},"type":"if","locations":[{"start":{"line":71,"column":8},"end":{"line":86,"column":null}},{"start":{},"end":{}}],"line":71},"3":{"loc":{"start":{"line":82,"column":12},"end":{"line":82,"column":null}},"type":"if","locations":[{"start":{"line":82,"column":12},"end":{"line":82,"column":null}},{"start":{},"end":{}}],"line":82}},"s":{"0":23,"1":563,"2":563,"3":182,"4":182,"5":563,"6":563,"7":8,"8":8,"9":8,"10":7,"11":7,"12":6,"13":6,"14":2,"15":6,"16":6,"17":2,"18":2,"19":1,"20":5,"21":5,"22":2,"23":0,"24":0,"25":0,"26":0,"27":0,"28":0,"29":0},"f":{"0":563,"1":182,"2":8,"3":2,"4":0,"5":0,"6":0},"b":{"0":[8,1],"1":[7,1],"2":[6,1],"3":[1,1]},"meta":{"lastBranch":4,"lastFunction":7,"lastStatement":30,"seen":{"s:31:28:31:Infinity":0,"f:41:2:41:9":0,"s:42:33:42:35":1,"s:45:22:48:Infinity":2,"f:45:35:45:49":1,"s:46:6:46:Infinity":3,"s:47:6:47:Infinity":4,"s:50:18:50:46":5,"s:52:4:52:Infinity":6,"f:63:15:63:22":2,"s:64:16:64:Infinity":7,"b:64:16:64:42:64:42:64:Infinity":0,"s:66:4:86:Infinity":8,"b:67:6:86:Infinity:undefined:undefined:undefined:undefined":1,"s:67:6:86:Infinity":9,"s:69:22:69:44":10,"b:71:8:86:Infinity:undefined:undefined:undefined:undefined":2,"s:71:8:86:Infinity":11,"s:73:49:73:51":12,"s:74:10:76:Infinity":13,"f:74:27:74:36":3,"s:75:12:75:Infinity":14,"s:78:11:78:Infinity":15,"s:80:10:82:Infinity":16,"s:81:30:81:48":17,"b:82:12:82:Infinity:undefined:undefined:undefined:undefined":3,"s:82:12:82:Infinity":18,"s:82:27:82:Infinity":19,"s:85:10:85:Infinity":20,"s:86:10:86:Infinity":21,"s:91:4:91:Infinity":22,"f:99:2:99:9":4,"s:100:4:103:Infinity":23,"f:100:41:100:48":5,"s:101:7:101:Infinity":24,"s:102:7:102:Infinity":25,"s:105:4:136:Infinity":26,"f:105:37:105:44":6,"s:106:19:106:Infinity":27,"s:134:7:134:Infinity":28,"s:135:7:135:Infinity":29}}}
,"C:\\Users\\matia\\Documents\\proyectos vs\\Practica-I---Alpha\\Testing\\backend\\src\\utils\\token.ts": {"path":"C:\\Users\\matia\\Documents\\proyectos vs\\Practica-I---Alpha\\Testing\\backend\\src\\utils\\token.ts","statementMap":{"0":{"start":{"line":26,"column":2},"end":{"line":26,"column":null}},"1":{"start":{"line":37,"column":2},"end":{"line":37,"column":null}}},"fnMap":{"0":{"name":"generateSecureToken","decl":{"start":{"line":25,"column":16},"end":{"line":25,"column":36}},"loc":{"start":{"line":25,"column":64},"end":{"line":26,"column":null}},"line":25},"1":{"name":"hashSecureToken","decl":{"start":{"line":36,"column":16},"end":{"line":36,"column":32}},"loc":{"start":{"line":36,"column":55},"end":{"line":37,"column":null}},"line":36}},"branchMap":{"0":{"loc":{"start":{"line":25,"column":36},"end":{"line":25,"column":64}},"type":"default-arg","locations":[{"start":{"line":25,"column":52},"end":{"line":25,"column":64}}],"line":25}},"s":{"0":1,"1":2},"f":{"0":1,"1":2},"b":{"0":[1]},"meta":{"lastBranch":1,"lastFunction":2,"lastStatement":2,"seen":{"f:25:16:25:36":0,"b:25:52:25:64":0,"s:26:2:26:Infinity":0,"f:36:16:36:32":1,"s:37:2:37:Infinity":1}}}
,"C:\\Users\\matia\\Documents\\proyectos vs\\Practica-I---Alpha\\Testing\\backend\\src\\validators\\auth.validators.ts": {"path":"C:\\Users\\matia\\Documents\\proyectos vs\\Practica-I---Alpha\\Testing\\backend\\src\\validators\\auth.validators.ts","statementMap":{"0":{"start":{"line":29,"column":30},"end":{"line":43,"column":2}},"1":{"start":{"line":38,"column":26},"end":{"line":38,"column":52}},"2":{"start":{"line":52,"column":27},"end":{"line":60,"column":2}},"3":{"start":{"line":56,"column":26},"end":{"line":56,"column":52}},"4":{"start":{"line":69,"column":32},"end":{"line":77,"column":2}},"5":{"start":{"line":73,"column":26},"end":{"line":73,"column":52}},"6":{"start":{"line":90,"column":40},"end":{"line":92,"column":2}}},"fnMap":{"0":{"name":"(anonymous_0)","decl":{"start":{"line":38,"column":5},"end":{"line":38,"column":16}},"loc":{"start":{"line":38,"column":26},"end":{"line":38,"column":52}},"line":38},"1":{"name":"(anonymous_1)","decl":{"start":{"line":56,"column":5},"end":{"line":56,"column":16}},"loc":{"start":{"line":56,"column":26},"end":{"line":56,"column":52}},"line":56},"2":{"name":"(anonymous_2)","decl":{"start":{"line":73,"column":5},"end":{"line":73,"column":16}},"loc":{"start":{"line":73,"column":26},"end":{"line":73,"column":52}},"line":73}},"branchMap":{},"s":{"0":14,"1":1,"2":14,"3":0,"4":14,"5":0,"6":14},"f":{"0":1,"1":0,"2":0},"b":{},"meta":{"lastBranch":0,"lastFunction":3,"lastStatement":7,"seen":{"s:29:30:43:2":0,"f:38:5:38:16":0,"s:38:26:38:52":1,"s:52:27:60:2":2,"f:56:5:56:16":1,"s:56:26:56:52":3,"s:69:32:77:2":4,"f:73:5:73:16":2,"s:73:26:73:52":5,"s:90:40:92:2":6}}}
}
