{"C:\\Users\\matia\\Documents\\proyectos vs\\Practica-I---Alpha\\development\\backend\\src\\config\\db.ts": {"path":"C:\\Users\\matia\\Documents\\proyectos vs\\Practica-I---Alpha\\development\\backend\\src\\config\\db.ts","statementMap":{"0":{"start":{"line":4,"column":20},"end":{"line":10,"column":2}},"1":{"start":{"line":13,"column":17},"end":{"line":13,"column":37}},"2":{"start":{"line":15,"column":2},"end":{"line":19,"column":null}},"3":{"start":{"line":16,"column":4},"end":{"line":16,"column":null}},"4":{"start":{"line":17,"column":4},"end":{"line":17,"column":null}},"5":{"start":{"line":19,"column":4},"end":{"line":19,"column":null}}},"fnMap":{"0":{"name":"testDbConnection","decl":{"start":{"line":12,"column":22},"end":{"line":12,"column":56}},"loc":{"start":{"line":12,"column":56},"end":{"line":19,"column":null}},"line":12}},"branchMap":{},"s":{"0":21,"1":2,"2":2,"3":2,"4":1,"5":2},"f":{"0":2},"b":{},"meta":{"lastBranch":0,"lastFunction":1,"lastStatement":6,"seen":{"s:4:20:10:2":0,"f:12:22:12:56":0,"s:13:17:13:37":1,"s:15:2:19:Infinity":2,"s:16:4:16:Infinity":3,"s:17:4:17:Infinity":4,"s:19:4:19:Infinity":5}}}
,"C:\\Users\\matia\\Documents\\proyectos vs\\Practica-I---Alpha\\development\\backend\\src\\config\\env.ts": {"path":"C:\\Users\\matia\\Documents\\proyectos vs\\Practica-I---Alpha\\development\\backend\\src\\config\\env.ts","statementMap":{"0":{"start":{"line":4,"column":0},"end":{"line":4,"column":null}},"1":{"start":{"line":7,"column":16},"end":{"line":7,"column":null}},"2":{"start":{"line":10,"column":2},"end":{"line":11,"column":null}},"3":{"start":{"line":11,"column":4},"end":{"line":11,"column":null}},"4":{"start":{"line":14,"column":2},"end":{"line":15,"column":null}},"5":{"start":{"line":15,"column":4},"end":{"line":15,"column":null}},"6":{"start":{"line":18,"column":2},"end":{"line":18,"column":null}},"7":{"start":{"line":22,"column":14},"end":{"line":22,"column":null}},"8":{"start":{"line":25,"column":2},"end":{"line":26,"column":null}},"9":{"start":{"line":26,"column":4},"end":{"line":26,"column":null}},"10":{"start":{"line":29,"column":2},"end":{"line":30,"column":null}},"11":{"start":{"line":30,"column":4},"end":{"line":30,"column":null}},"12":{"start":{"line":33,"column":17},"end":{"line":33,"column":28}},"13":{"start":{"line":36,"column":2},"end":{"line":37,"column":null}},"14":{"start":{"line":37,"column":4},"end":{"line":37,"column":null}},"15":{"start":{"line":40,"column":2},"end":{"line":41,"column":null}},"16":{"start":{"line":41,"column":4},"end":{"line":41,"column":null}},"17":{"start":{"line":44,"column":2},"end":{"line":44,"column":null}},"18":{"start":{"line":47,"column":24},"end":{"line":47,"column":64}},"19":{"start":{"line":48,"column":25},"end":{"line":48,"column":65}},"20":{"start":{"line":50,"column":19},"end":{"line":86,"column":null}}},"fnMap":{"0":{"name":"getEnv","decl":{"start":{"line":6,"column":9},"end":{"line":6,"column":16}},"loc":{"start":{"line":6,"column":61},"end":{"line":18,"column":null}},"line":6},"1":{"name":"getNumberEnv","decl":{"start":{"line":21,"column":9},"end":{"line":21,"column":22}},"loc":{"start":{"line":21,"column":67},"end":{"line":44,"column":null}},"line":21}},"branchMap":{"0":{"loc":{"start":{"line":7,"column":16},"end":{"line":7,"column":null}},"type":"binary-expr","locations":[{"start":{"line":7,"column":16},"end":{"line":7,"column":37}},{"start":{"line":7,"column":37},"end":{"line":7,"column":null}}],"line":7},"1":{"loc":{"start":{"line":10,"column":2},"end":{"line":11,"column":null}},"type":"if","locations":[{"start":{"line":10,"column":2},"end":{"line":11,"column":null}},{"start":{},"end":{}}],"line":10},"2":{"loc":{"start":{"line":10,"column":2},"end":{"line":10,"column":62}},"type":"binary-expr","locations":[{"start":{"line":10,"column":2},"end":{"line":10,"column":41}},{"start":{"line":10,"column":41},"end":{"line":10,"column":62}}],"line":10},"3":{"loc":{"start":{"line":14,"column":2},"end":{"line":15,"column":null}},"type":"if","locations":[{"start":{"line":14,"column":2},"end":{"line":15,"column":null}},{"start":{},"end":{}}],"line":14},"4":{"loc":{"start":{"line":22,"column":14},"end":{"line":22,"column":null}},"type":"binary-expr","locations":[{"start":{"line":22,"column":14},"end":{"line":22,"column":36}},{"start":{"line":22,"column":36},"end":{"line":22,"column":null}}],"line":22},"5":{"loc":{"start":{"line":22,"column":36},"end":{"line":22,"column":null}},"type":"cond-expr","locations":[{"start":{"line":22,"column":65},"end":{"line":22,"column":85}},{"start":{"line":22,"column":88},"end":{"line":22,"column":null}}],"line":22},"6":{"loc":{"start":{"line":25,"column":2},"end":{"line":26,"column":null}},"type":"if","locations":[{"start":{"line":25,"column":2},"end":{"line":26,"column":null}},{"start":{},"end":{}}],"line":25},"7":{"loc":{"start":{"line":25,"column":2},"end":{"line":25,"column":60}},"type":"binary-expr","locations":[{"start":{"line":25,"column":2},"end":{"line":25,"column":41}},{"start":{"line":25,"column":41},"end":{"line":25,"column":60}}],"line":25},"8":{"loc":{"start":{"line":29,"column":2},"end":{"line":30,"column":null}},"type":"if","locations":[{"start":{"line":29,"column":2},"end":{"line":30,"column":null}},{"start":{},"end":{}}],"line":29},"9":{"loc":{"start":{"line":36,"column":2},"end":{"line":37,"column":null}},"type":"if","locations":[{"start":{"line":36,"column":2},"end":{"line":37,"column":null}},{"start":{},"end":{}}],"line":36},"10":{"loc":{"start":{"line":36,"column":2},"end":{"line":36,"column":61}},"type":"binary-expr","locations":[{"start":{"line":36,"column":2},"end":{"line":36,"column":41}},{"start":{"line":36,"column":41},"end":{"line":36,"column":61}}],"line":36},"11":{"loc":{"start":{"line":40,"column":2},"end":{"line":41,"column":null}},"type":"if","locations":[{"start":{"line":40,"column":2},"end":{"line":41,"column":null}},{"start":{},"end":{}}],"line":40},"12":{"loc":{"start":{"line":77,"column":2},"end":{"line":77,"column":null}},"type":"binary-expr","locations":[{"start":{"line":77,"column":2},"end":{"line":77,"column":67}},{"start":{"line":77,"column":71},"end":{"line":77,"column":null}}],"line":77},"13":{"loc":{"start":{"line":78,"column":2},"end":{"line":78,"column":null}},"type":"binary-expr","locations":[{"start":{"line":78,"column":2},"end":{"line":78,"column":69}},{"start":{"line":78,"column":73},"end":{"line":78,"column":null}}],"line":78}},"s":{"0":16,"1":304,"2":304,"3":0,"4":304,"5":0,"6":304,"7":48,"8":48,"9":0,"10":48,"11":0,"12":48,"13":48,"14":0,"15":48,"16":0,"17":48,"18":16,"19":16,"20":16},"f":{"0":304,"1":48},"b":{"0":[304,0],"1":[0,304],"2":[304,304],"3":[0,304],"4":[48,0],"5":[0,0],"6":[0,48],"7":[48,48],"8":[0,48],"9":[0,48],"10":[48,48],"11":[0,48],"12":[16,0],"13":[16,0]},"meta":{"lastBranch":14,"lastFunction":2,"lastStatement":21,"seen":{"s:4:0:4:Infinity":0,"f:6:9:6:16":0,"s:7:16:7:Infinity":1,"b:7:16:7:37:7:37:7:Infinity":0,"b:10:2:11:Infinity:undefined:undefined:undefined:undefined":1,"s:10:2:11:Infinity":2,"b:10:2:10:41:10:41:10:62":2,"s:11:4:11:Infinity":3,"b:14:2:15:Infinity:undefined:undefined:undefined:undefined":3,"s:14:2:15:Infinity":4,"s:15:4:15:Infinity":5,"s:18:2:18:Infinity":6,"f:21:9:21:22":1,"s:22:14:22:Infinity":7,"b:22:14:22:36:22:36:22:Infinity":4,"b:22:65:22:85:22:88:22:Infinity":5,"b:25:2:26:Infinity:undefined:undefined:undefined:undefined":6,"s:25:2:26:Infinity":8,"b:25:2:25:41:25:41:25:60":7,"s:26:4:26:Infinity":9,"b:29:2:30:Infinity:undefined:undefined:undefined:undefined":8,"s:29:2:30:Infinity":10,"s:30:4:30:Infinity":11,"s:33:17:33:28":12,"b:36:2:37:Infinity:undefined:undefined:undefined:undefined":9,"s:36:2:37:Infinity":13,"b:36:2:36:41:36:41:36:61":10,"s:37:4:37:Infinity":14,"b:40:2:41:Infinity:undefined:undefined:undefined:undefined":11,"s:40:2:41:Infinity":15,"s:41:4:41:Infinity":16,"s:44:2:44:Infinity":17,"s:47:24:47:64":18,"s:48:25:48:65":19,"s:50:19:86:Infinity":20,"b:77:2:77:67:77:71:77:Infinity":12,"b:78:2:78:69:78:73:78:Infinity":13}}}
,"C:\\Users\\matia\\Documents\\proyectos vs\\Practica-I---Alpha\\development\\backend\\src\\config\\s3.ts": {"path":"C:\\Users\\matia\\Documents\\proyectos vs\\Practica-I---Alpha\\development\\backend\\src\\config\\s3.ts","statementMap":{"0":{"start":{"line":4,"column":24},"end":{"line":13,"column":2}}},"fnMap":{},"branchMap":{},"s":{"0":11},"f":{},"b":{},"meta":{"lastBranch":0,"lastFunction":0,"lastStatement":1,"seen":{"s:4:24:13:2":0}}}
,"C:\\Users\\matia\\Documents\\proyectos vs\\Practica-I---Alpha\\development\\backend\\src\\middlewares\\auth.middleware.ts": {"path":"C:\\Users\\matia\\Documents\\proyectos vs\\Practica-I---Alpha\\development\\backend\\src\\middlewares\\auth.middleware.ts","statementMap":{"0":{"start":{"line":7,"column":2},"end":{"line":18,"column":null}},"1":{"start":{"line":8,"column":20},"end":{"line":8,"column":42}},"2":{"start":{"line":10,"column":4},"end":{"line":10,"column":null}},"3":{"start":{"line":12,"column":4},"end":{"line":12,"column":null}},"4":{"start":{"line":14,"column":19},"end":{"line":14,"column":null}},"5":{"start":{"line":15,"column":20},"end":{"line":15,"column":null}},"6":{"start":{"line":17,"column":4},"end":{"line":17,"column":null}},"7":{"start":{"line":18,"column":4},"end":{"line":18,"column":null}},"8":{"start":{"line":23,"column":2},"end":{"line":39,"column":null}},"9":{"start":{"line":25,"column":27},"end":{"line":25,"column":57}},"10":{"start":{"line":27,"column":4},"end":{"line":27,"column":null}},"11":{"start":{"line":27,"column":24},"end":{"line":27,"column":null}},"12":{"start":{"line":29,"column":38},"end":{"line":29,"column":65}},"13":{"start":{"line":31,"column":4},"end":{"line":36,"column":null}},"14":{"start":{"line":32,"column":6},"end":{"line":35,"column":null}},"15":{"start":{"line":36,"column":6},"end":{"line":36,"column":null}},"16":{"start":{"line":39,"column":4},"end":{"line":39,"column":null}},"17":{"start":{"line":44,"column":25},"end":{"line":44,"column":55}},"18":{"start":{"line":46,"column":2},"end":{"line":46,"column":null}},"19":{"start":{"line":46,"column":22},"end":{"line":46,"column":null}},"20":{"start":{"line":48,"column":2},"end":{"line":48,"column":null}}},"fnMap":{"0":{"name":"authMiddleware","decl":{"start":{"line":6,"column":22},"end":{"line":6,"column":37}},"loc":{"start":{"line":6,"column":99},"end":{"line":18,"column":null}},"line":6},"1":{"name":"requirePermission","decl":{"start":{"line":22,"column":16},"end":{"line":22,"column":34}},"loc":{"start":{"line":22,"column":62},"end":{"line":39,"column":null}},"line":22},"2":{"name":"(anonymous_2)","decl":{"start":{"line":23,"column":9},"end":{"line":23,"column":16}},"loc":{"start":{"line":23,"column":81},"end":{"line":39,"column":null}},"line":23},"3":{"name":"requireLogin","decl":{"start":{"line":43,"column":22},"end":{"line":43,"column":35}},"loc":{"start":{"line":43,"column":97},"end":{"line":48,"column":null}},"line":43}},"branchMap":{"0":{"loc":{"start":{"line":14,"column":19},"end":{"line":14,"column":null}},"type":"cond-expr","locations":[{"start":{"line":14,"column":47},"end":{"line":14,"column":66}},{"start":{"line":14,"column":66},"end":{"line":14,"column":null}}],"line":14},"1":{"loc":{"start":{"line":15,"column":20},"end":{"line":15,"column":null}},"type":"cond-expr","locations":[{"start":{"line":15,"column":48},"end":{"line":15,"column":64}},{"start":{"line":15,"column":64},"end":{"line":15,"column":null}}],"line":15},"2":{"loc":{"start":{"line":27,"column":4},"end":{"line":27,"column":null}},"type":"if","locations":[{"start":{"line":27,"column":4},"end":{"line":27,"column":null}},{"start":{},"end":{}}],"line":27},"3":{"loc":{"start":{"line":29,"column":38},"end":{"line":29,"column":65}},"type":"binary-expr","locations":[{"start":{"line":29,"column":38},"end":{"line":29,"column":63}},{"start":{"line":29,"column":63},"end":{"line":29,"column":65}}],"line":29},"4":{"loc":{"start":{"line":31,"column":4},"end":{"line":36,"column":null}},"type":"if","locations":[{"start":{"line":31,"column":4},"end":{"line":36,"column":null}},{"start":{},"end":{}}],"line":31},"5":{"loc":{"start":{"line":46,"column":2},"end":{"line":46,"column":null}},"type":"if","locations":[{"start":{"line":46,"column":2},"end":{"line":46,"column":null}},{"start":{},"end":{}}],"line":46}},"s":{"0":8,"1":8,"2":4,"3":4,"4":4,"5":4,"6":4,"7":4,"8":143,"9":3,"10":3,"11":1,"12":2,"13":3,"14":1,"15":1,"16":1,"17":2,"18":2,"19":1,"20":1},"f":{"0":8,"1":143,"2":3,"3":2},"b":{"0":[2,2],"1":[2,2],"2":[1,2],"3":[2,0],"4":[1,2],"5":[1,1]},"meta":{"lastBranch":6,"lastFunction":4,"lastStatement":21,"seen":{"f:6:22:6:37":0,"s:7:2:18:Infinity":0,"s:8:20:8:42":1,"s:10:4:10:Infinity":2,"s:12:4:12:Infinity":3,"s:14:19:14:Infinity":4,"b:14:47:14:66:14:66:14:Infinity":0,"s:15:20:15:Infinity":5,"b:15:48:15:64:15:64:15:Infinity":1,"s:17:4:17:Infinity":6,"s:18:4:18:Infinity":7,"f:22:16:22:34":1,"s:23:2:39:Infinity":8,"f:23:9:23:16":2,"s:25:27:25:57":9,"b:27:4:27:Infinity:undefined:undefined:undefined:undefined":2,"s:27:4:27:Infinity":10,"s:27:24:27:Infinity":11,"s:29:38:29:65":12,"b:29:38:29:63:29:63:29:65":3,"b:31:4:36:Infinity:undefined:undefined:undefined:undefined":4,"s:31:4:36:Infinity":13,"s:32:6:35:Infinity":14,"s:36:6:36:Infinity":15,"s:39:4:39:Infinity":16,"f:43:22:43:35":3,"s:44:25:44:55":17,"b:46:2:46:Infinity:undefined:undefined:undefined:undefined":5,"s:46:2:46:Infinity":18,"s:46:22:46:Infinity":19,"s:48:2:48:Infinity":20}}}
,"C:\\Users\\matia\\Documents\\proyectos vs\\Practica-I---Alpha\\development\\backend\\src\\repositories\\auth.repository.ts": {"path":"C:\\Users\\matia\\Documents\\proyectos vs\\Practica-I---Alpha\\development\\backend\\src\\repositories\\auth.repository.ts","statementMap":{"0":{"start":{"line":15,"column":16},"end":{"line":15,"column":null}},"1":{"start":{"line":22,"column":19},"end":{"line":22,"column":71}},"2":{"start":{"line":23,"column":2},"end":{"line":23,"column":null}},"3":{"start":{"line":27,"column":16},"end":{"line":27,"column":null}},"4":{"start":{"line":42,"column":19},"end":{"line":42,"column":60}},"5":{"start":{"line":43,"column":2},"end":{"line":43,"column":null}},"6":{"start":{"line":47,"column":16},"end":{"line":47,"column":null}},"7":{"start":{"line":62,"column":19},"end":{"line":62,"column":63}},"8":{"start":{"line":63,"column":2},"end":{"line":63,"column":null}},"9":{"start":{"line":67,"column":16},"end":{"line":67,"column":null}},"10":{"start":{"line":93,"column":17},"end":{"line":100,"column":null}},"11":{"start":{"line":102,"column":19},"end":{"line":102,"column":64}},"12":{"start":{"line":103,"column":2},"end":{"line":103,"column":null}},"13":{"start":{"line":109,"column":16},"end":{"line":109,"column":null}},"14":{"start":{"line":141,"column":17},"end":{"line":147,"column":null}},"15":{"start":{"line":149,"column":19},"end":{"line":151,"column":null}},"16":{"start":{"line":154,"column":2},"end":{"line":154,"column":null}},"17":{"start":{"line":158,"column":16},"end":{"line":158,"column":null}},"18":{"start":{"line":186,"column":19},"end":{"line":186,"column":65}},"19":{"start":{"line":187,"column":2},"end":{"line":187,"column":null}},"20":{"start":{"line":191,"column":16},"end":{"line":191,"column":null}},"21":{"start":{"line":204,"column":19},"end":{"line":204,"column":65}},"22":{"start":{"line":205,"column":2},"end":{"line":205,"column":null}},"23":{"start":{"line":212,"column":16},"end":{"line":212,"column":null}},"24":{"start":{"line":238,"column":19},"end":{"line":238,"column":89}},"25":{"start":{"line":239,"column":2},"end":{"line":239,"column":null}},"26":{"start":{"line":243,"column":16},"end":{"line":243,"column":null}},"27":{"start":{"line":251,"column":2},"end":{"line":251,"column":null}},"28":{"start":{"line":255,"column":16},"end":{"line":255,"column":null}},"29":{"start":{"line":264,"column":2},"end":{"line":264,"column":null}},"30":{"start":{"line":268,"column":16},"end":{"line":268,"column":null}},"31":{"start":{"line":276,"column":2},"end":{"line":276,"column":null}},"32":{"start":{"line":280,"column":16},"end":{"line":280,"column":null}},"33":{"start":{"line":288,"column":2},"end":{"line":288,"column":null}},"34":{"start":{"line":292,"column":16},"end":{"line":292,"column":null}},"35":{"start":{"line":300,"column":2},"end":{"line":300,"column":null}},"36":{"start":{"line":304,"column":16},"end":{"line":304,"column":null}},"37":{"start":{"line":310,"column":2},"end":{"line":310,"column":null}},"38":{"start":{"line":314,"column":16},"end":{"line":314,"column":null}},"39":{"start":{"line":320,"column":2},"end":{"line":320,"column":null}},"40":{"start":{"line":324,"column":16},"end":{"line":324,"column":null}},"41":{"start":{"line":334,"column":2},"end":{"line":334,"column":null}},"42":{"start":{"line":338,"column":16},"end":{"line":338,"column":null}},"43":{"start":{"line":372,"column":17},"end":{"line":382,"column":null}},"44":{"start":{"line":384,"column":19},"end":{"line":384,"column":63}},"45":{"start":{"line":385,"column":2},"end":{"line":385,"column":null}},"46":{"start":{"line":389,"column":16},"end":{"line":389,"column":null}},"47":{"start":{"line":408,"column":19},"end":{"line":408,"column":68}},"48":{"start":{"line":409,"column":2},"end":{"line":409,"column":null}},"49":{"start":{"line":416,"column":16},"end":{"line":416,"column":null}},"50":{"start":{"line":426,"column":2},"end":{"line":426,"column":null}},"51":{"start":{"line":430,"column":16},"end":{"line":430,"column":null}},"52":{"start":{"line":438,"column":2},"end":{"line":438,"column":null}},"53":{"start":{"line":442,"column":16},"end":{"line":442,"column":null}},"54":{"start":{"line":470,"column":19},"end":{"line":470,"column":69}},"55":{"start":{"line":471,"column":2},"end":{"line":471,"column":null}},"56":{"start":{"line":480,"column":16},"end":{"line":480,"column":null}},"57":{"start":{"line":500,"column":19},"end":{"line":505,"column":4}},"58":{"start":{"line":507,"column":2},"end":{"line":507,"column":null}},"59":{"start":{"line":514,"column":16},"end":{"line":514,"column":null}},"60":{"start":{"line":525,"column":2},"end":{"line":525,"column":null}},"61":{"start":{"line":533,"column":16},"end":{"line":533,"column":null}},"62":{"start":{"line":543,"column":2},"end":{"line":543,"column":null}},"63":{"start":{"line":551,"column":16},"end":{"line":551,"column":null}},"64":{"start":{"line":560,"column":2},"end":{"line":560,"column":null}},"65":{"start":{"line":567,"column":16},"end":{"line":567,"column":null}},"66":{"start":{"line":572,"column":2},"end":{"line":572,"column":null}},"67":{"start":{"line":580,"column":16},"end":{"line":580,"column":null}},"68":{"start":{"line":587,"column":2},"end":{"line":587,"column":null}},"69":{"start":{"line":594,"column":16},"end":{"line":594,"column":null}},"70":{"start":{"line":603,"column":19},"end":{"line":603,"column":88}},"71":{"start":{"line":604,"column":2},"end":{"line":604,"column":null}},"72":{"start":{"line":611,"column":16},"end":{"line":611,"column":null}},"73":{"start":{"line":619,"column":2},"end":{"line":619,"column":null}},"74":{"start":{"line":628,"column":16},"end":{"line":628,"column":null}},"75":{"start":{"line":645,"column":2},"end":{"line":645,"column":null}},"76":{"start":{"line":651,"column":16},"end":{"line":651,"column":null}},"77":{"start":{"line":659,"column":19},"end":{"line":659,"column":112}},"78":{"start":{"line":660,"column":2},"end":{"line":660,"column":null}},"79":{"start":{"line":666,"column":16},"end":{"line":666,"column":null}},"80":{"start":{"line":671,"column":2},"end":{"line":671,"column":null}},"81":{"start":{"line":675,"column":16},"end":{"line":675,"column":null}},"82":{"start":{"line":686,"column":19},"end":{"line":686,"column":42}},"83":{"start":{"line":687,"column":2},"end":{"line":687,"column":null}},"84":{"start":{"line":691,"column":16},"end":{"line":691,"column":null}},"85":{"start":{"line":697,"column":23},"end":{"line":697,"column":67}},"86":{"start":{"line":698,"column":2},"end":{"line":698,"column":null}},"87":{"start":{"line":702,"column":16},"end":{"line":702,"column":null}},"88":{"start":{"line":708,"column":19},"end":{"line":708,"column":52}},"89":{"start":{"line":709,"column":2},"end":{"line":709,"column":null}},"90":{"start":{"line":713,"column":16},"end":{"line":713,"column":null}},"91":{"start":{"line":714,"column":23},"end":{"line":714,"column":56}},"92":{"start":{"line":715,"column":2},"end":{"line":715,"column":null}},"93":{"start":{"line":719,"column":2},"end":{"line":726,"column":null}},"94":{"start":{"line":720,"column":18},"end":{"line":720,"column":null}},"95":{"start":{"line":721,"column":25},"end":{"line":721,"column":93}},"96":{"start":{"line":722,"column":4},"end":{"line":722,"column":null}},"97":{"start":{"line":724,"column":18},"end":{"line":724,"column":null}},"98":{"start":{"line":725,"column":25},"end":{"line":725,"column":79}},"99":{"start":{"line":726,"column":4},"end":{"line":726,"column":null}},"100":{"start":{"line":731,"column":16},"end":{"line":731,"column":null}},"101":{"start":{"line":737,"column":19},"end":{"line":737,"column":42}},"102":{"start":{"line":738,"column":2},"end":{"line":738,"column":null}}},"fnMap":{"0":{"name":"findRoleIdByCode","decl":{"start":{"line":14,"column":22},"end":{"line":14,"column":39}},"loc":{"start":{"line":14,"column":77},"end":{"line":23,"column":null}},"line":14},"1":{"name":"findAccountByEmail","decl":{"start":{"line":26,"column":22},"end":{"line":26,"column":41}},"loc":{"start":{"line":26,"column":81},"end":{"line":43,"column":null}},"line":26},"2":{"name":"findAccountByUsername","decl":{"start":{"line":46,"column":22},"end":{"line":46,"column":44}},"loc":{"start":{"line":46,"column":87},"end":{"line":63,"column":null}},"line":46},"3":{"name":"createAccount","decl":{"start":{"line":66,"column":22},"end":{"line":66,"column":36}},"loc":{"start":{"line":66,"column":86},"end":{"line":103,"column":null}},"line":66},"4":{"name":"createVerificationCode","decl":{"start":{"line":106,"column":22},"end":{"line":106,"column":null}},"loc":{"start":{"line":108,"column":72},"end":{"line":154,"column":null}},"line":108},"5":{"name":"findAccountLoginByEmail","decl":{"start":{"line":157,"column":22},"end":{"line":157,"column":46}},"loc":{"start":{"line":157,"column":91},"end":{"line":187,"column":null}},"line":157},"6":{"name":"findAccountBasicByEmail","decl":{"start":{"line":190,"column":22},"end":{"line":190,"column":46}},"loc":{"start":{"line":190,"column":91},"end":{"line":205,"column":null}},"line":190},"7":{"name":"findLatestVerificationCodeByAccountId","decl":{"start":{"line":208,"column":22},"end":{"line":208,"column":null}},"loc":{"start":{"line":211,"column":42},"end":{"line":239,"column":null}},"line":211},"8":{"name":"incrementFailedLoginAttempts","decl":{"start":{"line":242,"column":22},"end":{"line":242,"column":51}},"loc":{"start":{"line":242,"column":85},"end":{"line":251,"column":null}},"line":242},"9":{"name":"resetFailedLoginAttempts","decl":{"start":{"line":254,"column":22},"end":{"line":254,"column":47}},"loc":{"start":{"line":254,"column":81},"end":{"line":264,"column":null}},"line":254},"10":{"name":"lockAccountUntil","decl":{"start":{"line":267,"column":22},"end":{"line":267,"column":39}},"loc":{"start":{"line":267,"column":92},"end":{"line":276,"column":null}},"line":267},"11":{"name":"updateAccountStatus","decl":{"start":{"line":279,"column":22},"end":{"line":279,"column":42}},"loc":{"start":{"line":279,"column":92},"end":{"line":288,"column":null}},"line":279},"12":{"name":"updateLastLoginAt","decl":{"start":{"line":291,"column":22},"end":{"line":291,"column":40}},"loc":{"start":{"line":291,"column":74},"end":{"line":300,"column":null}},"line":291},"13":{"name":"incrementVerificationAttempts","decl":{"start":{"line":303,"column":22},"end":{"line":303,"column":52}},"loc":{"start":{"line":303,"column":95},"end":{"line":310,"column":null}},"line":303},"14":{"name":"consumeVerificationCode","decl":{"start":{"line":313,"column":22},"end":{"line":313,"column":46}},"loc":{"start":{"line":313,"column":89},"end":{"line":320,"column":null}},"line":313},"15":{"name":"activateAccount","decl":{"start":{"line":323,"column":22},"end":{"line":323,"column":38}},"loc":{"start":{"line":323,"column":72},"end":{"line":334,"column":null}},"line":323},"16":{"name":"createAuthSession","decl":{"start":{"line":337,"column":22},"end":{"line":337,"column":40}},"loc":{"start":{"line":337,"column":93},"end":{"line":385,"column":null}},"line":337},"17":{"name":"findAuthSessionById","decl":{"start":{"line":388,"column":22},"end":{"line":388,"column":42}},"loc":{"start":{"line":388,"column":99},"end":{"line":409,"column":null}},"line":388},"18":{"name":"revokeAuthSession","decl":{"start":{"line":412,"column":22},"end":{"line":412,"column":null}},"loc":{"start":{"line":415,"column":17},"end":{"line":426,"column":null}},"line":415},"19":{"name":"updateAuthSessionLastUsed","decl":{"start":{"line":429,"column":22},"end":{"line":429,"column":48}},"loc":{"start":{"line":429,"column":82},"end":{"line":438,"column":null}},"line":429},"20":{"name":"findAccountByIdForSession","decl":{"start":{"line":441,"column":22},"end":{"line":441,"column":48}},"loc":{"start":{"line":441,"column":106},"end":{"line":471,"column":null}},"line":441},"21":{"name":"rotateAuthSessionRefreshToken","decl":{"start":{"line":474,"column":22},"end":{"line":474,"column":null}},"loc":{"start":{"line":479,"column":31},"end":{"line":507,"column":null}},"line":479},"22":{"name":"revokeAllActiveSessionsByAccountId","decl":{"start":{"line":510,"column":22},"end":{"line":510,"column":null}},"loc":{"start":{"line":513,"column":17},"end":{"line":525,"column":null}},"line":513},"23":{"name":"invalidateActiveVerificationCodes","decl":{"start":{"line":528,"column":22},"end":{"line":528,"column":null}},"loc":{"start":{"line":532,"column":17},"end":{"line":543,"column":null}},"line":532},"24":{"name":"markVerificationCodeResent","decl":{"start":{"line":546,"column":22},"end":{"line":546,"column":null}},"loc":{"start":{"line":550,"column":17},"end":{"line":560,"column":null}},"line":550},"25":{"name":"blockVerificationCodeUntil","decl":{"start":{"line":563,"column":22},"end":{"line":563,"column":null}},"loc":{"start":{"line":566,"column":17},"end":{"line":572,"column":null}},"line":566},"26":{"name":"createPasswordResetToken","decl":{"start":{"line":575,"column":22},"end":{"line":575,"column":null}},"loc":{"start":{"line":579,"column":17},"end":{"line":587,"column":null}},"line":579},"27":{"name":"findValidVerificationCodeByHash","decl":{"start":{"line":590,"column":22},"end":{"line":590,"column":null}},"loc":{"start":{"line":593,"column":42},"end":{"line":604,"column":null}},"line":593},"28":{"name":"updateAccountPassword","decl":{"start":{"line":607,"column":22},"end":{"line":607,"column":null}},"loc":{"start":{"line":610,"column":17},"end":{"line":619,"column":null}},"line":610},"29":{"name":"createRevalidationCode","decl":{"start":{"line":622,"column":22},"end":{"line":622,"column":null}},"loc":{"start":{"line":627,"column":17},"end":{"line":645,"column":null}},"line":627},"30":{"name":"findValidPasswordResetToken","decl":{"start":{"line":648,"column":22},"end":{"line":648,"column":null}},"loc":{"start":{"line":650,"column":75},"end":{"line":660,"column":null}},"line":650},"31":{"name":"consumePasswordResetToken","decl":{"start":{"line":663,"column":22},"end":{"line":663,"column":null}},"loc":{"start":{"line":665,"column":17},"end":{"line":671,"column":null}},"line":665},"32":{"name":"fetchAllUsersFromDb","decl":{"start":{"line":674,"column":22},"end":{"line":674,"column":44}},"loc":{"start":{"line":674,"column":44},"end":{"line":687,"column":null}},"line":674},"33":{"name":"updateUserStatusInDb","decl":{"start":{"line":690,"column":22},"end":{"line":690,"column":43}},"loc":{"start":{"line":690,"column":87},"end":{"line":698,"column":null}},"line":690},"34":{"name":"getUserRoleCodeById","decl":{"start":{"line":701,"column":22},"end":{"line":701,"column":42}},"loc":{"start":{"line":701,"column":67},"end":{"line":709,"column":null}},"line":701},"35":{"name":"deleteUserFromDb","decl":{"start":{"line":712,"column":22},"end":{"line":712,"column":39}},"loc":{"start":{"line":712,"column":64},"end":{"line":715,"column":null}},"line":712},"36":{"name":"updateUserAdminInDb","decl":{"start":{"line":718,"column":22},"end":{"line":718,"column":42}},"loc":{"start":{"line":718,"column":135},"end":{"line":726,"column":null}},"line":718},"37":{"name":"fetchActiveRolesFromDb","decl":{"start":{"line":730,"column":22},"end":{"line":730,"column":47}},"loc":{"start":{"line":730,"column":47},"end":{"line":738,"column":null}},"line":730}},"branchMap":{"0":{"loc":{"start":{"line":23,"column":9},"end":{"line":23,"column":null}},"type":"binary-expr","locations":[{"start":{"line":23,"column":9},"end":{"line":23,"column":29}},{"start":{"line":23,"column":29},"end":{"line":23,"column":null}}],"line":23},"1":{"loc":{"start":{"line":43,"column":9},"end":{"line":43,"column":null}},"type":"binary-expr","locations":[{"start":{"line":43,"column":9},"end":{"line":43,"column":20}},{"start":{"line":43,"column":20},"end":{"line":43,"column":null}}],"line":43},"2":{"loc":{"start":{"line":63,"column":9},"end":{"line":63,"column":null}},"type":"binary-expr","locations":[{"start":{"line":63,"column":9},"end":{"line":63,"column":20}},{"start":{"line":63,"column":20},"end":{"line":63,"column":null}}],"line":63},"3":{"loc":{"start":{"line":187,"column":9},"end":{"line":187,"column":null}},"type":"binary-expr","locations":[{"start":{"line":187,"column":9},"end":{"line":187,"column":20}},{"start":{"line":187,"column":20},"end":{"line":187,"column":null}}],"line":187},"4":{"loc":{"start":{"line":205,"column":9},"end":{"line":205,"column":null}},"type":"binary-expr","locations":[{"start":{"line":205,"column":9},"end":{"line":205,"column":20}},{"start":{"line":205,"column":20},"end":{"line":205,"column":null}}],"line":205},"5":{"loc":{"start":{"line":239,"column":9},"end":{"line":239,"column":null}},"type":"binary-expr","locations":[{"start":{"line":239,"column":9},"end":{"line":239,"column":20}},{"start":{"line":239,"column":20},"end":{"line":239,"column":null}}],"line":239},"6":{"loc":{"start":{"line":376,"column":4},"end":{"line":376,"column":null}},"type":"binary-expr","locations":[{"start":{"line":376,"column":4},"end":{"line":376,"column":23}},{"start":{"line":376,"column":23},"end":{"line":376,"column":null}}],"line":376},"7":{"loc":{"start":{"line":377,"column":4},"end":{"line":377,"column":null}},"type":"binary-expr","locations":[{"start":{"line":377,"column":4},"end":{"line":377,"column":23}},{"start":{"line":377,"column":23},"end":{"line":377,"column":null}}],"line":377},"8":{"loc":{"start":{"line":378,"column":4},"end":{"line":378,"column":null}},"type":"binary-expr","locations":[{"start":{"line":378,"column":4},"end":{"line":378,"column":22}},{"start":{"line":378,"column":22},"end":{"line":378,"column":null}}],"line":378},"9":{"loc":{"start":{"line":379,"column":4},"end":{"line":379,"column":null}},"type":"binary-expr","locations":[{"start":{"line":379,"column":4},"end":{"line":379,"column":24}},{"start":{"line":379,"column":24},"end":{"line":379,"column":null}}],"line":379},"10":{"loc":{"start":{"line":380,"column":4},"end":{"line":380,"column":null}},"type":"binary-expr","locations":[{"start":{"line":380,"column":4},"end":{"line":380,"column":25}},{"start":{"line":380,"column":25},"end":{"line":380,"column":null}}],"line":380},"11":{"loc":{"start":{"line":409,"column":9},"end":{"line":409,"column":null}},"type":"binary-expr","locations":[{"start":{"line":409,"column":9},"end":{"line":409,"column":20}},{"start":{"line":409,"column":20},"end":{"line":409,"column":null}}],"line":409},"12":{"loc":{"start":{"line":414,"column":2},"end":{"line":414,"column":null}},"type":"default-arg","locations":[{"start":{"line":414,"column":11},"end":{"line":414,"column":null}}],"line":414},"13":{"loc":{"start":{"line":471,"column":9},"end":{"line":471,"column":null}},"type":"binary-expr","locations":[{"start":{"line":471,"column":9},"end":{"line":471,"column":20}},{"start":{"line":471,"column":20},"end":{"line":471,"column":null}}],"line":471},"14":{"loc":{"start":{"line":507,"column":9},"end":{"line":507,"column":null}},"type":"binary-expr","locations":[{"start":{"line":507,"column":9},"end":{"line":507,"column":20}},{"start":{"line":507,"column":20},"end":{"line":507,"column":null}}],"line":507},"15":{"loc":{"start":{"line":512,"column":2},"end":{"line":512,"column":null}},"type":"default-arg","locations":[{"start":{"line":512,"column":11},"end":{"line":512,"column":null}}],"line":512},"16":{"loc":{"start":{"line":604,"column":9},"end":{"line":604,"column":null}},"type":"binary-expr","locations":[{"start":{"line":604,"column":9},"end":{"line":604,"column":20}},{"start":{"line":604,"column":20},"end":{"line":604,"column":null}}],"line":604},"17":{"loc":{"start":{"line":660,"column":9},"end":{"line":660,"column":null}},"type":"binary-expr","locations":[{"start":{"line":660,"column":9},"end":{"line":660,"column":20}},{"start":{"line":660,"column":20},"end":{"line":660,"column":null}}],"line":660},"18":{"loc":{"start":{"line":698,"column":9},"end":{"line":698,"column":null}},"type":"binary-expr","locations":[{"start":{"line":698,"column":9},"end":{"line":698,"column":21}},{"start":{"line":698,"column":21},"end":{"line":698,"column":null}}],"line":698},"19":{"loc":{"start":{"line":709,"column":9},"end":{"line":709,"column":null}},"type":"cond-expr","locations":[{"start":{"line":709,"column":27},"end":{"line":709,"column":42}},{"start":{"line":709,"column":42},"end":{"line":709,"column":null}}],"line":709},"20":{"loc":{"start":{"line":715,"column":9},"end":{"line":715,"column":null}},"type":"binary-expr","locations":[{"start":{"line":715,"column":9},"end":{"line":715,"column":21}},{"start":{"line":715,"column":21},"end":{"line":715,"column":null}}],"line":715},"21":{"loc":{"start":{"line":719,"column":2},"end":{"line":726,"column":null}},"type":"if","locations":[{"start":{"line":719,"column":2},"end":{"line":726,"column":null}},{"start":{"line":723,"column":9},"end":{"line":726,"column":null}}],"line":719},"22":{"loc":{"start":{"line":722,"column":11},"end":{"line":722,"column":null}},"type":"binary-expr","locations":[{"start":{"line":722,"column":11},"end":{"line":722,"column":23}},{"start":{"line":722,"column":23},"end":{"line":722,"column":null}}],"line":722},"23":{"loc":{"start":{"line":726,"column":11},"end":{"line":726,"column":null}},"type":"binary-expr","locations":[{"start":{"line":726,"column":11},"end":{"line":726,"column":23}},{"start":{"line":726,"column":23},"end":{"line":726,"column":null}}],"line":726}},"s":{"0":2,"1":2,"2":2,"3":1,"4":1,"5":1,"6":1,"7":1,"8":1,"9":1,"10":1,"11":1,"12":1,"13":1,"14":1,"15":1,"16":1,"17":1,"18":1,"19":1,"20":1,"21":1,"22":1,"23":1,"24":1,"25":1,"26":1,"27":1,"28":1,"29":1,"30":1,"31":1,"32":1,"33":1,"34":1,"35":1,"36":1,"37":1,"38":1,"39":1,"40":1,"41":1,"42":1,"43":1,"44":1,"45":1,"46":1,"47":1,"48":1,"49":1,"50":1,"51":1,"52":1,"53":1,"54":1,"55":1,"56":1,"57":1,"58":1,"59":1,"60":1,"61":1,"62":1,"63":1,"64":1,"65":1,"66":1,"67":1,"68":1,"69":1,"70":1,"71":1,"72":1,"73":1,"74":1,"75":1,"76":1,"77":1,"78":1,"79":1,"80":1,"81":1,"82":1,"83":1,"84":1,"85":1,"86":1,"87":2,"88":2,"89":2,"90":1,"91":1,"92":1,"93":2,"94":1,"95":1,"96":1,"97":1,"98":1,"99":1,"100":1,"101":1,"102":1},"f":{"0":2,"1":1,"2":1,"3":1,"4":1,"5":1,"6":1,"7":1,"8":1,"9":1,"10":1,"11":1,"12":1,"13":1,"14":1,"15":1,"16":1,"17":1,"18":1,"19":1,"20":1,"21":1,"22":1,"23":1,"24":1,"25":1,"26":1,"27":1,"28":1,"29":1,"30":1,"31":1,"32":1,"33":1,"34":2,"35":1,"36":2,"37":1},"b":{"0":[2,1],"1":[1,0],"2":[1,0],"3":[1,0],"4":[1,0],"5":[1,0],"6":[1,1],"7":[1,1],"8":[1,1],"9":[1,1],"10":[1,1],"11":[1,0],"12":[1],"13":[1,0],"14":[1,0],"15":[1],"16":[1,0],"17":[1,0],"18":[1,0],"19":[1,1],"20":[1,0],"21":[1,1],"22":[1,0],"23":[1,0]},"meta":{"lastBranch":24,"lastFunction":38,"lastStatement":103,"seen":{"f:14:22:14:39":0,"s:15:16:15:Infinity":0,"s:22:19:22:71":1,"s:23:2:23:Infinity":2,"b:23:9:23:29:23:29:23:Infinity":0,"f:26:22:26:41":1,"s:27:16:27:Infinity":3,"s:42:19:42:60":4,"s:43:2:43:Infinity":5,"b:43:9:43:20:43:20:43:Infinity":1,"f:46:22:46:44":2,"s:47:16:47:Infinity":6,"s:62:19:62:63":7,"s:63:2:63:Infinity":8,"b:63:9:63:20:63:20:63:Infinity":2,"f:66:22:66:36":3,"s:67:16:67:Infinity":9,"s:93:17:100:Infinity":10,"s:102:19:102:64":11,"s:103:2:103:Infinity":12,"f:106:22:106:Infinity":4,"s:109:16:109:Infinity":13,"s:141:17:147:Infinity":14,"s:149:19:151:Infinity":15,"s:154:2:154:Infinity":16,"f:157:22:157:46":5,"s:158:16:158:Infinity":17,"s:186:19:186:65":18,"s:187:2:187:Infinity":19,"b:187:9:187:20:187:20:187:Infinity":3,"f:190:22:190:46":6,"s:191:16:191:Infinity":20,"s:204:19:204:65":21,"s:205:2:205:Infinity":22,"b:205:9:205:20:205:20:205:Infinity":4,"f:208:22:208:Infinity":7,"s:212:16:212:Infinity":23,"s:238:19:238:89":24,"s:239:2:239:Infinity":25,"b:239:9:239:20:239:20:239:Infinity":5,"f:242:22:242:51":8,"s:243:16:243:Infinity":26,"s:251:2:251:Infinity":27,"f:254:22:254:47":9,"s:255:16:255:Infinity":28,"s:264:2:264:Infinity":29,"f:267:22:267:39":10,"s:268:16:268:Infinity":30,"s:276:2:276:Infinity":31,"f:279:22:279:42":11,"s:280:16:280:Infinity":32,"s:288:2:288:Infinity":33,"f:291:22:291:40":12,"s:292:16:292:Infinity":34,"s:300:2:300:Infinity":35,"f:303:22:303:52":13,"s:304:16:304:Infinity":36,"s:310:2:310:Infinity":37,"f:313:22:313:46":14,"s:314:16:314:Infinity":38,"s:320:2:320:Infinity":39,"f:323:22:323:38":15,"s:324:16:324:Infinity":40,"s:334:2:334:Infinity":41,"f:337:22:337:40":16,"s:338:16:338:Infinity":42,"s:372:17:382:Infinity":43,"b:376:4:376:23:376:23:376:Infinity":6,"b:377:4:377:23:377:23:377:Infinity":7,"b:378:4:378:22:378:22:378:Infinity":8,"b:379:4:379:24:379:24:379:Infinity":9,"b:380:4:380:25:380:25:380:Infinity":10,"s:384:19:384:63":44,"s:385:2:385:Infinity":45,"f:388:22:388:42":17,"s:389:16:389:Infinity":46,"s:408:19:408:68":47,"s:409:2:409:Infinity":48,"b:409:9:409:20:409:20:409:Infinity":11,"f:412:22:412:Infinity":18,"b:414:11:414:Infinity":12,"s:416:16:416:Infinity":49,"s:426:2:426:Infinity":50,"f:429:22:429:48":19,"s:430:16:430:Infinity":51,"s:438:2:438:Infinity":52,"f:441:22:441:48":20,"s:442:16:442:Infinity":53,"s:470:19:470:69":54,"s:471:2:471:Infinity":55,"b:471:9:471:20:471:20:471:Infinity":13,"f:474:22:474:Infinity":21,"s:480:16:480:Infinity":56,"s:500:19:505:4":57,"s:507:2:507:Infinity":58,"b:507:9:507:20:507:20:507:Infinity":14,"f:510:22:510:Infinity":22,"b:512:11:512:Infinity":15,"s:514:16:514:Infinity":59,"s:525:2:525:Infinity":60,"f:528:22:528:Infinity":23,"s:533:16:533:Infinity":61,"s:543:2:543:Infinity":62,"f:546:22:546:Infinity":24,"s:551:16:551:Infinity":63,"s:560:2:560:Infinity":64,"f:563:22:563:Infinity":25,"s:567:16:567:Infinity":65,"s:572:2:572:Infinity":66,"f:575:22:575:Infinity":26,"s:580:16:580:Infinity":67,"s:587:2:587:Infinity":68,"f:590:22:590:Infinity":27,"s:594:16:594:Infinity":69,"s:603:19:603:88":70,"s:604:2:604:Infinity":71,"b:604:9:604:20:604:20:604:Infinity":16,"f:607:22:607:Infinity":28,"s:611:16:611:Infinity":72,"s:619:2:619:Infinity":73,"f:622:22:622:Infinity":29,"s:628:16:628:Infinity":74,"s:645:2:645:Infinity":75,"f:648:22:648:Infinity":30,"s:651:16:651:Infinity":76,"s:659:19:659:112":77,"s:660:2:660:Infinity":78,"b:660:9:660:20:660:20:660:Infinity":17,"f:663:22:663:Infinity":31,"s:666:16:666:Infinity":79,"s:671:2:671:Infinity":80,"f:674:22:674:44":32,"s:675:16:675:Infinity":81,"s:686:19:686:42":82,"s:687:2:687:Infinity":83,"f:690:22:690:43":33,"s:691:16:691:Infinity":84,"s:697:23:697:67":85,"s:698:2:698:Infinity":86,"b:698:9:698:21:698:21:698:Infinity":18,"f:701:22:701:42":34,"s:702:16:702:Infinity":87,"s:708:19:708:52":88,"s:709:2:709:Infinity":89,"b:709:27:709:42:709:42:709:Infinity":19,"f:712:22:712:39":35,"s:713:16:713:Infinity":90,"s:714:23:714:56":91,"s:715:2:715:Infinity":92,"b:715:9:715:21:715:21:715:Infinity":20,"f:718:22:718:42":36,"b:719:2:726:Infinity:723:9:726:Infinity":21,"s:719:2:726:Infinity":93,"s:720:18:720:Infinity":94,"s:721:25:721:93":95,"s:722:4:722:Infinity":96,"b:722:11:722:23:722:23:722:Infinity":22,"s:724:18:724:Infinity":97,"s:725:25:725:79":98,"s:726:4:726:Infinity":99,"b:726:11:726:23:726:23:726:Infinity":23,"f:730:22:730:47":37,"s:731:16:731:Infinity":100,"s:737:19:737:42":101,"s:738:2:738:Infinity":102}}}
,"C:\\Users\\matia\\Documents\\proyectos vs\\Practica-I---Alpha\\development\\backend\\src\\repositories\\categories.repository.ts": {"path":"C:\\Users\\matia\\Documents\\proyectos vs\\Practica-I---Alpha\\development\\backend\\src\\repositories\\categories.repository.ts","statementMap":{"0":{"start":{"line":4,"column":19},"end":{"line":9,"column":null}},"1":{"start":{"line":10,"column":2},"end":{"line":10,"column":null}}},"fnMap":{"0":{"name":"fetchAllCategoriesFromDb","decl":{"start":{"line":3,"column":22},"end":{"line":3,"column":49}},"loc":{"start":{"line":3,"column":49},"end":{"line":10,"column":null}},"line":3}},"branchMap":{},"s":{"0":0,"1":0},"f":{"0":0},"b":{},"meta":{"lastBranch":0,"lastFunction":1,"lastStatement":2,"seen":{"f:3:22:3:49":0,"s:4:19:9:Infinity":0,"s:10:2:10:Infinity":1}}}
,"C:\\Users\\matia\\Documents\\proyectos vs\\Practica-I---Alpha\\development\\backend\\src\\repositories\\datasets.repository.ts": {"path":"C:\\Users\\matia\\Documents\\proyectos vs\\Practica-I---Alpha\\development\\backend\\src\\repositories\\datasets.repository.ts","statementMap":{"0":{"start":{"line":6,"column":18},"end":{"line":6,"column":null}},"1":{"start":{"line":13,"column":29},"end":{"line":13,"column":31}},"2":{"start":{"line":14,"column":19},"end":{"line":14,"column":null}},"3":{"start":{"line":17,"column":2},"end":{"line":20,"column":null}},"4":{"start":{"line":18,"column":4},"end":{"line":18,"column":null}},"5":{"start":{"line":19,"column":4},"end":{"line":19,"column":null}},"6":{"start":{"line":20,"column":4},"end":{"line":20,"column":null}},"7":{"start":{"line":23,"column":2},"end":{"line":26,"column":null}},"8":{"start":{"line":24,"column":4},"end":{"line":24,"column":null}},"9":{"start":{"line":25,"column":4},"end":{"line":25,"column":null}},"10":{"start":{"line":26,"column":4},"end":{"line":26,"column":null}},"11":{"start":{"line":29,"column":19},"end":{"line":29,"column":80}},"12":{"start":{"line":30,"column":16},"end":{"line":30,"column":52}},"13":{"start":{"line":32,"column":2},"end":{"line":32,"column":16}},"14":{"start":{"line":32,"column":16},"end":{"line":32,"column":41}},"15":{"start":{"line":32,"column":60},"end":{"line":32,"column":null}},"16":{"start":{"line":33,"column":2},"end":{"line":33,"column":16}},"17":{"start":{"line":33,"column":16},"end":{"line":33,"column":42}},"18":{"start":{"line":33,"column":62},"end":{"line":33,"column":null}},"19":{"start":{"line":35,"column":20},"end":{"line":41,"column":null}},"20":{"start":{"line":44,"column":19},"end":{"line":44,"column":59}},"21":{"start":{"line":45,"column":2},"end":{"line":45,"column":null}},"22":{"start":{"line":50,"column":17},"end":{"line":50,"column":37}},"23":{"start":{"line":51,"column":2},"end":{"line":88,"column":null}},"24":{"start":{"line":52,"column":4},"end":{"line":52,"column":null}},"25":{"start":{"line":55,"column":19},"end":{"line":55,"column":null}},"26":{"start":{"line":57,"column":25},"end":{"line":57,"column":null}},"27":{"start":{"line":65,"column":23},"end":{"line":70,"column":6}},"28":{"start":{"line":71,"column":22},"end":{"line":71,"column":null}},"29":{"start":{"line":74,"column":4},"end":{"line":79,"column":null}},"30":{"start":{"line":75,"column":27},"end":{"line":75,"column":null}},"31":{"start":{"line":79,"column":6},"end":{"line":79,"column":null}},"32":{"start":{"line":82,"column":4},"end":{"line":82,"column":null}},"33":{"start":{"line":83,"column":4},"end":{"line":83,"column":null}},"34":{"start":{"line":85,"column":4},"end":{"line":85,"column":null}},"35":{"start":{"line":86,"column":4},"end":{"line":86,"column":null}},"36":{"start":{"line":88,"column":4},"end":{"line":88,"column":null}}},"fnMap":{"0":{"name":"fetchDatasetsPaginated","decl":{"start":{"line":5,"column":22},"end":{"line":5,"column":45}},"loc":{"start":{"line":5,"column":129},"end":{"line":45,"column":null}},"line":5},"1":{"name":"createFullDatasetInDb","decl":{"start":{"line":49,"column":22},"end":{"line":49,"column":44}},"loc":{"start":{"line":49,"column":98},"end":{"line":88,"column":null}},"line":49}},"branchMap":{"0":{"loc":{"start":{"line":17,"column":2},"end":{"line":20,"column":null}},"type":"if","locations":[{"start":{"line":17,"column":2},"end":{"line":20,"column":null}},{"start":{},"end":{}}],"line":17},"1":{"loc":{"start":{"line":23,"column":2},"end":{"line":26,"column":null}},"type":"if","locations":[{"start":{"line":23,"column":2},"end":{"line":26,"column":null}},{"start":{},"end":{}}],"line":23},"2":{"loc":{"start":{"line":55,"column":19},"end":{"line":55,"column":null}},"type":"cond-expr","locations":[{"start":{"line":55,"column":29},"end":{"line":55,"column":43}},{"start":{"line":55,"column":43},"end":{"line":55,"column":null}}],"line":55},"3":{"loc":{"start":{"line":66,"column":41},"end":{"line":66,"column":null}},"type":"binary-expr","locations":[{"start":{"line":66,"column":41},"end":{"line":66,"column":65}},{"start":{"line":66,"column":65},"end":{"line":66,"column":null}}],"line":66},"4":{"loc":{"start":{"line":67,"column":24},"end":{"line":67,"column":null}},"type":"binary-expr","locations":[{"start":{"line":67,"column":24},"end":{"line":67,"column":50}},{"start":{"line":67,"column":50},"end":{"line":67,"column":null}}],"line":67},"5":{"loc":{"start":{"line":69,"column":6},"end":{"line":69,"column":38}},"type":"binary-expr","locations":[{"start":{"line":69,"column":6},"end":{"line":69,"column":28}},{"start":{"line":69,"column":28},"end":{"line":69,"column":38}}],"line":69},"6":{"loc":{"start":{"line":74,"column":4},"end":{"line":79,"column":null}},"type":"if","locations":[{"start":{"line":74,"column":4},"end":{"line":79,"column":null}},{"start":{},"end":{}}],"line":74}},"s":{"0":2,"1":2,"2":2,"3":2,"4":1,"5":1,"6":1,"7":2,"8":0,"9":0,"10":0,"11":2,"12":2,"13":2,"14":2,"15":2,"16":2,"17":2,"18":2,"19":2,"20":2,"21":2,"22":1,"23":1,"24":1,"25":1,"26":1,"27":1,"28":1,"29":1,"30":1,"31":1,"32":1,"33":1,"34":0,"35":0,"36":1},"f":{"0":2,"1":1},"b":{"0":[1,1],"1":[0,2],"2":[0,1],"3":[1,1],"4":[1,1],"5":[1,1],"6":[1,0]},"meta":{"lastBranch":7,"lastFunction":2,"lastStatement":37,"seen":{"f:5:22:5:45":0,"s:6:18:6:Infinity":0,"s:13:29:13:31":1,"s:14:19:14:Infinity":2,"b:17:2:20:Infinity:undefined:undefined:undefined:undefined":0,"s:17:2:20:Infinity":3,"s:18:4:18:Infinity":4,"s:19:4:19:Infinity":5,"s:20:4:20:Infinity":6,"b:23:2:26:Infinity:undefined:undefined:undefined:undefined":1,"s:23:2:26:Infinity":7,"s:24:4:24:Infinity":8,"s:25:4:25:Infinity":9,"s:26:4:26:Infinity":10,"s:29:19:29:80":11,"s:30:16:30:52":12,"s:32:2:32:16":13,"s:32:16:32:41":14,"s:32:60:32:Infinity":15,"s:33:2:33:16":16,"s:33:16:33:42":17,"s:33:62:33:Infinity":18,"s:35:20:41:Infinity":19,"s:44:19:44:59":20,"s:45:2:45:Infinity":21,"f:49:22:49:44":1,"s:50:17:50:37":22,"s:51:2:88:Infinity":23,"s:52:4:52:Infinity":24,"s:55:19:55:Infinity":25,"b:55:29:55:43:55:43:55:Infinity":2,"s:57:25:57:Infinity":26,"s:65:23:70:6":27,"b:66:41:66:65:66:65:66:Infinity":3,"b:67:24:67:50:67:50:67:Infinity":4,"b:69:6:69:28:69:28:69:38":5,"s:71:22:71:Infinity":28,"b:74:4:79:Infinity:undefined:undefined:undefined:undefined":6,"s:74:4:79:Infinity":29,"s:75:27:75:Infinity":30,"s:79:6:79:Infinity":31,"s:82:4:82:Infinity":32,"s:83:4:83:Infinity":33,"s:85:4:85:Infinity":34,"s:86:4:86:Infinity":35,"s:88:4:88:Infinity":36}}}
,"C:\\Users\\matia\\Documents\\proyectos vs\\Practica-I---Alpha\\development\\backend\\src\\repositories\\instituciones.repository.ts": {"path":"C:\\Users\\matia\\Documents\\proyectos vs\\Practica-I---Alpha\\development\\backend\\src\\repositories\\instituciones.repository.ts","statementMap":{"0":{"start":{"line":5,"column":16},"end":{"line":5,"column":null}},"1":{"start":{"line":11,"column":19},"end":{"line":11,"column":42}},"2":{"start":{"line":12,"column":2},"end":{"line":12,"column":null}},"3":{"start":{"line":17,"column":17},"end":{"line":17,"column":37}},"4":{"start":{"line":18,"column":2},"end":{"line":74,"column":null}},"5":{"start":{"line":19,"column":4},"end":{"line":19,"column":null}},"6":{"start":{"line":23,"column":22},"end":{"line":23,"column":134}},"7":{"start":{"line":24,"column":25},"end":{"line":24,"column":null}},"8":{"start":{"line":27,"column":22},"end":{"line":27,"column":null}},"9":{"start":{"line":33,"column":20},"end":{"line":43,"column":6}},"10":{"start":{"line":44,"column":23},"end":{"line":44,"column":null}},"11":{"start":{"line":47,"column":22},"end":{"line":47,"column":null}},"12":{"start":{"line":53,"column":20},"end":{"line":66,"column":6}},"13":{"start":{"line":68,"column":4},"end":{"line":68,"column":null}},"14":{"start":{"line":69,"column":4},"end":{"line":69,"column":null}},"15":{"start":{"line":71,"column":4},"end":{"line":71,"column":null}},"16":{"start":{"line":72,"column":4},"end":{"line":72,"column":null}},"17":{"start":{"line":74,"column":4},"end":{"line":74,"column":null}},"18":{"start":{"line":80,"column":17},"end":{"line":80,"column":37}},"19":{"start":{"line":81,"column":2},"end":{"line":141,"column":null}},"20":{"start":{"line":82,"column":4},"end":{"line":82,"column":null}},"21":{"start":{"line":83,"column":24},"end":{"line":83,"column":null}},"22":{"start":{"line":86,"column":4},"end":{"line":100,"column":null}},"23":{"start":{"line":87,"column":24},"end":{"line":87,"column":136}},"24":{"start":{"line":88,"column":27},"end":{"line":88,"column":null}},"25":{"start":{"line":90,"column":24},"end":{"line":90,"column":null}},"26":{"start":{"line":96,"column":22},"end":{"line":99,"column":8}},"27":{"start":{"line":100,"column":6},"end":{"line":100,"column":null}},"28":{"start":{"line":104,"column":20},"end":{"line":104,"column":null}},"29":{"start":{"line":105,"column":22},"end":{"line":105,"column":24}},"30":{"start":{"line":107,"column":4},"end":{"line":126,"column":null}},"31":{"start":{"line":109,"column":6},"end":{"line":109,"column":null}},"32":{"start":{"line":116,"column":6},"end":{"line":116,"column":null}},"33":{"start":{"line":119,"column":6},"end":{"line":119,"column":null}},"34":{"start":{"line":126,"column":6},"end":{"line":126,"column":null}},"35":{"start":{"line":129,"column":20},"end":{"line":129,"column":62}},"36":{"start":{"line":131,"column":4},"end":{"line":132,"column":null}},"37":{"start":{"line":132,"column":6},"end":{"line":132,"column":null}},"38":{"start":{"line":135,"column":4},"end":{"line":135,"column":null}},"39":{"start":{"line":136,"column":4},"end":{"line":136,"column":null}},"40":{"start":{"line":138,"column":4},"end":{"line":138,"column":null}},"41":{"start":{"line":139,"column":4},"end":{"line":139,"column":null}},"42":{"start":{"line":141,"column":4},"end":{"line":141,"column":null}},"43":{"start":{"line":149,"column":16},"end":{"line":149,"column":null}},"44":{"start":{"line":150,"column":23},"end":{"line":150,"column":52}},"45":{"start":{"line":151,"column":2},"end":{"line":151,"column":null}},"46":{"start":{"line":156,"column":18},"end":{"line":156,"column":null}},"47":{"start":{"line":162,"column":29},"end":{"line":162,"column":31}},"48":{"start":{"line":164,"column":2},"end":{"line":166,"column":null}},"49":{"start":{"line":165,"column":4},"end":{"line":165,"column":null}},"50":{"start":{"line":166,"column":4},"end":{"line":166,"column":null}},"51":{"start":{"line":170,"column":21},"end":{"line":170,"column":null}},"52":{"start":{"line":171,"column":19},"end":{"line":171,"column":60}},"53":{"start":{"line":172,"column":16},"end":{"line":172,"column":52}},"54":{"start":{"line":175,"column":2},"end":{"line":175,"column":null}},"55":{"start":{"line":176,"column":20},"end":{"line":180,"column":null}},"56":{"start":{"line":183,"column":19},"end":{"line":183,"column":59}},"57":{"start":{"line":185,"column":2},"end":{"line":185,"column":null}}},"fnMap":{"0":{"name":"fetchInstitutionsFromDb","decl":{"start":{"line":4,"column":22},"end":{"line":4,"column":48}},"loc":{"start":{"line":4,"column":48},"end":{"line":12,"column":null}},"line":4},"1":{"name":"createInstitutionInDb","decl":{"start":{"line":16,"column":22},"end":{"line":16,"column":44}},"loc":{"start":{"line":16,"column":93},"end":{"line":74,"column":null}},"line":16},"2":{"name":"updateInstitutionInDb","decl":{"start":{"line":79,"column":22},"end":{"line":79,"column":44}},"loc":{"start":{"line":79,"column":105},"end":{"line":141,"column":null}},"line":79},"3":{"name":"deleteInstitutionFromDb","decl":{"start":{"line":146,"column":22},"end":{"line":146,"column":46}},"loc":{"start":{"line":146,"column":58},"end":{"line":151,"column":null}},"line":146},"4":{"name":"fetchPublicInstitutionsPaginated","decl":{"start":{"line":155,"column":22},"end":{"line":155,"column":55}},"loc":{"start":{"line":155,"column":102},"end":{"line":185,"column":null}},"line":155}},"branchMap":{"0":{"loc":{"start":{"line":24,"column":25},"end":{"line":24,"column":null}},"type":"cond-expr","locations":[{"start":{"line":24,"column":53},"end":{"line":24,"column":88}},{"start":{"line":24,"column":88},"end":{"line":24,"column":null}}],"line":24},"1":{"loc":{"start":{"line":40,"column":6},"end":{"line":40,"column":null}},"type":"cond-expr","locations":[{"start":{"line":40,"column":43},"end":{"line":40,"column":54}},{"start":{"line":40,"column":54},"end":{"line":40,"column":null}}],"line":40},"2":{"loc":{"start":{"line":56,"column":6},"end":{"line":56,"column":null}},"type":"binary-expr","locations":[{"start":{"line":56,"column":6},"end":{"line":56,"column":33}},{"start":{"line":56,"column":33},"end":{"line":56,"column":null}}],"line":56},"3":{"loc":{"start":{"line":60,"column":6},"end":{"line":60,"column":null}},"type":"binary-expr","locations":[{"start":{"line":60,"column":6},"end":{"line":60,"column":37}},{"start":{"line":60,"column":37},"end":{"line":60,"column":null}}],"line":60},"4":{"loc":{"start":{"line":62,"column":6},"end":{"line":62,"column":null}},"type":"binary-expr","locations":[{"start":{"line":62,"column":6},"end":{"line":62,"column":32}},{"start":{"line":62,"column":32},"end":{"line":62,"column":null}}],"line":62},"5":{"loc":{"start":{"line":86,"column":4},"end":{"line":100,"column":null}},"type":"if","locations":[{"start":{"line":86,"column":4},"end":{"line":100,"column":null}},{"start":{},"end":{}}],"line":86},"6":{"loc":{"start":{"line":88,"column":27},"end":{"line":88,"column":null}},"type":"cond-expr","locations":[{"start":{"line":88,"column":55},"end":{"line":88,"column":90}},{"start":{"line":88,"column":90},"end":{"line":88,"column":null}}],"line":88},"7":{"loc":{"start":{"line":98,"column":48},"end":{"line":98,"column":108}},"type":"cond-expr","locations":[{"start":{"line":98,"column":85},"end":{"line":98,"column":96}},{"start":{"line":98,"column":96},"end":{"line":98,"column":108}}],"line":98},"8":{"loc":{"start":{"line":107,"column":4},"end":{"line":126,"column":null}},"type":"if","locations":[{"start":{"line":107,"column":4},"end":{"line":126,"column":null}},{"start":{"line":117,"column":11},"end":{"line":126,"column":null}}],"line":107},"9":{"loc":{"start":{"line":131,"column":4},"end":{"line":132,"column":null}},"type":"if","locations":[{"start":{"line":131,"column":4},"end":{"line":132,"column":null}},{"start":{},"end":{}}],"line":131},"10":{"loc":{"start":{"line":151,"column":9},"end":{"line":151,"column":null}},"type":"binary-expr","locations":[{"start":{"line":151,"column":9},"end":{"line":151,"column":21}},{"start":{"line":151,"column":21},"end":{"line":151,"column":null}}],"line":151},"11":{"loc":{"start":{"line":164,"column":2},"end":{"line":166,"column":null}},"type":"if","locations":[{"start":{"line":164,"column":2},"end":{"line":166,"column":null}},{"start":{},"end":{}}],"line":164}},"s":{"0":1,"1":1,"2":1,"3":1,"4":1,"5":1,"6":1,"7":1,"8":1,"9":1,"10":1,"11":1,"12":1,"13":1,"14":1,"15":0,"16":0,"17":1,"18":1,"19":1,"20":1,"21":1,"22":1,"23":0,"24":0,"25":0,"26":0,"27":0,"28":1,"29":1,"30":1,"31":0,"32":0,"33":1,"34":1,"35":1,"36":1,"37":0,"38":1,"39":1,"40":0,"41":0,"42":1,"43":1,"44":1,"45":1,"46":1,"47":1,"48":1,"49":1,"50":1,"51":1,"52":1,"53":1,"54":1,"55":1,"56":1,"57":1},"f":{"0":1,"1":1,"2":1,"3":1,"4":1},"b":{"0":[1,0],"1":[0,1],"2":[1,1],"3":[1,1],"4":[1,1],"5":[0,1],"6":[0,0],"7":[0,0],"8":[0,1],"9":[0,1],"10":[1,0],"11":[1,0]},"meta":{"lastBranch":12,"lastFunction":5,"lastStatement":58,"seen":{"f:4:22:4:48":0,"s:5:16:5:Infinity":0,"s:11:19:11:42":1,"s:12:2:12:Infinity":2,"f:16:22:16:44":1,"s:17:17:17:37":3,"s:18:2:74:Infinity":4,"s:19:4:19:Infinity":5,"s:23:22:23:134":6,"s:24:25:24:Infinity":7,"b:24:53:24:88:24:88:24:Infinity":0,"s:27:22:27:Infinity":8,"s:33:20:43:6":9,"b:40:43:40:54:40:54:40:Infinity":1,"s:44:23:44:Infinity":10,"s:47:22:47:Infinity":11,"s:53:20:66:6":12,"b:56:6:56:33:56:33:56:Infinity":2,"b:60:6:60:37:60:37:60:Infinity":3,"b:62:6:62:32:62:32:62:Infinity":4,"s:68:4:68:Infinity":13,"s:69:4:69:Infinity":14,"s:71:4:71:Infinity":15,"s:72:4:72:Infinity":16,"s:74:4:74:Infinity":17,"f:79:22:79:44":2,"s:80:17:80:37":18,"s:81:2:141:Infinity":19,"s:82:4:82:Infinity":20,"s:83:24:83:Infinity":21,"b:86:4:100:Infinity:undefined:undefined:undefined:undefined":5,"s:86:4:100:Infinity":22,"s:87:24:87:136":23,"s:88:27:88:Infinity":24,"b:88:55:88:90:88:90:88:Infinity":6,"s:90:24:90:Infinity":25,"s:96:22:99:8":26,"b:98:85:98:96:98:96:98:108":7,"s:100:6:100:Infinity":27,"s:104:20:104:Infinity":28,"s:105:22:105:24":29,"b:107:4:126:Infinity:117:11:126:Infinity":8,"s:107:4:126:Infinity":30,"s:109:6:109:Infinity":31,"s:116:6:116:Infinity":32,"s:119:6:119:Infinity":33,"s:126:6:126:Infinity":34,"s:129:20:129:62":35,"b:131:4:132:Infinity:undefined:undefined:undefined:undefined":9,"s:131:4:132:Infinity":36,"s:132:6:132:Infinity":37,"s:135:4:135:Infinity":38,"s:136:4:136:Infinity":39,"s:138:4:138:Infinity":40,"s:139:4:139:Infinity":41,"s:141:4:141:Infinity":42,"f:146:22:146:46":3,"s:149:16:149:Infinity":43,"s:150:23:150:52":44,"s:151:2:151:Infinity":45,"b:151:9:151:21:151:21:151:Infinity":10,"f:155:22:155:55":4,"s:156:18:156:Infinity":46,"s:162:29:162:31":47,"b:164:2:166:Infinity:undefined:undefined:undefined:undefined":11,"s:164:2:166:Infinity":48,"s:165:4:165:Infinity":49,"s:166:4:166:Infinity":50,"s:170:21:170:Infinity":51,"s:171:19:171:60":52,"s:172:16:172:52":53,"s:175:2:175:Infinity":54,"s:176:20:180:Infinity":55,"s:183:19:183:59":56,"s:185:2:185:Infinity":57}}}
,"C:\\Users\\matia\\Documents\\proyectos vs\\Practica-I---Alpha\\development\\backend\\src\\repositories\\licenses.repository.ts": {"path":"C:\\Users\\matia\\Documents\\proyectos vs\\Practica-I---Alpha\\development\\backend\\src\\repositories\\licenses.repository.ts","statementMap":{"0":{"start":{"line":4,"column":19},"end":{"line":9,"column":null}},"1":{"start":{"line":10,"column":2},"end":{"line":10,"column":null}}},"fnMap":{"0":{"name":"fetchAllLicensesFromDb","decl":{"start":{"line":3,"column":22},"end":{"line":3,"column":47}},"loc":{"start":{"line":3,"column":47},"end":{"line":10,"column":null}},"line":3}},"branchMap":{},"s":{"0":0,"1":0},"f":{"0":0},"b":{},"meta":{"lastBranch":0,"lastFunction":1,"lastStatement":2,"seen":{"f:3:22:3:47":0,"s:4:19:9:Infinity":0,"s:10:2:10:Infinity":1}}}
,"C:\\Users\\matia\\Documents\\proyectos vs\\Practica-I---Alpha\\development\\backend\\src\\repositories\\ods.repository.ts": {"path":"C:\\Users\\matia\\Documents\\proyectos vs\\Practica-I---Alpha\\development\\backend\\src\\repositories\\ods.repository.ts","statementMap":{"0":{"start":{"line":4,"column":19},"end":{"line":8,"column":null}},"1":{"start":{"line":9,"column":2},"end":{"line":9,"column":null}}},"fnMap":{"0":{"name":"fetchAllOdsFromDb","decl":{"start":{"line":3,"column":22},"end":{"line":3,"column":42}},"loc":{"start":{"line":3,"column":42},"end":{"line":9,"column":null}},"line":3}},"branchMap":{},"s":{"0":0,"1":0},"f":{"0":0},"b":{},"meta":{"lastBranch":0,"lastFunction":1,"lastStatement":2,"seen":{"f:3:22:3:42":0,"s:4:19:8:Infinity":0,"s:9:2:9:Infinity":1}}}
,"C:\\Users\\matia\\Documents\\proyectos vs\\Practica-I---Alpha\\development\\backend\\src\\repositories\\roles.repository.ts": {"path":"C:\\Users\\matia\\Documents\\proyectos vs\\Practica-I---Alpha\\development\\backend\\src\\repositories\\roles.repository.ts","statementMap":{"0":{"start":{"line":5,"column":16},"end":{"line":5,"column":null}},"1":{"start":{"line":17,"column":19},"end":{"line":17,"column":42}},"2":{"start":{"line":18,"column":2},"end":{"line":18,"column":null}},"3":{"start":{"line":23,"column":16},"end":{"line":23,"column":null}},"4":{"start":{"line":24,"column":19},"end":{"line":24,"column":42}},"5":{"start":{"line":25,"column":2},"end":{"line":25,"column":null}},"6":{"start":{"line":30,"column":17},"end":{"line":30,"column":37}},"7":{"start":{"line":31,"column":2},"end":{"line":55,"column":null}},"8":{"start":{"line":32,"column":4},"end":{"line":32,"column":null}},"9":{"start":{"line":35,"column":20},"end":{"line":37,"column":null}},"10":{"start":{"line":39,"column":19},"end":{"line":39,"column":null}},"11":{"start":{"line":42,"column":4},"end":{"line":46,"column":null}},"12":{"start":{"line":43,"column":6},"end":{"line":46,"column":null}},"13":{"start":{"line":49,"column":4},"end":{"line":49,"column":null}},"14":{"start":{"line":50,"column":4},"end":{"line":50,"column":null}},"15":{"start":{"line":52,"column":4},"end":{"line":52,"column":null}},"16":{"start":{"line":53,"column":4},"end":{"line":53,"column":null}},"17":{"start":{"line":55,"column":4},"end":{"line":55,"column":null}},"18":{"start":{"line":61,"column":17},"end":{"line":61,"column":37}},"19":{"start":{"line":62,"column":2},"end":{"line":87,"column":null}},"20":{"start":{"line":63,"column":4},"end":{"line":63,"column":null}},"21":{"start":{"line":66,"column":4},"end":{"line":69,"column":null}},"22":{"start":{"line":72,"column":4},"end":{"line":72,"column":null}},"23":{"start":{"line":75,"column":4},"end":{"line":79,"column":null}},"24":{"start":{"line":76,"column":6},"end":{"line":79,"column":null}},"25":{"start":{"line":82,"column":4},"end":{"line":82,"column":null}},"26":{"start":{"line":84,"column":4},"end":{"line":84,"column":null}},"27":{"start":{"line":85,"column":4},"end":{"line":85,"column":null}},"28":{"start":{"line":87,"column":4},"end":{"line":87,"column":null}},"29":{"start":{"line":93,"column":17},"end":{"line":93,"column":37}},"30":{"start":{"line":94,"column":2},"end":{"line":119,"column":null}},"31":{"start":{"line":95,"column":4},"end":{"line":95,"column":null}},"32":{"start":{"line":98,"column":23},"end":{"line":98,"column":101}},"33":{"start":{"line":99,"column":22},"end":{"line":99,"column":null}},"34":{"start":{"line":102,"column":26},"end":{"line":102,"column":99}},"35":{"start":{"line":103,"column":23},"end":{"line":103,"column":null}},"36":{"start":{"line":104,"column":4},"end":{"line":105,"column":null}},"37":{"start":{"line":105,"column":6},"end":{"line":105,"column":null}},"38":{"start":{"line":109,"column":4},"end":{"line":109,"column":null}},"39":{"start":{"line":112,"column":4},"end":{"line":112,"column":null}},"40":{"start":{"line":114,"column":4},"end":{"line":114,"column":null}},"41":{"start":{"line":116,"column":4},"end":{"line":116,"column":null}},"42":{"start":{"line":117,"column":4},"end":{"line":117,"column":null}},"43":{"start":{"line":119,"column":4},"end":{"line":119,"column":null}}},"fnMap":{"0":{"name":"getRolesWithDetailsFromDb","decl":{"start":{"line":4,"column":22},"end":{"line":4,"column":50}},"loc":{"start":{"line":4,"column":50},"end":{"line":18,"column":null}},"line":4},"1":{"name":"getAllPermissionsFromDb","decl":{"start":{"line":22,"column":22},"end":{"line":22,"column":48}},"loc":{"start":{"line":22,"column":48},"end":{"line":25,"column":null}},"line":22},"2":{"name":"createRoleWithPermissionsInDb","decl":{"start":{"line":29,"column":22},"end":{"line":29,"column":52}},"loc":{"start":{"line":29,"column":121},"end":{"line":55,"column":null}},"line":29},"3":{"name":"updateRoleWithPermissionsInDb","decl":{"start":{"line":60,"column":22},"end":{"line":60,"column":52}},"loc":{"start":{"line":60,"column":137},"end":{"line":87,"column":null}},"line":60},"4":{"name":"deleteRoleAndReassignUsersInDb","decl":{"start":{"line":92,"column":22},"end":{"line":92,"column":53}},"loc":{"start":{"line":92,"column":69},"end":{"line":119,"column":null}},"line":92}},"branchMap":{"0":{"loc":{"start":{"line":104,"column":4},"end":{"line":105,"column":null}},"type":"if","locations":[{"start":{"line":104,"column":4},"end":{"line":105,"column":null}},{"start":{},"end":{}}],"line":104},"1":{"loc":{"start":{"line":104,"column":8},"end":{"line":104,"column":74}},"type":"binary-expr","locations":[{"start":{"line":104,"column":8},"end":{"line":104,"column":40}},{"start":{"line":104,"column":40},"end":{"line":104,"column":74}}],"line":104}},"s":{"0":0,"1":0,"2":0,"3":0,"4":0,"5":0,"6":2,"7":2,"8":2,"9":2,"10":2,"11":2,"12":2,"13":1,"14":1,"15":1,"16":1,"17":2,"18":0,"19":0,"20":0,"21":0,"22":0,"23":0,"24":0,"25":0,"26":0,"27":0,"28":0,"29":1,"30":1,"31":1,"32":1,"33":1,"34":1,"35":1,"36":1,"37":1,"38":0,"39":0,"40":0,"41":1,"42":1,"43":1},"f":{"0":0,"1":0,"2":2,"3":0,"4":1},"b":{"0":[1,0],"1":[1,0]},"meta":{"lastBranch":2,"lastFunction":5,"lastStatement":44,"seen":{"f:4:22:4:50":0,"s:5:16:5:Infinity":0,"s:17:19:17:42":1,"s:18:2:18:Infinity":2,"f:22:22:22:48":1,"s:23:16:23:Infinity":3,"s:24:19:24:42":4,"s:25:2:25:Infinity":5,"f:29:22:29:52":2,"s:30:17:30:37":6,"s:31:2:55:Infinity":7,"s:32:4:32:Infinity":8,"s:35:20:37:Infinity":9,"s:39:19:39:Infinity":10,"s:42:4:46:Infinity":11,"s:43:6:46:Infinity":12,"s:49:4:49:Infinity":13,"s:50:4:50:Infinity":14,"s:52:4:52:Infinity":15,"s:53:4:53:Infinity":16,"s:55:4:55:Infinity":17,"f:60:22:60:52":3,"s:61:17:61:37":18,"s:62:2:87:Infinity":19,"s:63:4:63:Infinity":20,"s:66:4:69:Infinity":21,"s:72:4:72:Infinity":22,"s:75:4:79:Infinity":23,"s:76:6:79:Infinity":24,"s:82:4:82:Infinity":25,"s:84:4:84:Infinity":26,"s:85:4:85:Infinity":27,"s:87:4:87:Infinity":28,"f:92:22:92:53":4,"s:93:17:93:37":29,"s:94:2:119:Infinity":30,"s:95:4:95:Infinity":31,"s:98:23:98:101":32,"s:99:22:99:Infinity":33,"s:102:26:102:99":34,"s:103:23:103:Infinity":35,"b:104:4:105:Infinity:undefined:undefined:undefined:undefined":0,"s:104:4:105:Infinity":36,"b:104:8:104:40:104:40:104:74":1,"s:105:6:105:Infinity":37,"s:109:4:109:Infinity":38,"s:112:4:112:Infinity":39,"s:114:4:114:Infinity":40,"s:116:4:116:Infinity":41,"s:117:4:117:Infinity":42,"s:119:4:119:Infinity":43}}}
,"C:\\Users\\matia\\Documents\\proyectos vs\\Practica-I---Alpha\\development\\backend\\src\\repositories\\tags.repository.ts": {"path":"C:\\Users\\matia\\Documents\\proyectos vs\\Practica-I---Alpha\\development\\backend\\src\\repositories\\tags.repository.ts","statementMap":{"0":{"start":{"line":4,"column":19},"end":{"line":8,"column":null}},"1":{"start":{"line":9,"column":2},"end":{"line":9,"column":null}}},"fnMap":{"0":{"name":"fetchAllTagsFromDb","decl":{"start":{"line":3,"column":22},"end":{"line":3,"column":43}},"loc":{"start":{"line":3,"column":43},"end":{"line":9,"column":null}},"line":3}},"branchMap":{},"s":{"0":0,"1":0},"f":{"0":0},"b":{},"meta":{"lastBranch":0,"lastFunction":1,"lastStatement":2,"seen":{"f:3:22:3:43":0,"s:4:19:8:Infinity":0,"s:9:2:9:Infinity":1}}}
,"C:\\Users\\matia\\Documents\\proyectos vs\\Practica-I---Alpha\\development\\backend\\src\\routes\\auth.routes.ts": {"path":"C:\\Users\\matia\\Documents\\proyectos vs\\Practica-I---Alpha\\development\\backend\\src\\routes\\auth.routes.ts","statementMap":{"0":{"start":{"line":46,"column":8},"end":{"line":46,"column":46}},"1":{"start":{"line":47,"column":2},"end":{"line":47,"column":null}},"2":{"start":{"line":47,"column":32},"end":{"line":47,"column":null}},"3":{"start":{"line":49,"column":8},"end":{"line":49,"column":35}},"4":{"start":{"line":50,"column":23},"end":{"line":50,"column":null}},"5":{"start":{"line":51,"column":2},"end":{"line":51,"column":null}},"6":{"start":{"line":51,"column":21},"end":{"line":51,"column":null}},"7":{"start":{"line":53,"column":2},"end":{"line":57,"column":null}},"8":{"start":{"line":54,"column":10},"end":{"line":54,"column":59}},"9":{"start":{"line":55,"column":4},"end":{"line":55,"column":null}},"10":{"start":{"line":57,"column":4},"end":{"line":57,"column":null}},"11":{"start":{"line":62,"column":2},"end":{"line":62,"column":null}},"12":{"start":{"line":62,"column":33},"end":{"line":62,"column":null}},"13":{"start":{"line":63,"column":2},"end":{"line":63,"column":null}},"14":{"start":{"line":63,"column":33},"end":{"line":63,"column":null}},"15":{"start":{"line":64,"column":2},"end":{"line":64,"column":null}},"16":{"start":{"line":68,"column":2},"end":{"line":68,"column":null}},"17":{"start":{"line":68,"column":33},"end":{"line":68,"column":null}},"18":{"start":{"line":69,"column":2},"end":{"line":69,"column":null}},"19":{"start":{"line":69,"column":33},"end":{"line":69,"column":null}},"20":{"start":{"line":70,"column":2},"end":{"line":70,"column":null}},"21":{"start":{"line":74,"column":26},"end":{"line":74,"column":38}},"22":{"start":{"line":75,"column":0},"end":{"line":75,"column":null}},"23":{"start":{"line":76,"column":0},"end":{"line":76,"column":null}},"24":{"start":{"line":77,"column":0},"end":{"line":77,"column":null}},"25":{"start":{"line":78,"column":0},"end":{"line":78,"column":null}},"26":{"start":{"line":80,"column":0},"end":{"line":80,"column":null}},"27":{"start":{"line":81,"column":0},"end":{"line":81,"column":null}},"28":{"start":{"line":83,"column":0},"end":{"line":83,"column":null}},"29":{"start":{"line":85,"column":0},"end":{"line":85,"column":null}},"30":{"start":{"line":86,"column":0},"end":{"line":86,"column":null}},"31":{"start":{"line":88,"column":0},"end":{"line":88,"column":null}},"32":{"start":{"line":89,"column":0},"end":{"line":89,"column":null}},"33":{"start":{"line":90,"column":0},"end":{"line":90,"column":null}},"34":{"start":{"line":91,"column":0},"end":{"line":91,"column":null}},"35":{"start":{"line":92,"column":0},"end":{"line":92,"column":null}},"36":{"start":{"line":94,"column":0},"end":{"line":94,"column":null}},"37":{"start":{"line":95,"column":0},"end":{"line":95,"column":null}},"38":{"start":{"line":96,"column":0},"end":{"line":96,"column":null}},"39":{"start":{"line":97,"column":0},"end":{"line":97,"column":null}},"40":{"start":{"line":98,"column":0},"end":{"line":98,"column":null}},"41":{"start":{"line":101,"column":0},"end":{"line":101,"column":null}},"42":{"start":{"line":102,"column":0},"end":{"line":102,"column":null}},"43":{"start":{"line":103,"column":0},"end":{"line":103,"column":null}},"44":{"start":{"line":104,"column":0},"end":{"line":104,"column":null}},"45":{"start":{"line":105,"column":0},"end":{"line":105,"column":null}},"46":{"start":{"line":108,"column":0},"end":{"line":108,"column":null}},"47":{"start":{"line":109,"column":0},"end":{"line":109,"column":null}},"48":{"start":{"line":110,"column":0},"end":{"line":110,"column":null}},"49":{"start":{"line":112,"column":0},"end":{"line":112,"column":null}},"50":{"start":{"line":113,"column":0},"end":{"line":113,"column":null}}},"fnMap":{"0":{"name":"getSessionIdFromRequest","decl":{"start":{"line":45,"column":16},"end":{"line":45,"column":40}},"loc":{"start":{"line":45,"column":82},"end":{"line":57,"column":null}},"line":45},"1":{"name":"getErrorStatus","decl":{"start":{"line":61,"column":16},"end":{"line":61,"column":31}},"loc":{"start":{"line":61,"column":55},"end":{"line":64,"column":null}},"line":61},"2":{"name":"getErrorMessage","decl":{"start":{"line":67,"column":16},"end":{"line":67,"column":32}},"loc":{"start":{"line":67,"column":53},"end":{"line":70,"column":null}},"line":67}},"branchMap":{"0":{"loc":{"start":{"line":47,"column":2},"end":{"line":47,"column":null}},"type":"if","locations":[{"start":{"line":47,"column":2},"end":{"line":47,"column":null}},{"start":{},"end":{}}],"line":47},"1":{"loc":{"start":{"line":51,"column":2},"end":{"line":51,"column":null}},"type":"if","locations":[{"start":{"line":51,"column":2},"end":{"line":51,"column":null}},{"start":{},"end":{}}],"line":51},"2":{"loc":{"start":{"line":62,"column":2},"end":{"line":62,"column":null}},"type":"if","locations":[{"start":{"line":62,"column":2},"end":{"line":62,"column":null}},{"start":{},"end":{}}],"line":62},"3":{"loc":{"start":{"line":63,"column":2},"end":{"line":63,"column":null}},"type":"if","locations":[{"start":{"line":63,"column":2},"end":{"line":63,"column":null}},{"start":{},"end":{}}],"line":63},"4":{"loc":{"start":{"line":68,"column":2},"end":{"line":68,"column":null}},"type":"if","locations":[{"start":{"line":68,"column":2},"end":{"line":68,"column":null}},{"start":{},"end":{}}],"line":68},"5":{"loc":{"start":{"line":69,"column":2},"end":{"line":69,"column":null}},"type":"if","locations":[{"start":{"line":69,"column":2},"end":{"line":69,"column":null}},{"start":{},"end":{}}],"line":69}},"s":{"0":2,"1":2,"2":1,"3":1,"4":1,"5":1,"6":0,"7":1,"8":1,"9":1,"10":0,"11":4,"12":1,"13":3,"14":1,"15":2,"16":3,"17":1,"18":2,"19":0,"20":2,"21":10,"22":10,"23":10,"24":10,"25":10,"26":10,"27":10,"28":10,"29":10,"30":10,"31":10,"32":10,"33":10,"34":10,"35":10,"36":10,"37":10,"38":10,"39":10,"40":10,"41":10,"42":10,"43":10,"44":10,"45":10,"46":10,"47":10,"48":10,"49":10,"50":10},"f":{"0":2,"1":4,"2":3},"b":{"0":[1,1],"1":[0,1],"2":[1,3],"3":[1,2],"4":[1,2],"5":[0,2]},"meta":{"lastBranch":6,"lastFunction":3,"lastStatement":51,"seen":{"f:45:16:45:40":0,"s:46:8:46:46":0,"b:47:2:47:Infinity:undefined:undefined:undefined:undefined":0,"s:47:2:47:Infinity":1,"s:47:32:47:Infinity":2,"s:49:8:49:35":3,"s:50:23:50:Infinity":4,"b:51:2:51:Infinity:undefined:undefined:undefined:undefined":1,"s:51:2:51:Infinity":5,"s:51:21:51:Infinity":6,"s:53:2:57:Infinity":7,"s:54:10:54:59":8,"s:55:4:55:Infinity":9,"s:57:4:57:Infinity":10,"f:61:16:61:31":1,"b:62:2:62:Infinity:undefined:undefined:undefined:undefined":2,"s:62:2:62:Infinity":11,"s:62:33:62:Infinity":12,"b:63:2:63:Infinity:undefined:undefined:undefined:undefined":3,"s:63:2:63:Infinity":13,"s:63:33:63:Infinity":14,"s:64:2:64:Infinity":15,"f:67:16:67:32":2,"b:68:2:68:Infinity:undefined:undefined:undefined:undefined":4,"s:68:2:68:Infinity":16,"s:68:33:68:Infinity":17,"b:69:2:69:Infinity:undefined:undefined:undefined:undefined":5,"s:69:2:69:Infinity":18,"s:69:33:69:Infinity":19,"s:70:2:70:Infinity":20,"s:74:26:74:38":21,"s:75:0:75:Infinity":22,"s:76:0:76:Infinity":23,"s:77:0:77:Infinity":24,"s:78:0:78:Infinity":25,"s:80:0:80:Infinity":26,"s:81:0:81:Infinity":27,"s:83:0:83:Infinity":28,"s:85:0:85:Infinity":29,"s:86:0:86:Infinity":30,"s:88:0:88:Infinity":31,"s:89:0:89:Infinity":32,"s:90:0:90:Infinity":33,"s:91:0:91:Infinity":34,"s:92:0:92:Infinity":35,"s:94:0:94:Infinity":36,"s:95:0:95:Infinity":37,"s:96:0:96:Infinity":38,"s:97:0:97:Infinity":39,"s:98:0:98:Infinity":40,"s:101:0:101:Infinity":41,"s:102:0:102:Infinity":42,"s:103:0:103:Infinity":43,"s:104:0:104:Infinity":44,"s:105:0:105:Infinity":45,"s:108:0:108:Infinity":46,"s:109:0:109:Infinity":47,"s:110:0:110:Infinity":48,"s:112:0:112:Infinity":49,"s:113:0:113:Infinity":50}}}
,"C:\\Users\\matia\\Documents\\proyectos vs\\Practica-I---Alpha\\development\\backend\\src\\routes\\categories.routes.ts": {"path":"C:\\Users\\matia\\Documents\\proyectos vs\\Practica-I---Alpha\\development\\backend\\src\\routes\\categories.routes.ts","statementMap":{"0":{"start":{"line":7,"column":2},"end":{"line":11,"column":null}},"1":{"start":{"line":8,"column":17},"end":{"line":8,"column":49}},"2":{"start":{"line":9,"column":4},"end":{"line":9,"column":null}},"3":{"start":{"line":11,"column":4},"end":{"line":11,"column":null}}},"fnMap":{"0":{"name":"getAllCategoriesAction","decl":{"start":{"line":6,"column":22},"end":{"line":6,"column":45}},"loc":{"start":{"line":6,"column":82},"end":{"line":11,"column":null}},"line":6}},"branchMap":{},"s":{"0":2,"1":2,"2":1,"3":1},"f":{"0":2},"b":{},"meta":{"lastBranch":0,"lastFunction":1,"lastStatement":4,"seen":{"f:6:22:6:45":0,"s:7:2:11:Infinity":0,"s:8:17:8:49":1,"s:9:4:9:Infinity":2,"s:11:4:11:Infinity":3}}}
,"C:\\Users\\matia\\Documents\\proyectos vs\\Practica-I---Alpha\\development\\backend\\src\\routes\\datasets.routes.ts": {"path":"C:\\Users\\matia\\Documents\\proyectos vs\\Practica-I---Alpha\\development\\backend\\src\\routes\\datasets.routes.ts","statementMap":{"0":{"start":{"line":9,"column":2},"end":{"line":25,"column":null}},"1":{"start":{"line":11,"column":22},"end":{"line":11,"column":51}},"2":{"start":{"line":14,"column":25},"end":{"line":14,"column":59}},"3":{"start":{"line":15,"column":20},"end":{"line":15,"column":64}},"4":{"start":{"line":17,"column":16},"end":{"line":17,"column":84}},"5":{"start":{"line":18,"column":19},"end":{"line":18,"column":null}},"6":{"start":{"line":19,"column":17},"end":{"line":19,"column":66}},"7":{"start":{"line":20,"column":18},"end":{"line":20,"column":69}},"8":{"start":{"line":22,"column":19},"end":{"line":22,"column":77}},"9":{"start":{"line":23,"column":4},"end":{"line":23,"column":null}},"10":{"start":{"line":25,"column":4},"end":{"line":25,"column":null}},"11":{"start":{"line":30,"column":2},"end":{"line":41,"column":null}},"12":{"start":{"line":31,"column":22},"end":{"line":31,"column":51}},"13":{"start":{"line":32,"column":25},"end":{"line":32,"column":59}},"14":{"start":{"line":33,"column":20},"end":{"line":33,"column":64}},"15":{"start":{"line":35,"column":17},"end":{"line":35,"column":45}},"16":{"start":{"line":36,"column":23},"end":{"line":36,"column":68}},"17":{"start":{"line":38,"column":16},"end":{"line":38,"column":null}},"18":{"start":{"line":39,"column":4},"end":{"line":39,"column":null}},"19":{"start":{"line":41,"column":4},"end":{"line":41,"column":null}}},"fnMap":{"0":{"name":"getDatasetsAction","decl":{"start":{"line":8,"column":22},"end":{"line":8,"column":40}},"loc":{"start":{"line":8,"column":77},"end":{"line":25,"column":null}},"line":8},"1":{"name":"createDatasetAction","decl":{"start":{"line":29,"column":22},"end":{"line":29,"column":42}},"loc":{"start":{"line":29,"column":79},"end":{"line":41,"column":null}},"line":29}},"branchMap":{"0":{"loc":{"start":{"line":14,"column":25},"end":{"line":14,"column":59}},"type":"binary-expr","locations":[{"start":{"line":14,"column":25},"end":{"line":14,"column":57}},{"start":{"line":14,"column":57},"end":{"line":14,"column":59}}],"line":14},"1":{"loc":{"start":{"line":17,"column":24},"end":{"line":17,"column":39}},"type":"binary-expr","locations":[{"start":{"line":17,"column":24},"end":{"line":17,"column":35}},{"start":{"line":17,"column":35},"end":{"line":17,"column":39}}],"line":17},"2":{"loc":{"start":{"line":17,"column":49},"end":{"line":17,"column":84}},"type":"binary-expr","locations":[{"start":{"line":17,"column":49},"end":{"line":17,"column":70}},{"start":{"line":17,"column":70},"end":{"line":17,"column":84}}],"line":17},"3":{"loc":{"start":{"line":18,"column":19},"end":{"line":18,"column":null}},"type":"binary-expr","locations":[{"start":{"line":18,"column":19},"end":{"line":18,"column":49}},{"start":{"line":18,"column":53},"end":{"line":18,"column":null}}],"line":18},"4":{"loc":{"start":{"line":19,"column":26},"end":{"line":19,"column":63}},"type":"binary-expr","locations":[{"start":{"line":19,"column":26},"end":{"line":19,"column":54}},{"start":{"line":19,"column":58},"end":{"line":19,"column":63}}],"line":19},"5":{"loc":{"start":{"line":20,"column":27},"end":{"line":20,"column":66}},"type":"binary-expr","locations":[{"start":{"line":20,"column":27},"end":{"line":20,"column":56}},{"start":{"line":20,"column":60},"end":{"line":20,"column":66}}],"line":20},"6":{"loc":{"start":{"line":32,"column":25},"end":{"line":32,"column":59}},"type":"binary-expr","locations":[{"start":{"line":32,"column":25},"end":{"line":32,"column":57}},{"start":{"line":32,"column":57},"end":{"line":32,"column":59}}],"line":32},"7":{"loc":{"sta
[...]
start":{"line":84,"column":4},"end":{"line":84,"column":null}}],"line":82},"3":{"loc":{"start":{"line":94,"column":10},"end":{"line":94,"column":null}},"type":"binary-expr","locations":[{"start":{"line":94,"column":10},"end":{"line":94,"column":26}},{"start":{"line":94,"column":26},"end":{"line":94,"column":null}}],"line":94},"4":{"loc":{"start":{"line":96,"column":17},"end":{"line":96,"column":null}},"type":"cond-expr","locations":[{"start":{"line":96,"column":54},"end":{"line":96,"column":76}},{"start":{"line":96,"column":76},"end":{"line":96,"column":null}}],"line":96},"5":{"loc":{"start":{"line":109,"column":4},"end":{"line":115,"column":null}},"type":"if","locations":[{"start":{"line":109,"column":4},"end":{"line":115,"column":null}},{"start":{},"end":{}}],"line":109},"6":{"loc":{"start":{"line":110,"column":6},"end":{"line":113,"column":null}},"type":"binary-expr","locations":[{"start":{"line":110,"column":6},"end":{"line":110,"column":16}},{"start":{"line":111,"column":6},"end":{"line":111,"column":22}},{"start":{"line":112,"column":6},"end":{"line":112,"column":null}},{"start":{"line":113,"column":6},"end":{"line":113,"column":null}}],"line":110},"7":{"loc":{"start":{"line":125,"column":4},"end":{"line":125,"column":null}},"type":"if","locations":[{"start":{"line":125,"column":4},"end":{"line":125,"column":null}},{"start":{},"end":{}}],"line":125}},"s":{"0":14,"1":14,"2":2,"3":1,"4":1,"5":1,"6":1,"7":2,"8":0,"9":1,"10":1,"11":2,"12":2,"13":0,"14":2,"15":0,"16":2,"17":2,"18":2,"19":1,"20":1,"21":2,"22":2,"23":2,"24":2,"25":2,"26":0,"27":1,"28":1,"29":0,"30":1},"f":{"0":2,"1":1,"2":1,"3":1,"4":1,"5":2,"6":0,"7":1,"8":1,"9":2,"10":2},"b":{"0":[0,2],"1":[1,1],"2":[2,2,2],"3":[1,1],"4":[1,0],"5":[0,2],"6":[2,1,1,1],"7":[0,1]},"meta":{"lastBranch":8,"lastFunction":11,"lastStatement":31,"seen":{"s:6:19:6:Infinity":0,"s:7:21:7:Infinity":1,"f:9:9:9:22":0,"s:10:2:10:Infinity":2,"f:13:9:13:47":1,"s:14:2:14:Infinity":3,"f:17:9:17:48":2,"s:18:2:18:Infinity":4,"f:21:9:21:47":3,"s:22:2:26:Infinity":5,"f:29:9:29:48":4,"s:30:2:34:Infinity":6,"f:37:9:37:51":5,"s:38:2:41:Infinity":7,"f:44:9:44:52":6,"s:45:2:48:Infinity":8,"f:51:16:51:32":7,"s:52:2:52:Infinity":9,"f:55:16:55:33":8,"s:56:2:56:Infinity":10,"f:59:16:59:34":9,"s:62:2:69:Infinity":11,"s:63:4:67:Infinity":12,"s:69:4:69:Infinity":13,"b:72:2:73:Infinity:undefined:undefined:undefined:undefined":0,"s:72:2:73:Infinity":14,"s:73:4:73:Infinity":15,"s:77:14:77:33":16,"s:78:20:78:45":17,"b:81:2:86:Infinity:undefined:undefined:undefined:undefined":1,"s:81:2:86:Infinity":18,"b:82:4:82:14:83:4:83:20:84:4:84:Infinity":2,"s:86:4:86:Infinity":19,"s:90:2:97:Infinity":20,"b:94:10:94:26:94:26:94:Infinity":3,"b:96:54:96:76:96:76:96:Infinity":4,"f:100:16:100:35":10,"s:101:2:126:Infinity":21,"s:102:20:102:61":22,"s:105:16:105:35":23,"s:106:22:106:47":24,"b:109:4:115:Infinity:undefined:undefined:undefined:undefined":5,"s:109:4:115:Infinity":25,"b:110:6:110:16:111:6:111:22:112:6:112:Infinity:113:6:113:Infinity":6,"s:115:6:115:Infinity":26,"s:118:4:123:Infinity":27,"b:125:4:125:Infinity:undefined:undefined:undefined:undefined":7,"s:125:4:125:Infinity":28,"s:125:35:125:Infinity":29,"s:126:4:126:Infinity":30}}}
,"C:\\Users\\matia\\Documents\\proyectos vs\\Practica-I---Alpha\\development\\backend\\src\\utils\\mailer.ts": {"path":"C:\\Users\\matia\\Documents\\proyectos vs\\Practica-I---Alpha\\development\\backend\\src\\utils\\mailer.ts","statementMap":{"0":{"start":{"line":4,"column":20},"end":{"line":12,"column":2}},"1":{"start":{"line":14,"column":18},"end":{"line":14,"column":null}},"2":{"start":{"line":15,"column":37},"end":{"line":15,"column":null}},"3":{"start":{"line":18,"column":2},"end":{"line":27,"column":null}},"4":{"start":{"line":19,"column":4},"end":{"line":19,"column":null}},"5":{"start":{"line":20,"column":4},"end":{"line":20,"column":null}},"6":{"start":{"line":21,"column":4},"end":{"line":21,"column":null}},"7":{"start":{"line":22,"column":4},"end":{"line":22,"column":null}},"8":{"start":{"line":24,"column":4},"end":{"line":24,"column":null}},"9":{"start":{"line":25,"column":4},"end":{"line":26,"column":null}},"10":{"start":{"line":27,"column":4},"end":{"line":27,"column":null}},"11":{"start":{"line":32,"column":2},"end":{"line":35,"column":null}},"12":{"start":{"line":39,"column":2},"end":{"line":40,"column":null}},"13":{"start":{"line":40,"column":4},"end":{"line":40,"column":null}},"14":{"start":{"line":43,"column":2},"end":{"line":43,"column":null}},"15":{"start":{"line":45,"column":2},"end":{"line":46,"column":null}},"16":{"start":{"line":46,"column":4},"end":{"line":46,"column":null}},"17":{"start":{"line":54,"column":2},"end":{"line":54,"column":null}},"18":{"start":{"line":56,"column":2},"end":{"line":62,"column":null}},"19":{"start":{"line":69,"column":2},"end":{"line":69,"column":null}},"20":{"start":{"line":71,"column":2},"end":{"line":88,"column":null}}},"fnMap":{"0":{"name":"warmupMailer","decl":{"start":{"line":17,"column":22},"end":{"line":17,"column":52}},"loc":{"start":{"line":17,"column":52},"end":{"line":27,"column":null}},"line":17},"1":{"name":"getMailerHealth","decl":{"start":{"line":31,"column":16},"end":{"line":31,"column":34}},"loc":{"start":{"line":31,"column":34},"end":{"line":35,"column":null}},"line":31},"2":{"name":"ensureMailerReady","decl":{"start":{"line":38,"column":15},"end":{"line":38,"column":50}},"loc":{"start":{"line":38,"column":50},"end":{"line":46,"column":null}},"line":38},"3":{"name":"sendVerificationEmail","decl":{"start":{"line":50,"column":22},"end":{"line":50,"column":null}},"loc":{"start":{"line":53,"column":17},"end":{"line":62,"column":null}},"line":53},"4":{"name":"sendPasswordResetEmail","decl":{"start":{"line":65,"column":22},"end":{"line":65,"column":null}},"loc":{"start":{"line":68,"column":17},"end":{"line":88,"column":null}},"line":68}},"branchMap":{"0":{"loc":{"start":{"line":26,"column":6},"end":{"line":26,"column":null}},"type":"cond-expr","locations":[{"start":{"line":26,"column":31},"end":{"line":26,"column":47}},{"start":{"line":26,"column":47},"end":{"line":26,"column":null}}],"line":26},"1":{"loc":{"start":{"line":39,"column":2},"end":{"line":40,"column":null}},"type":"if","locations":[{"start":{"line":39,"column":2},"end":{"line":40,"column":null}},{"start":{},"end":{}}],"line":39},"2":{"loc":{"start":{"line":45,"column":2},"end":{"line":46,"column":null}},"type":"if","locations":[{"start":{"line":45,"column":2},"end":{"line":46,"column":null}},{"start":{},"end":{}}],"line":45},"3":{"loc":{"start":{"line":46,"column":20},"end":{"line":46,"column":74}},"type":"binary-expr","locations":[{"start":{"line":46,"column":20},"end":{"line":46,"column":39}},{"start":{"line":46,"column":39},"end":{"line":46,"column":74}}],"line":46}},"s":{"0":12,"1":12,"2":12,"3":3,"4":3,"5":3,"6":3,"7":3,"8":0,"9":0,"10":0,"11":1,"12":2,"13":2,"14":0,"15":0,"16":0,"17":1,"18":1,"19":1,"20":1},"f":{"0":3,"1":1,"2":2,"3":1,"4":1},"b":{"0":[0,0],"1":[2,0],"2":[0,0],"3":[0,0]},"meta":{"lastBranch":4,"lastFunction":5,"lastStatement":21,"seen":{"s:4:20:12:2":0,"s:14:18:14:Infinity":1,"s:15:37:15:Infinity":2,"f:17:22:17:52":0,"s:18:2:27:Infinity":3,"s:19:4:19:Infinity":4,"s:20:4:20:Infinity":5,"s:21:4:21:Infinity":6,"s:22:4:22:Infinity":7,"s:24:4:24:Infinity":8,"s:25:4:26:Infinity":9,"b:26:31:26:47:26:47:26:Infinity":0,"s:27:4:27:Infinity":10,"f:31:16:31:34":1,"s:32:2:35:Infinity":11,"f:38:15:38:50":2,"b:39:2:40:Infinity:undefined:undefined:undefined:undefined":1,"s:39:2:40:Infinity":12,"s:40:4:40:Infinity":13,"s:43:2:43:Infinity":14,"b:45:2:46:Infinity:undefined:undefined:undefined:undefined":2,"s:45:2:46:Infinity":15,"s:46:4:46:Infinity":16,"b:46:20:46:39:46:39:46:74":3,"f:50:22:50:Infinity":3,"s:54:2:54:Infinity":17,"s:56:2:62:Infinity":18,"f:65:22:65:Infinity":4,"s:69:2:69:Infinity":19,"s:71:2:88:Infinity":20}}}
,"C:\\Users\\matia\\Documents\\proyectos vs\\Practica-I---Alpha\\development\\backend\\src\\utils\\otp.ts": {"path":"C:\\Users\\matia\\Documents\\proyectos vs\\Practica-I---Alpha\\development\\backend\\src\\utils\\otp.ts","statementMap":{"0":{"start":{"line":4,"column":13},"end":{"line":4,"column":null}},"1":{"start":{"line":6,"column":2},"end":{"line":7,"column":null}},"2":{"start":{"line":6,"column":15},"end":{"line":6,"column":18}},"3":{"start":{"line":7,"column":4},"end":{"line":7,"column":null}},"4":{"start":{"line":10,"column":2},"end":{"line":10,"column":null}},"5":{"start":{"line":14,"column":2},"end":{"line":14,"column":null}}},"fnMap":{"0":{"name":"generateOtpCode","decl":{"start":{"line":3,"column":16},"end":{"line":3,"column":32}},"loc":{"start":{"line":3,"column":52},"end":{"line":10,"column":null}},"line":3},"1":{"name":"hashOtpCode","decl":{"start":{"line":13,"column":16},"end":{"line":13,"column":28}},"loc":{"start":{"line":13,"column":50},"end":{"line":14,"column":null}},"line":13}},"branchMap":{"0":{"loc":{"start":{"line":3,"column":32},"end":{"line":3,"column":52}},"type":"default-arg","locations":[{"start":{"line":3,"column":41},"end":{"line":3,"column":52}}],"line":3}},"s":{"0":4,"1":4,"2":4,"3":22,"4":4,"5":4},"f":{"0":4,"1":4},"b":{"0":[4]},"meta":{"lastBranch":1,"lastFunction":2,"lastStatement":6,"seen":{"f:3:16:3:32":0,"b:3:41:3:52":0,"s:4:13:4:Infinity":0,"s:6:2:7:Infinity":1,"s:6:15:6:18":2,"s:7:4:7:Infinity":3,"s:10:2:10:Infinity":4,"f:13:16:13:28":1,"s:14:2:14:Infinity":5}}}
,"C:\\Users\\matia\\Documents\\proyectos vs\\Practica-I---Alpha\\development\\backend\\src\\utils\\password.ts": {"path":"C:\\Users\\matia\\Documents\\proyectos vs\\Practica-I---Alpha\\development\\backend\\src\\utils\\password.ts","statementMap":{"0":{"start":{"line":3,"column":20},"end":{"line":3,"column":null}},"1":{"start":{"line":6,"column":2},"end":{"line":6,"column":null}},"2":{"start":{"line":13,"column":2},"end":{"line":13,"column":null}}},"fnMap":{"0":{"name":"hashPassword","decl":{"start":{"line":5,"column":22},"end":{"line":5,"column":35}},"loc":{"start":{"line":5,"column":70},"end":{"line":6,"column":null}},"line":5},"1":{"name":"comparePassword","decl":{"start":{"line":9,"column":22},"end":{"line":9,"column":null}},"loc":{"start":{"line":12,"column":20},"end":{"line":13,"column":null}},"line":12}},"branchMap":{},"s":{"0":12,"1":1,"2":1},"f":{"0":1,"1":1},"b":{},"meta":{"lastBranch":0,"lastFunction":2,"lastStatement":3,"seen":{"s:3:20:3:Infinity":0,"f:5:22:5:35":0,"s:6:2:6:Infinity":1,"f:9:22:9:Infinity":1,"s:13:2:13:Infinity":2}}}
,"C:\\Users\\matia\\Documents\\proyectos vs\\Practica-I---Alpha\\development\\backend\\src\\utils\\request-cookies.ts": {"path":"C:\\Users\\matia\\Documents\\proyectos vs\\Practica-I---Alpha\\development\\backend\\src\\utils\\request-cookies.ts","statementMap":{"0":{"start":{"line":4,"column":23},"end":{"line":4,"column":null}},"1":{"start":{"line":6,"column":2},"end":{"line":7,"column":null}},"2":{"start":{"line":7,"column":4},"end":{"line":7,"column":null}},"3":{"start":{"line":10,"column":2},"end":{"line":19,"column":null}},"4":{"start":{"line":11,"column":34},"end":{"line":11,"column":56}},"5":{"start":{"line":13,"column":4},"end":{"line":14,"column":null}},"6":{"start":{"line":14,"column":6},"end":{"line":14,"column":null}},"7":{"start":{"line":17,"column":4},"end":{"line":17,"column":null}},"8":{"start":{"line":18,"column":4},"end":{"line":18,"column":null}}},"fnMap":{"0":{"name":"parseCookies","decl":{"start":{"line":3,"column":16},"end":{"line":3,"column":29}},"loc":{"start":{"line":3,"column":71},"end":{"line":19,"column":null}},"line":3},"1":{"name":"(anonymous_1)","decl":{"start":{"line":10,"column":33},"end":{"line":10,"column":65}},"loc":{"start":{"line":10,"column":79},"end":{"line":19,"column":7}},"line":10}},"branchMap":{"0":{"loc":{"start":{"line":6,"column":2},"end":{"line":7,"column":null}},"type":"if","locations":[{"start":{"line":6,"column":2},"end":{"line":7,"column":null}},{"start":{},"end":{}}],"line":6},"1":{"loc":{"start":{"line":13,"column":4},"end":{"line":14,"column":null}},"type":"if","locations":[{"start":{"line":13,"column":4},"end":{"line":14,"column":null}},{"start":{},"end":{}}],"line":13}},"s":{"0":3,"1":3,"2":1,"3":2,"4":5,"5":5,"6":0,"7":5,"8":5},"f":{"0":3,"1":5},"b":{"0":[1,2],"1":[0,5]},"meta":{"lastBranch":2,"lastFunction":2,"lastStatement":9,"seen":{"f:3:16:3:29":0,"s:4:23:4:Infinity":0,"b:6:2:7:Infinity:undefined:undefined:undefined:undefined":0,"s:6:2:7:Infinity":1,"s:7:4:7:Infinity":2,"s:10:2:19:Infinity":3,"f:10:33:10:65":1,"s:11:34:11:56":4,"b:13:4:14:Infinity:undefined:undefined:undefined:undefined":1,"s:13:4:14:Infinity":5,"s:14:6:14:Infinity":6,"s:17:4:17:Infinity":7,"s:18:4:18:Infinity":8}}}
,"C:\\Users\\matia\\Documents\\proyectos vs\\Practica-I---Alpha\\development\\backend\\src\\utils\\router.ts": {"path":"C:\\Users\\matia\\Documents\\proyectos vs\\Practica-I---Alpha\\development\\backend\\src\\utils\\router.ts","statementMap":{"0":{"start":{"line":13,"column":28},"end":{"line":13,"column":null}},"1":{"start":{"line":16,"column":33},"end":{"line":16,"column":35}},"2":{"start":{"line":19,"column":22},"end":{"line":22,"column":null}},"3":{"start":{"line":20,"column":6},"end":{"line":20,"column":null}},"4":{"start":{"line":21,"column":6},"end":{"line":21,"column":null}},"5":{"start":{"line":24,"column":18},"end":{"line":24,"column":46}},"6":{"start":{"line":26,"column":4},"end":{"line":26,"column":null}},"7":{"start":{"line":30,"column":16},"end":{"line":30,"column":null}},"8":{"start":{"line":32,"column":4},"end":{"line":55,"column":null}},"9":{"start":{"line":33,"column":6},"end":{"line":55,"column":null}},"10":{"start":{"line":35,"column":22},"end":{"line":35,"column":44}},"11":{"start":{"line":37,"column":8},"end":{"line":55,"column":null}},"12":{"start":{"line":39,"column":49},"end":{"line":39,"column":51}},"13":{"start":{"line":40,"column":10},"end":{"line":42,"column":null}},"14":{"start":{"line":41,"column":12},"end":{"line":41,"column":null}},"15":{"start":{"line":45,"column":11},"end":{"line":45,"column":null}},"16":{"start":{"line":48,"column":10},"end":{"line":50,"column":null}},"17":{"start":{"line":49,"column":30},"end":{"line":49,"column":48}},"18":{"start":{"line":50,"column":12},"end":{"line":50,"column":null}},"19":{"start":{"line":50,"column":27},"end":{"line":50,"column":null}},"20":{"start":{"line":54,"column":10},"end":{"line":54,"column":null}},"21":{"start":{"line":55,"column":10},"end":{"line":55,"column":null}},"22":{"start":{"line":60,"column":4},"end":{"line":60,"column":null}}},"fnMap":{"0":{"name":"(anonymous_0)","decl":{"start":{"line":15,"column":2},"end":{"line":15,"column":9}},"loc":{"start":{"line":15,"column":91},"end":{"line":26,"column":null}},"line":15},"1":{"name":"(anonymous_1)","decl":{"start":{"line":19,"column":35},"end":{"line":19,"column":49}},"loc":{"start":{"line":19,"column":66},"end":{"line":22,"column":null}},"line":19},"2":{"name":"(anonymous_2)","decl":{"start":{"line":29,"column":15},"end":{"line":29,"column":22}},"loc":{"start":{"line":29,"column":77},"end":{"line":60,"column":null}},"line":29},"3":{"name":"(anonymous_3)","decl":{"start":{"line":40,"column":27},"end":{"line":40,"column":36}},"loc":{"start":{"line":40,"column":52},"end":{"line":42,"column":null}},"line":40}},"branchMap":{"0":{"loc":{"start":{"line":30,"column":16},"end":{"line":30,"column":null}},"type":"binary-expr","locations":[{"start":{"line":30,"column":16},"end":{"line":30,"column":42}},{"start":{"line":30,"column":42},"end":{"line":30,"column":null}}],"line":30},"1":{"loc":{"start":{"line":33,"column":6},"end":{"line":55,"column":null}},"type":"if","locations":[{"start":{"line":33,"column":6},"end":{"line":55,"column":null}},{"start":{},"end":{}}],"line":33},"2":{"loc":{"start":{"line":37,"column":8},"end":{"line":55,"column":null}},"type":"if","locations":[{"start":{"line":37,"column":8},"end":{"line":55,"column":null}},{"start":{},"end":{}}],"line":37},"3":{"loc":{"start":{"line":50,"column":12},"end":{"line":50,"column":null}},"type":"if","locations":[{"start":{"line":50,"column":12},"end":{"line":50,"column":null}},{"start":{},"end":{}}],"line":50}},"s":{"0":18,"1":298,"2":298,"3":72,"4":72,"5":298,"6":298,"7":8,"8":8,"9":8,"10":7,"11":7,"12":6,"13":6,"14":2,"15":6,"16":6,"17":2,"18":2,"19":1,"20":5,"21":5,"22":2},"f":{"0":298,"1":72,"2":8,"3":2},"b":{"0":[8,1],"1":[7,1],"2":[6,1],"3":[1,1]},"meta":{"lastBranch":4,"lastFunction":4,"lastStatement":23,"seen":{"s:13:28:13:Infinity":0,"f:15:2:15:9":0,"s:16:33:16:35":1,"s:19:22:22:Infinity":2,"f:19:35:19:49":1,"s:20:6:20:Infinity":3,"s:21:6:21:Infinity":4,"s:24:18:24:46":5,"s:26:4:26:Infinity":6,"f:29:15:29:22":2,"s:30:16:30:Infinity":7,"b:30:16:30:42:30:42:30:Infinity":0,"s:32:4:55:Infinity":8,"b:33:6:55:Infinity:undefined:undefined:undefined:undefined":1,"s:33:6:55:Infinity":9,"s:35:22:35:44":10,"b:37:8:55:Infinity:undefined:undefined:undefined:undefined":2,"s:37:8:55:Infinity":11,"s:39:49:39:51":12,"s:40:10:42:Infinity":13,"f:40:27:40:36":3,"s:41:12:41:Infinity":14,"s:45:11:45:Infinity":15,"s:48:10:50:Infinity":16,"s:49:30:49:48":17,"b:50:12:50:Infinity:undefined:undefined:undefined:undefined":3,"s:50:12:50:Infinity":18,"s:50:27:50:Infinity":19,"s:54:10:54:Infinity":20,"s:55:10:55:Infinity":21,"s:60:4:60:Infinity":22}}}
,"C:\\Users\\matia\\Documents\\proyectos vs\\Practica-I---Alpha\\development\\backend\\src\\utils\\token.ts": {"path":"C:\\Users\\matia\\Documents\\proyectos vs\\Practica-I---Alpha\\development\\backend\\src\\utils\\token.ts","statementMap":{"0":{"start":{"line":8,"column":2},"end":{"line":8,"column":null}},"1":{"start":{"line":16,"column":2},"end":{"line":16,"column":null}}},"fnMap":{"0":{"name":"generateSecureToken","decl":{"start":{"line":7,"column":16},"end":{"line":7,"column":36}},"loc":{"start":{"line":7,"column":64},"end":{"line":8,"column":null}},"line":7},"1":{"name":"hashSecureToken","decl":{"start":{"line":15,"column":16},"end":{"line":15,"column":32}},"loc":{"start":{"line":15,"column":55},"end":{"line":16,"column":null}},"line":15}},"branchMap":{"0":{"loc":{"start":{"line":7,"column":36},"end":{"line":7,"column":64}},"type":"default-arg","locations":[{"start":{"line":7,"column":52},"end":{"line":7,"column":64}}],"line":7}},"s":{"0":1,"1":2},"f":{"0":1,"1":2},"b":{"0":[1]},"meta":{"lastBranch":1,"lastFunction":2,"lastStatement":2,"seen":{"f:7:16:7:36":0,"b:7:52:7:64":0,"s:8:2:8:Infinity":0,"f:15:16:15:32":1,"s:16:2:16:Infinity":1}}}
,"C:\\Users\\matia\\Documents\\proyectos vs\\Practica-I---Alpha\\development\\backend\\src\\validators\\auth.validators.ts": {"path":"C:\\Users\\matia\\Documents\\proyectos vs\\Practica-I---Alpha\\development\\backend\\src\\validators\\auth.validators.ts","statementMap":{"0":{"start":{"line":3,"column":30},"end":{"line":17,"column":2}},"1":{"start":{"line":12,"column":26},"end":{"line":12,"column":52}},"2":{"start":{"line":19,"column":27},"end":{"line":27,"column":2}},"3":{"start":{"line":23,"column":26},"end":{"line":23,"column":52}},"4":{"start":{"line":29,"column":32},"end":{"line":37,"column":2}},"5":{"start":{"line":33,"column":26},"end":{"line":33,"column":52}},"6":{"start":{"line":43,"column":40},"end":{"line":45,"column":2}}},"fnMap":{"0":{"name":"(anonymous_0)","decl":{"start":{"line":12,"column":5},"end":{"line":12,"column":16}},"loc":{"start":{"line":12,"column":26},"end":{"line":12,"column":52}},"line":12},"1":{"name":"(anonymous_1)","decl":{"start":{"line":23,"column":5},"end":{"line":23,"column":16}},"loc":{"start":{"line":23,"column":26},"end":{"line":23,"column":52}},"line":23},"2":{"name":"(anonymous_2)","decl":{"start":{"line":33,"column":5},"end":{"line":33,"column":16}},"loc":{"start":{"line":33,"column":26},"end":{"line":33,"column":52}},"line":33}},"branchMap":{},"s":{"0":10,"1":1,"2":10,"3":0,"4":10,"5":0,"6":10},"f":{"0":1,"1":0,"2":0},"b":{},"meta":{"lastBranch":0,"lastFunction":3,"lastStatement":7,"seen":{"s:3:30:17:2":0,"f:12:5:12:16":0,"s:12:26:12:52":1,"s:19:27:27:2":2,"f:23:5:23:16":1,"s:23:26:23:52":3,"s:29:32:37:2":4,"f:33:5:33:16":2,"s:33:26:33:52":5,"s:43:40:45:2":6}}}
}
